2023-09-18 10:55:18.627 [info] Added views:workbench.panel.markers.view in workbench.panel.markers
2023-09-18 10:55:18.627 [info] Added views:workbench.panel.output in workbench.panel.output
2023-09-18 10:55:18.627 [info] Added views:terminal in terminal
2023-09-18 10:55:18.627 [info] Added views:outline in workbench.view.explorer
2023-09-18 10:55:18.627 [info] Added views:workbench.scm in workbench.view.scm
2023-09-18 10:55:18.627 [info] Added views:workbench.view.search in workbench.view.search
2023-09-18 10:55:18.627 [info] Added views:timeline in workbench.view.explorer
2023-09-18 10:55:18.627 [info] Added views:workbench.explorer.fileView in workbench.view.explorer
2023-09-18 10:55:19.060 [info] Added views:workbench.debug.welcome in workbench.view.debug
2023-09-18 10:55:19.229 [info] Added views:bookmarksExplorer,bookmarksHelpAndFeedback in workbench.view.extension.bookmarks
2023-09-18 10:55:19.229 [info] Added views:gitlens.views.home,gitlens.views.workspaces,gitlens.views.account in workbench.view.extension.gitlens
2023-09-18 10:55:19.230 [info] Added views:gitlens.views.commitDetails,gitlens.views.lineHistory,gitlens.views.fileHistory,gitlens.views.searchAndCompare in workbench.view.extension.gitlensInspect
2023-09-18 10:55:19.230 [info] Added views:gitlens.views.commits,gitlens.views.branches,gitlens.views.remotes,gitlens.views.stashes,gitlens.views.tags,gitlens.views.contributors in workbench.view.scm
2023-09-18 10:55:19.231 [info] Added views:dockerContainers,dockerImages,dockerRegistries,dockerNetworks,dockerVolumes,vscode-docker.views.dockerContexts,vscode-docker.views.help in workbench.view.extension.dockerView
2023-09-18 10:55:19.687 [info] Added views:workbench.panel.repl.view in workbench.panel.repl
2023-09-18 10:55:20.552 [info] Added views:~remote.forwardedPorts in ~remote.forwardedPortsContainer
2023-09-18 10:55:21.194 [info] Removed views:gitlens.views.searchAndCompare,gitlens.views.fileHistory,gitlens.views.lineHistory,gitlens.views.commitDetails from workbench.view.extension.gitlensInspect
2023-09-18 10:55:21.195 [info] Removed views:gitlens.views.contributors,gitlens.views.tags,gitlens.views.stashes,gitlens.views.remotes,gitlens.views.branches,gitlens.views.commits from workbench.view.scm
2023-09-18 10:55:44.163 [info] Added views:workbench.views.extensions.installed,workbench.views.extensions.popular,extensions.recommendedList in workbench.view.extensions
2023-09-18 10:55:44.164 [info] Removed views:workbench.views.extensions.popular from workbench.view.extensions
2023-09-18 10:55:46.493 [info] Removed views:extensions.recommendedList,workbench.views.extensions.installed from workbench.view.extensions
2023-09-18 10:55:46.507 [info] Added views:workbench.views.extensions.marketplace in workbench.view.extensions
2023-09-18 10:57:39.998 [info] Added views:jupyter-data-wrangler-code-preview-view in workbench.view.extension.data-wrangler-secondary
2023-09-18 10:57:40.001 [info] Added views:jupyter-data-wrangler-operations-view,jupyter-data-wrangler-summary-view,jupyter-data-wrangler-cleaning-steps-view in workbench.view.extension.data-wrangler-primary
2023-09-18 10:57:49.631 [info] Added views:workbench.view.testing in workbench.view.extension.test
2023-09-18 10:58:54.123 [info] Removed views:jupyter-data-wrangler-code-preview-view from workbench.view.extension.data-wrangler-secondary
2023-09-18 10:58:54.124 [info] Removed views:jupyter-data-wrangler-cleaning-steps-view,jupyter-data-wrangler-summary-view,jupyter-data-wrangler-operations-view from workbench.view.extension.data-wrangler-primary
2023-09-18 10:58:55.574 [info] Added views:jupyter-data-wrangler-code-preview-view in workbench.view.extension.data-wrangler-secondary
2023-09-18 10:58:55.576 [info] Added views:jupyter-data-wrangler-operations-view,jupyter-data-wrangler-summary-view,jupyter-data-wrangler-cleaning-steps-view in workbench.view.extension.data-wrangler-primary
2023-09-18 10:59:00.945 [info] Removed views:jupyter-data-wrangler-code-preview-view from workbench.view.extension.data-wrangler-secondary
2023-09-18 10:59:00.945 [info] Removed views:jupyter-data-wrangler-cleaning-steps-view,jupyter-data-wrangler-summary-view,jupyter-data-wrangler-operations-view from workbench.view.extension.data-wrangler-primary
2023-09-18 10:59:02.284 [info] Added views:jupyter-data-wrangler-code-preview-view in workbench.view.extension.data-wrangler-secondary
2023-09-18 10:59:02.286 [info] Added views:jupyter-data-wrangler-operations-view,jupyter-data-wrangler-summary-view,jupyter-data-wrangler-cleaning-steps-view in workbench.view.extension.data-wrangler-primary
2023-09-18 10:59:03.903 [info] Removed views:jupyter-data-wrangler-code-preview-view from workbench.view.extension.data-wrangler-secondary
2023-09-18 10:59:03.904 [info] Removed views:jupyter-data-wrangler-cleaning-steps-view,jupyter-data-wrangler-summary-view,jupyter-data-wrangler-operations-view from workbench.view.extension.data-wrangler-primary
2023-09-18 10:59:06.411 [info] Added views:jupyter-data-wrangler-code-preview-view in workbench.view.extension.data-wrangler-secondary
2023-09-18 10:59:06.414 [info] Added views:jupyter-data-wrangler-operations-view,jupyter-data-wrangler-summary-view,jupyter-data-wrangler-cleaning-steps-view in workbench.view.extension.data-wrangler-primary
2023-09-18 10:59:19.429 [info] Removed views:jupyter-data-wrangler-code-preview-view from workbench.view.extension.data-wrangler-secondary
2023-09-18 10:59:19.430 [info] Removed views:jupyter-data-wrangler-cleaning-steps-view,jupyter-data-wrangler-summary-view,jupyter-data-wrangler-operations-view from workbench.view.extension.data-wrangler-primary
2023-09-18 10:59:50.051 [info] Removed views:workbench.view.testing from workbench.view.extension.test
