2023-09-18 14:26:35.194 [info] Reading sessions from keychain...
2023-09-18 14:26:35.194 [info] Getting sessions for all scopes...
2023-09-18 14:26:35.194 [info] Getting sessions for user:email...
2023-09-18 14:26:35.194 [info] Got stored sessions!
2023-09-18 14:26:35.194 [info] Got 1 verified sessions.
2023-09-18 14:26:35.194 [info] Got 1 sessions for ...
2023-09-18 14:26:35.194 [info] Got 1 sessions for user:email...
2023-09-18 14:26:35.194 [info] Getting sessions for all scopes...
2023-09-18 14:26:35.194 [info] Got 1 sessions for ...
2023-09-18 14:26:35.194 [info] Getting sessions for read:user...
2023-09-18 14:26:35.194 [info] Got 0 sessions for read:user...
2023-09-18 14:26:35.209 [info] Getting sessions for read:user,repo,user:email,workflow...
2023-09-18 14:26:35.209 [info] Got 0 sessions for read:user,repo,user:email,workflow...
2023-09-18 14:26:35.252 [info] Getting sessions for all scopes...
2023-09-18 14:26:35.253 [info] Got 1 sessions for ...
2023-09-18 14:26:35.317 [info] Getting sessions for user:email...
2023-09-18 14:26:35.317 [info] Got 1 sessions for user:email...
2023-09-18 14:26:35.573 [info] Getting sessions for read:user,repo,user:email...
2023-09-18 14:26:35.573 [info] Got 0 sessions for read:user,repo,user:email...
2023-09-18 14:51:35.990 [info] Getting sessions for read:user...
2023-09-18 14:51:35.991 [info] Got 0 sessions for read:user...
2023-09-18 14:51:35.992 [info] Getting sessions for user:email...
2023-09-18 14:51:35.992 [info] Got 1 sessions for user:email...
2023-09-18 15:16:36.755 [info] Getting sessions for read:user...
2023-09-18 15:16:36.755 [info] Got 0 sessions for read:user...
2023-09-18 15:16:36.757 [info] Getting sessions for user:email...
2023-09-18 15:16:36.757 [info] Got 1 sessions for user:email...
2023-09-18 15:37:33.317 [info] Getting sessions for read:user,repo,user:email...
2023-09-18 15:37:33.318 [info] Got 0 sessions for read:user,repo,user:email...
2023-09-18 15:41:37.217 [info] Getting sessions for read:user...
2023-09-18 15:41:37.217 [info] Got 0 sessions for read:user...
2023-09-18 15:41:37.218 [info] Getting sessions for user:email...
2023-09-18 15:41:37.218 [info] Got 1 sessions for user:email...
2023-09-18 16:06:37.616 [info] Getting sessions for read:user...
2023-09-18 16:06:37.616 [info] Got 0 sessions for read:user...
2023-09-18 16:06:37.617 [info] Getting sessions for user:email...
2023-09-18 16:06:37.617 [info] Got 1 sessions for user:email...
2023-09-18 16:23:34.960 [info] Getting sessions for read:user,repo,user:email...
2023-09-18 16:23:34.960 [info] Got 0 sessions for read:user,repo,user:email...
2023-09-18 16:31:38.284 [info] Getting sessions for read:user...
2023-09-18 16:31:38.284 [info] Got 0 sessions for read:user...
2023-09-18 16:31:38.288 [info] Getting sessions for user:email...
2023-09-18 16:31:38.288 [info] Got 1 sessions for user:email...
2023-09-18 16:56:39.834 [info] Getting sessions for read:user...
2023-09-18 16:56:39.834 [info] Got 0 sessions for read:user...
2023-09-18 16:56:39.838 [info] Getting sessions for user:email...
2023-09-18 16:56:39.838 [info] Got 1 sessions for user:email...
2023-09-18 17:15:15.779 [info] Getting sessions for read:user,repo,user:email...
2023-09-18 17:15:15.779 [info] Got 0 sessions for read:user,repo,user:email...
2023-09-18 17:21:40.255 [info] Getting sessions for read:user...
2023-09-18 17:21:40.256 [info] Got 0 sessions for read:user...
2023-09-18 17:21:40.257 [info] Getting sessions for user:email...
2023-09-18 17:21:40.257 [info] Got 1 sessions for user:email...
2023-09-18 17:46:41.955 [info] Getting sessions for read:user...
2023-09-18 17:46:41.955 [info] Got 0 sessions for read:user...
2023-09-18 17:46:41.959 [info] Getting sessions for user:email...
2023-09-18 17:46:41.959 [info] Got 1 sessions for user:email...
2023-09-18 18:11:42.376 [info] Getting sessions for read:user...
2023-09-18 18:11:42.376 [info] Got 0 sessions for read:user...
2023-09-18 18:11:42.380 [info] Getting sessions for user:email...
2023-09-18 18:11:42.380 [info] Got 1 sessions for user:email...
2023-09-18 18:33:37.290 [info] Getting sessions for read:user,repo,user:email...
2023-09-18 18:33:37.290 [info] Got 0 sessions for read:user,repo,user:email...
2023-09-18 18:36:42.813 [info] Getting sessions for read:user...
2023-09-18 18:36:42.813 [info] Got 0 sessions for read:user...
2023-09-18 18:36:42.814 [info] Getting sessions for user:email...
2023-09-18 18:36:42.814 [info] Got 1 sessions for user:email...
2023-09-18 18:45:42.015 [info] Getting sessions for read:user,repo,user:email...
2023-09-18 18:45:42.015 [info] Got 0 sessions for read:user,repo,user:email...
2023-09-18 19:01:43.385 [info] Getting sessions for read:user...
2023-09-18 19:01:43.385 [info] Got 0 sessions for read:user...
2023-09-18 19:01:43.386 [info] Getting sessions for user:email...
2023-09-18 19:01:43.386 [info] Got 1 sessions for user:email...
2023-09-18 19:26:43.851 [info] Getting sessions for read:user...
2023-09-18 19:26:43.851 [info] Got 0 sessions for read:user...
2023-09-18 19:26:43.852 [info] Getting sessions for user:email...
2023-09-18 19:26:43.852 [info] Got 1 sessions for user:email...
