2023-09-18 18:42:55.871 [info] Added views:workbench.panel.markers.view in workbench.panel.markers
2023-09-18 18:42:55.871 [info] Added views:workbench.panel.output in workbench.panel.output
2023-09-18 18:42:55.871 [info] Added views:terminal in terminal
2023-09-18 18:42:55.871 [info] Added views:outline in workbench.view.explorer
2023-09-18 18:42:55.871 [info] Added views:workbench.scm in workbench.view.scm
2023-09-18 18:42:55.871 [info] Added views:workbench.view.search in workbench.view.search
2023-09-18 18:42:55.871 [info] Added views:timeline in workbench.view.explorer
2023-09-18 18:42:55.871 [info] Added views:workbench.explorer.fileView in workbench.view.explorer
2023-09-18 18:42:56.148 [info] Added views:bookmarksExplorer,bookmarksHelpAndFeedback in workbench.view.extension.bookmarks
2023-09-18 18:42:56.149 [info] Added views:gitlens.views.home,gitlens.views.workspaces,gitlens.views.account in workbench.view.extension.gitlens
2023-09-18 18:42:56.149 [info] Added views:gitlens.views.commitDetails,gitlens.views.lineHistory,gitlens.views.fileHistory,gitlens.views.searchAndCompare in workbench.view.extension.gitlensInspect
2023-09-18 18:42:56.151 [info] Added views:gitlens.views.commits,gitlens.views.branches,gitlens.views.remotes,gitlens.views.stashes,gitlens.views.tags,gitlens.views.contributors in workbench.view.scm
2023-09-18 18:42:56.152 [info] Added views:dockerContainers,dockerImages,dockerRegistries,dockerNetworks,dockerVolumes,vscode-docker.views.dockerContexts,vscode-docker.views.help in workbench.view.extension.dockerView
2023-09-18 18:42:56.202 [info] Added views:workbench.debug.welcome in workbench.view.debug
2023-09-18 18:42:56.366 [info] Added views:workbench.panel.repl.view in workbench.panel.repl
2023-09-18 18:42:56.835 [info] Added views:workbench.view.testing in workbench.view.extension.test
2023-09-18 18:42:57.144 [info] Added views:~remote.forwardedPorts in ~remote.forwardedPortsContainer
2023-09-18 18:42:58.143 [info] Added views:gitlens.views.graph,gitlens.views.graphDetails in workbench.view.extension.gitlensPanel
2023-09-18 18:42:58.143 [info] Added views:gitlens.views.timeline in workbench.view.extension.gitlensInspect
2023-09-18 18:42:58.145 [info] Added views:gitlens.views.worktrees in workbench.view.scm
2023-09-18 19:34:12.915 [info] Removed views:gitlens.views.graphDetails,gitlens.views.graph from workbench.view.extension.gitlensPanel
2023-09-18 19:34:12.915 [info] Removed views:gitlens.views.searchAndCompare,gitlens.views.timeline,gitlens.views.fileHistory,gitlens.views.lineHistory,gitlens.views.commitDetails from workbench.view.extension.gitlensInspect
2023-09-18 19:34:12.917 [info] Removed views:gitlens.views.contributors,gitlens.views.worktrees,gitlens.views.tags,gitlens.views.stashes,gitlens.views.remotes,gitlens.views.branches,gitlens.views.commits from workbench.view.scm
2023-09-18 19:34:13.074 [info] Removed views:workbench.view.testing from workbench.view.extension.test
