2023-09-18 19:39:36.375 [info] Reading sessions from keychain...
2023-09-18 19:39:36.375 [info] Getting sessions for all scopes...
2023-09-18 19:39:36.375 [info] Got stored sessions!
2023-09-18 19:39:36.375 [info] Got 1 verified sessions.
2023-09-18 19:39:36.375 [info] Got 1 sessions for ...
2023-09-18 19:39:36.375 [info] Getting sessions for user:email...
2023-09-18 19:39:36.375 [info] Got 1 sessions for user:email...
2023-09-18 19:39:36.375 [info] Getting sessions for all scopes...
2023-09-18 19:39:36.375 [info] Got 1 sessions for ...
2023-09-18 19:39:36.375 [info] Getting sessions for read:user...
2023-09-18 19:39:36.375 [info] Got 0 sessions for read:user...
2023-09-18 19:39:36.427 [info] Getting sessions for read:user,repo,user:email,workflow...
2023-09-18 19:39:36.427 [info] Got 0 sessions for read:user,repo,user:email,workflow...
2023-09-18 19:39:36.575 [info] Getting sessions for user:email...
2023-09-18 19:39:36.575 [info] Got 1 sessions for user:email...
2023-09-18 19:39:36.575 [info] Getting sessions for all scopes...
2023-09-18 19:39:36.575 [info] Got 1 sessions for ...
2023-09-18 19:39:36.670 [info] Getting sessions for read:user,repo,user:email...
2023-09-18 19:39:36.670 [info] Got 0 sessions for read:user,repo,user:email...
2023-09-18 19:39:58.550 [info] Reading sessions from keychain...
2023-09-18 19:39:58.550 [info] Getting sessions for all scopes...
2023-09-18 19:39:58.550 [info] Got stored sessions!
2023-09-18 19:39:58.550 [info] Got 1 verified sessions.
2023-09-18 19:39:58.550 [info] Got 1 sessions for ...
2023-09-18 19:39:58.550 [info] Getting sessions for user:email...
2023-09-18 19:39:58.551 [info] Got 1 sessions for user:email...
2023-09-18 19:39:58.633 [info] Getting sessions for all scopes...
2023-09-18 19:39:58.633 [info] Got 1 sessions for ...
2023-09-18 19:39:59.276 [info] Getting sessions for all scopes...
2023-09-18 19:39:59.276 [info] Got 1 sessions for ...
2023-09-18 19:39:59.929 [info] Getting sessions for all scopes...
2023-09-18 19:39:59.929 [info] Got 1 sessions for ...
2023-09-18 19:40:00.204 [info] Getting sessions for read:user,repo,user:email,workflow...
2023-09-18 19:40:00.204 [info] Got 0 sessions for read:user,repo,user:email,workflow...
2023-09-18 19:40:00.224 [info] Getting sessions for read:user...
2023-09-18 19:40:00.224 [info] Got 0 sessions for read:user...
2023-09-18 19:40:00.362 [info] Getting sessions for user:email...
2023-09-18 19:40:00.362 [info] Got 1 sessions for user:email...
2023-09-18 19:40:00.934 [info] Getting sessions for read:user,repo,user:email...
2023-09-18 19:40:00.934 [info] Got 0 sessions for read:user,repo,user:email...
