2023-09-18 18:42:58.112 [info] Log level: Info
2023-09-18 18:42:58.112 [info] Validating found git in: "git"
2023-09-18 18:42:58.112 [info] Using git "2.42.0" from "git"
2023-09-18 18:42:58.112 [info] > git rev-parse --show-toplevel [2ms]
2023-09-18 18:42:58.114 [info] > git rev-parse --git-dir --git-common-dir [40ms]
2023-09-18 18:42:58.127 [info] Open repository: /home/rtviii/dev/eukaryotic_ptcs
2023-09-18 18:42:58.162 [info] > git rev-parse --show-toplevel [2ms]
2023-09-18 18:42:58.162 [info] > git config --get commit.template [11ms]
2023-09-18 18:42:58.195 [info] > git rev-parse --show-toplevel [22ms]
2023-09-18 18:42:58.206 [info] > git for-each-ref --format=%(refname)%00%(upstream:short)%00%(objectname)%00%(upstream:track)%00%(upstream:remotename)%00%(upstream:remoteref) refs/heads/master refs/remotes/master [12ms]
2023-09-18 18:42:58.216 [info] > git rev-parse --show-toplevel [11ms]
2023-09-18 18:42:58.369 [info] > git status -z -uall [155ms]
2023-09-18 18:42:58.422 [info] > git config --get commit.template [2ms]
2023-09-18 18:42:58.432 [info] > git for-each-ref --format=%(refname)%00%(upstream:short)%00%(objectname)%00%(upstream:track)%00%(upstream:remotename)%00%(upstream:remoteref) refs/heads/master refs/remotes/master [1ms]
2023-09-18 18:42:58.478 [info] > git fetch [351ms]
2023-09-18 18:42:58.489 [info] > git status -z -uall [48ms] (cancelled)
2023-09-18 18:42:58.491 [info] > git config --get commit.template [3ms]
2023-09-18 18:42:58.503 [info] > git for-each-ref --format=%(refname)%00%(upstream:short)%00%(objectname)%00%(upstream:track)%00%(upstream:remotename)%00%(upstream:remoteref) refs/heads/master refs/remotes/master [1ms]
2023-09-18 18:42:58.680 [info] > git status -z -uall [167ms]
2023-09-18 18:42:58.680 [info] > git check-ignore -v -z --stdin [3ms]
2023-09-18 18:42:58.718 [info] > git show --textconv :scratch_tunnel_workflow.py [17ms]
2023-09-18 18:42:58.719 [info] > git ls-files --stage -- /home/rtviii/dev/eukaryotic_ptcs/scratch_tunnel_workflow.py [2ms]
2023-09-18 18:42:58.732 [info] > git cat-file -s 6be8b992964aa5c6d25dc91657348914dd918683 [1ms]
2023-09-18 18:42:59.752 [info] > git ls-files --stage -- /home/rtviii/dev/eukaryotic_ptcs/scratch_tunnel_workflow.py [1ms]
2023-09-18 18:42:59.759 [info] > git cat-file -s 6be8b992964aa5c6d25dc91657348914dd918683 [1ms]
2023-09-18 18:42:59.767 [info] > git show --textconv :scratch_tunnel_workflow.py [1ms]
2023-09-18 19:34:11.923 [warning] ENOENT: no such file or directory, open '/home/rtviii/dev/eukaryotic_ptcs/.git/HEAD'
2023-09-18 19:34:11.948 [warning] getRemotes() - ENOENT: no such file or directory, open '/home/rtviii/dev/eukaryotic_ptcs/.git/config'
2023-09-18 19:34:11.972 [warning] ENOENT: no such file or directory, open '/home/rtviii/dev/eukaryotic_ptcs/.git/HEAD'
2023-09-18 19:34:11.994 [warning] getRemotes() - ENOENT: no such file or directory, open '/home/rtviii/dev/eukaryotic_ptcs/.git/config'
2023-09-18 19:34:12.014 [warning] ENOENT: no such file or directory, open '/home/rtviii/dev/eukaryotic_ptcs/.git/HEAD'
2023-09-18 19:34:12.033 [warning] getRemotes() - ENOENT: no such file or directory, open '/home/rtviii/dev/eukaryotic_ptcs/.git/config'
