2023-09-18 11:00:47.213 [info] Experiment 'pythonPromptNewFormatterExt' is active
2023-09-18 11:00:47.213 [info] Experiment 'pythonPromptNewToolsExt' is active
2023-09-18 11:00:47.213 [info] Experiment 'pythonTestAdaptercf' is active
2023-09-18 11:00:47.213 [info] Test server listening.
2023-09-18 11:00:47.213 [warning] Failed to check if /home/rxz/dev/micellevenv is an executable [Error: ENOENT: no such file or directory, lstat '/home/rxz/dev/micellevenv'] {
  errno: -2,
  code: 'ENOENT',
  syscall: 'lstat',
  path: '/home/rxz/dev/micellevenv'
}
2023-09-18 11:00:47.213 [warning] Failed to check if /home/rxz/dev/micellevenv is an executable [Error: ENOENT: no such file or directory, lstat '/home/rxz/dev/micellevenv'] {
  errno: -2,
  code: 'ENOENT',
  syscall: 'lstat',
  path: '/home/rxz/dev/micellevenv'
}
2023-09-18 11:00:47.213 [info] > conda info --json
2023-09-18 11:00:47.213 [warning] Failed to check if /home/rxz/dev/micellevenv is an executable [Error: ENOENT: no such file or directory, lstat '/home/rxz/dev/micellevenv'] {
  errno: -2,
  code: 'ENOENT',
  syscall: 'lstat',
  path: '/home/rxz/dev/micellevenv'
}
2023-09-18 11:00:47.213 [warning] Failed to check if /home/rxz/dev/micellevenv is an executable [Error: ENOENT: no such file or directory, lstat '/home/rxz/dev/micellevenv'] {
  errno: -2,
  code: 'ENOENT',
  syscall: 'lstat',
  path: '/home/rxz/dev/micellevenv'
}
2023-09-18 11:00:47.244 [info] Found: /bin/python --> /bin/python3.11
2023-09-18 11:00:47.259 [info] Found: /bin/python3 --> /bin/python3.11
2023-09-18 11:00:47.260 [info] Found: /bin/python3.11 --> /bin/python3.11
2023-09-18 11:00:47.262 [warning] Identifier for virt-virtualenv failed to identify /home/rxz/dev/micellevenv [Error: ENOENT: no such file or directory, scandir '/home/rxz/dev'] {
  errno: -2,
  code: 'ENOENT',
  syscall: 'scandir',
  path: '/home/rxz/dev'
}
2023-09-18 11:00:47.262 [warning] Identifier for virt-virtualenv failed to identify /home/rxz/dev/micellevenv [Error: ENOENT: no such file or directory, scandir '/home/rxz/dev'] {
  errno: -2,
  code: 'ENOENT',
  syscall: 'scandir',
  path: '/home/rxz/dev'
}
2023-09-18 11:00:47.262 [warning] Identifier for virt-virtualenv failed to identify /home/rxz/dev/micellevenv [Error: ENOENT: no such file or directory, scandir '/home/rxz/dev'] {
  errno: -2,
  code: 'ENOENT',
  syscall: 'scandir',
  path: '/home/rxz/dev'
}
2023-09-18 11:00:47.262 [warning] Identifier for virt-virtualenv failed to identify /home/rxz/dev/micellevenv [Error: ENOENT: no such file or directory, scandir '/home/rxz/dev'] {
  errno: -2,
  code: 'ENOENT',
  syscall: 'scandir',
  path: '/home/rxz/dev'
}
2023-09-18 11:00:47.305 [info] > /home/rxz/dev/micellevenv -I ~/.vscode/extensions/ms-python.python-2023.16.0/pythonFiles/get_output_via_markers.py ~/.vscode/extensions/ms-python.python-2023.16.0/pythonFiles/interpreterInfo.py
2023-09-18 11:00:47.326 [info] > ./venv/bin/python -I ~/.vscode/extensions/ms-python.python-2023.16.0/pythonFiles/get_output_via_markers.py ~/.vscode/extensions/ms-python.python-2023.16.0/pythonFiles/interpreterInfo.py
2023-09-18 11:00:47.327 [error] Error: Command failed: /home/rxz/dev/micellevenv -I /home/rtviii/.vscode/extensions/ms-python.python-2023.16.0/pythonFiles/get_output_via_markers.py /home/rtviii/.vscode/extensions/ms-python.python-2023.16.0/pythonFiles/interpreterInfo.py
/bin/sh: line 1: /home/rxz/dev/micellevenv: No such file or directory

    at ChildProcess.exithandler (node:child_process:431:12)
    at ChildProcess.emit (node:events:513:28)
    at maybeClose (node:internal/child_process:1091:16)
    at Socket.<anonymous> (node:internal/child_process:449:11)
    at Socket.emit (node:events:513:28)
    at Pipe.<anonymous> (node:net:322:12) {
  code: 127,
  killed: false,
  signal: null,
  cmd: '/home/rxz/dev/micellevenv -I /home/rtviii/.vscode/extensions/ms-python.python-2023.16.0/pythonFiles/get_output_via_markers.py /home/rtviii/.vscode/extensions/ms-python.python-2023.16.0/pythonFiles/interpreterInfo.py'
}
2023-09-18 11:00:47.327 [info] Found: /sbin/python --> /sbin/python3.11
2023-09-18 11:00:47.328 [info] Found: /sbin/python3 --> /sbin/python3.11
2023-09-18 11:00:47.328 [info] Found: /sbin/python3.11 --> /sbin/python3.11
2023-09-18 11:00:47.331 [info] Found: /usr/bin/python --> /usr/bin/python3.11
2023-09-18 11:00:47.332 [info] Found: /usr/bin/python3 --> /usr/bin/python3.11
2023-09-18 11:00:47.332 [info] Found: /usr/bin/python3.11 --> /usr/bin/python3.11
2023-09-18 11:00:47.350 [info] Found: /usr/sbin/python --> /usr/sbin/python3.11
2023-09-18 11:00:47.350 [info] Found: /usr/sbin/python3 --> /usr/sbin/python3.11
2023-09-18 11:00:47.350 [info] Found: /usr/sbin/python3.11 --> /usr/sbin/python3.11
2023-09-18 11:00:47.369 [info] > /bin/python -I ~/.vscode/extensions/ms-python.python-2023.16.0/pythonFiles/get_output_via_markers.py ~/.vscode/extensions/ms-python.python-2023.16.0/pythonFiles/interpreterInfo.py
2023-09-18 11:00:47.399 [info] > /sbin/python -I ~/.vscode/extensions/ms-python.python-2023.16.0/pythonFiles/get_output_via_markers.py ~/.vscode/extensions/ms-python.python-2023.16.0/pythonFiles/interpreterInfo.py
2023-09-18 11:00:47.419 [info] > /usr/bin/python -I ~/.vscode/extensions/ms-python.python-2023.16.0/pythonFiles/get_output_via_markers.py ~/.vscode/extensions/ms-python.python-2023.16.0/pythonFiles/interpreterInfo.py
2023-09-18 11:00:47.441 [info] > /usr/sbin/python -I ~/.vscode/extensions/ms-python.python-2023.16.0/pythonFiles/get_output_via_markers.py ~/.vscode/extensions/ms-python.python-2023.16.0/pythonFiles/interpreterInfo.py
2023-09-18 11:00:47.476 [warning] Failed to check if /home/rxz/dev/micellevenv is an executable [Error: ENOENT: no such file or directory, lstat '/home/rxz/dev/micellevenv'] {
  errno: -2,
  code: 'ENOENT',
  syscall: 'lstat',
  path: '/home/rxz/dev/micellevenv'
}
2023-09-18 11:00:47.476 [warning] Failed to check if /home/rxz/dev/micellevenv is an executable [Error: ENOENT: no such file or directory, lstat '/home/rxz/dev/micellevenv'] {
  errno: -2,
  code: 'ENOENT',
  syscall: 'lstat',
  path: '/home/rxz/dev/micellevenv'
}
2023-09-18 11:00:47.476 [warning] Failed to check if /home/rxz/dev/micellevenv is an executable [Error: ENOENT: no such file or directory, lstat '/home/rxz/dev/micellevenv'] {
  errno: -2,
  code: 'ENOENT',
  syscall: 'lstat',
  path: '/home/rxz/dev/micellevenv'
}
2023-09-18 11:00:47.478 [warning] Identifier for virt-virtualenv failed to identify /home/rxz/dev/micellevenv [Error: ENOENT: no such file or directory, scandir '/home/rxz/dev'] {
  errno: -2,
  code: 'ENOENT',
  syscall: 'scandir',
  path: '/home/rxz/dev'
}
2023-09-18 11:00:47.478 [warning] Identifier for virt-virtualenv failed to identify /home/rxz/dev/micellevenv [Error: ENOENT: no such file or directory, scandir '/home/rxz/dev'] {
  errno: -2,
  code: 'ENOENT',
  syscall: 'scandir',
  path: '/home/rxz/dev'
}
2023-09-18 11:00:47.478 [warning] Identifier for virt-virtualenv failed to identify /home/rxz/dev/micellevenv [Error: ENOENT: no such file or directory, scandir '/home/rxz/dev'] {
  errno: -2,
  code: 'ENOENT',
  syscall: 'scandir',
  path: '/home/rxz/dev'
}
2023-09-18 11:00:48.681 [warning] Failed to check if /home/rxz/dev/micellevenv is an executable [Error: ENOENT: no such file or directory, lstat '/home/rxz/dev/micellevenv'] {
  errno: -2,
  code: 'ENOENT',
  syscall: 'lstat',
  path: '/home/rxz/dev/micellevenv'
}
2023-09-18 11:00:48.685 [warning] Identifier for virt-virtualenv failed to identify /home/rxz/dev/micellevenv [Error: ENOENT: no such file or directory, scandir '/home/rxz/dev'] {
  errno: -2,
  code: 'ENOENT',
  syscall: 'scandir',
  path: '/home/rxz/dev'
}
2023-09-18 11:00:49.344 [info] > /home/rxz/dev/micellevenv -I ~/.vscode/extensions/ms-python.python-2023.16.0/pythonFiles/get_output_via_markers.py ~/.vscode/extensions/ms-python.python-2023.16.0/pythonFiles/interpreterInfo.py
2023-09-18 11:00:49.366 [info] > . ./venv/bin/activate && echo 'e8b39361-0157-4923-80e1-22d70d46dee6' && python ~/.vscode/extensions/ms-python.python-2023.16.0/pythonFiles/printEnvVariables.py
2023-09-18 11:00:49.366 [info] shell: bash
2023-09-18 11:00:49.374 [error] Error: Command failed: /home/rxz/dev/micellevenv -I /home/rtviii/.vscode/extensions/ms-python.python-2023.16.0/pythonFiles/get_output_via_markers.py /home/rtviii/.vscode/extensions/ms-python.python-2023.16.0/pythonFiles/interpreterInfo.py
/bin/sh: line 1: /home/rxz/dev/micellevenv: No such file or directory

    at ChildProcess.exithandler (node:child_process:431:12)
    at ChildProcess.emit (node:events:513:28)
    at maybeClose (node:internal/child_process:1091:16)
    at Socket.<anonymous> (node:internal/child_process:449:11)
    at Socket.emit (node:events:513:28)
    at Pipe.<anonymous> (node:net:322:12) {
  code: 127,
  killed: false,
  signal: null,
  cmd: '/home/rxz/dev/micellevenv -I /home/rtviii/.vscode/extensions/ms-python.python-2023.16.0/pythonFiles/get_output_via_markers.py /home/rtviii/.vscode/extensions/ms-python.python-2023.16.0/pythonFiles/interpreterInfo.py'
}
2023-09-18 11:00:49.781 [warning] Failed to check if /home/rxz/dev/micellevenv is an executable [Error: ENOENT: no such file or directory, lstat '/home/rxz/dev/micellevenv'] {
  errno: -2,
  code: 'ENOENT',
  syscall: 'lstat',
  path: '/home/rxz/dev/micellevenv'
}
2023-09-18 11:00:49.797 [info] > . ./venv/bin/activate && echo 'e8b39361-0157-4923-80e1-22d70d46dee6' && python ~/.vscode/extensions/ms-python.python-2023.16.0/pythonFiles/printEnvVariables.py
2023-09-18 11:00:49.797 [info] shell: bash
2023-09-18 11:00:49.871 [warning] Identifier for virt-virtualenv failed to identify /home/rxz/dev/micellevenv [Error: ENOENT: no such file or directory, scandir '/home/rxz/dev'] {
  errno: -2,
  code: 'ENOENT',
  syscall: 'scandir',
  path: '/home/rxz/dev'
}
2023-09-18 11:00:50.769 [info] Starting Pylance language server.
2023-09-18 11:00:50.772 [warning] Failed to check if /home/rxz/dev/micellevenv is an executable [Error: ENOENT: no such file or directory, lstat '/home/rxz/dev/micellevenv'] {
  errno: -2,
  code: 'ENOENT',
  syscall: 'lstat',
  path: '/home/rxz/dev/micellevenv'
}
2023-09-18 11:00:50.773 [warning] Failed to check if /home/rxz/dev/micellevenv is an executable [Error: ENOENT: no such file or directory, lstat '/home/rxz/dev/micellevenv'] {
  errno: -2,
  code: 'ENOENT',
  syscall: 'lstat',
  path: '/home/rxz/dev/micellevenv'
}
2023-09-18 11:00:50.776 [warning] Failed to check if /home/rxz/dev/micellevenv is an executable [Error: ENOENT: no such file or directory, lstat '/home/rxz/dev/micellevenv'] {
  errno: -2,
  code: 'ENOENT',
  syscall: 'lstat',
  path: '/home/rxz/dev/micellevenv'
}
2023-09-18 11:00:50.777 [warning] Identifier for virt-virtualenv failed to identify /home/rxz/dev/micellevenv [Error: ENOENT: no such file or directory, scandir '/home/rxz/dev'] {
  errno: -2,
  code: 'ENOENT',
  syscall: 'scandir',
  path: '/home/rxz/dev'
}
2023-09-18 11:00:50.777 [warning] Identifier for virt-virtualenv failed to identify /home/rxz/dev/micellevenv [Error: ENOENT: no such file or directory, scandir '/home/rxz/dev'] {
  errno: -2,
  code: 'ENOENT',
  syscall: 'scandir',
  path: '/home/rxz/dev'
}
2023-09-18 11:00:50.781 [warning] Identifier for virt-virtualenv failed to identify /home/rxz/dev/micellevenv [Error: ENOENT: no such file or directory, scandir '/home/rxz/dev'] {
  errno: -2,
  code: 'ENOENT',
  syscall: 'scandir',
  path: '/home/rxz/dev'
}
2023-09-18 11:00:50.784 [warning] Failed to check if /home/rxz/dev/micellevenv is an executable [Error: ENOENT: no such file or directory, lstat '/home/rxz/dev/micellevenv'] {
  errno: -2,
  code: 'ENOENT',
  syscall: 'lstat',
  path: '/home/rxz/dev/micellevenv'
}
2023-09-18 11:00:50.786 [warning] Identifier for virt-virtualenv failed to identify /home/rxz/dev/micellevenv [Error: ENOENT: no such file or directory, scandir '/home/rxz/dev'] {
  errno: -2,
  code: 'ENOENT',
  syscall: 'scandir',
  path: '/home/rxz/dev'
}
2023-09-18 11:00:58.671 [info] Discover tests for workspace name: weber - uri: /home/rtviii/dev/weber/venv/lib/python3.11/site-packages/numpy/f2py/setup.cfg
2023-09-18 11:00:59.917 [info] Discover tests for workspace name: weber - uri: /home/rtviii/dev/weber/venv/lib/python3.11/site-packages/pandas/pyproject.toml
2023-09-18 11:02:56.171 [warning] Failed to check if /home/rxz/dev/micellevenv is an executable [Error: ENOENT: no such file or directory, lstat '/home/rxz/dev/micellevenv'] {
  errno: -2,
  code: 'ENOENT',
  syscall: 'lstat',
  path: '/home/rxz/dev/micellevenv'
}
2023-09-18 11:02:56.172 [warning] Identifier for virt-virtualenv failed to identify /home/rxz/dev/micellevenv [Error: ENOENT: no such file or directory, scandir '/home/rxz/dev'] {
  errno: -2,
  code: 'ENOENT',
  syscall: 'scandir',
  path: '/home/rxz/dev'
}
2023-09-18 11:02:56.173 [warning] Failed to check if /home/rxz/dev/micellevenv is an executable [Error: ENOENT: no such file or directory, lstat '/home/rxz/dev/micellevenv'] {
  errno: -2,
  code: 'ENOENT',
  syscall: 'lstat',
  path: '/home/rxz/dev/micellevenv'
}
2023-09-18 11:02:56.174 [warning] Identifier for virt-virtualenv failed to identify /home/rxz/dev/micellevenv [Error: ENOENT: no such file or directory, scandir '/home/rxz/dev'] {
  errno: -2,
  code: 'ENOENT',
  syscall: 'scandir',
  path: '/home/rxz/dev'
}
2023-09-18 11:02:57.340 [warning] Failed to check if /home/rxz/dev/micellevenv is an executable [Error: ENOENT: no such file or directory, lstat '/home/rxz/dev/micellevenv'] {
  errno: -2,
  code: 'ENOENT',
  syscall: 'lstat',
  path: '/home/rxz/dev/micellevenv'
}
2023-09-18 11:02:57.343 [warning] Identifier for virt-virtualenv failed to identify /home/rxz/dev/micellevenv [Error: ENOENT: no such file or directory, scandir '/home/rxz/dev'] {
  errno: -2,
  code: 'ENOENT',
  syscall: 'scandir',
  path: '/home/rxz/dev'
}
2023-09-18 11:02:57.349 [warning] Failed to check if /home/rxz/dev/micellevenv is an executable [Error: ENOENT: no such file or directory, lstat '/home/rxz/dev/micellevenv'] {
  errno: -2,
  code: 'ENOENT',
  syscall: 'lstat',
  path: '/home/rxz/dev/micellevenv'
}
2023-09-18 11:02:57.350 [warning] Identifier for virt-virtualenv failed to identify /home/rxz/dev/micellevenv [Error: ENOENT: no such file or directory, scandir '/home/rxz/dev'] {
  errno: -2,
  code: 'ENOENT',
  syscall: 'scandir',
  path: '/home/rxz/dev'
}
2023-09-18 11:02:57.351 [warning] Failed to check if /home/rxz/dev/micellevenv is an executable [Error: ENOENT: no such file or directory, lstat '/home/rxz/dev/micellevenv'] {
  errno: -2,
  code: 'ENOENT',
  syscall: 'lstat',
  path: '/home/rxz/dev/micellevenv'
}
2023-09-18 11:02:57.352 [warning] Identifier for virt-virtualenv failed to identify /home/rxz/dev/micellevenv [Error: ENOENT: no such file or directory, scandir '/home/rxz/dev'] {
  errno: -2,
  code: 'ENOENT',
  syscall: 'scandir',
  path: '/home/rxz/dev'
}
2023-09-18 11:05:58.443 [warning] Failed to check if /home/rxz/dev/micellevenv is an executable [Error: ENOENT: no such file or directory, lstat '/home/rxz/dev/micellevenv'] {
  errno: -2,
  code: 'ENOENT',
  syscall: 'lstat',
  path: '/home/rxz/dev/micellevenv'
}
2023-09-18 11:05:58.529 [warning] Failed to check if /home/rxz/dev/micellevenv is an executable [Error: ENOENT: no such file or directory, lstat '/home/rxz/dev/micellevenv'] {
  errno: -2,
  code: 'ENOENT',
  syscall: 'lstat',
  path: '/home/rxz/dev/micellevenv'
}
2023-09-18 11:05:58.540 [warning] Failed to check if /home/rxz/dev/micellevenv is an executable [Error: ENOENT: no such file or directory, lstat '/home/rxz/dev/micellevenv'] {
  errno: -2,
  code: 'ENOENT',
  syscall: 'lstat',
  path: '/home/rxz/dev/micellevenv'
}
2023-09-18 11:05:58.542 [warning] Identifier for virt-virtualenv failed to identify /home/rxz/dev/micellevenv [Error: ENOENT: no such file or directory, scandir '/home/rxz/dev'] {
  errno: -2,
  code: 'ENOENT',
  syscall: 'scandir',
  path: '/home/rxz/dev'
}
2023-09-18 11:05:58.543 [warning] Identifier for virt-virtualenv failed to identify /home/rxz/dev/micellevenv [Error: ENOENT: no such file or directory, scandir '/home/rxz/dev'] {
  errno: -2,
  code: 'ENOENT',
  syscall: 'scandir',
  path: '/home/rxz/dev'
}
2023-09-18 11:05:58.544 [warning] Identifier for virt-virtualenv failed to identify /home/rxz/dev/micellevenv [Error: ENOENT: no such file or directory, scandir '/home/rxz/dev'] {
  errno: -2,
  code: 'ENOENT',
  syscall: 'scandir',
  path: '/home/rxz/dev'
}
2023-09-18 11:06:02.756 [warning] Failed to check if /home/rxz/dev/micellevenv is an executable [Error: ENOENT: no such file or directory, lstat '/home/rxz/dev/micellevenv'] {
  errno: -2,
  code: 'ENOENT',
  syscall: 'lstat',
  path: '/home/rxz/dev/micellevenv'
}
2023-09-18 11:06:02.758 [warning] Identifier for virt-virtualenv failed to identify /home/rxz/dev/micellevenv [Error: ENOENT: no such file or directory, scandir '/home/rxz/dev'] {
  errno: -2,
  code: 'ENOENT',
  syscall: 'scandir',
  path: '/home/rxz/dev'
}
2023-09-18 11:06:04.268 [warning] Failed to check if /home/rxz/dev/micellevenv is an executable [Error: ENOENT: no such file or directory, lstat '/home/rxz/dev/micellevenv'] {
  errno: -2,
  code: 'ENOENT',
  syscall: 'lstat',
  path: '/home/rxz/dev/micellevenv'
}
2023-09-18 11:06:04.272 [warning] Identifier for virt-virtualenv failed to identify /home/rxz/dev/micellevenv [Error: ENOENT: no such file or directory, scandir '/home/rxz/dev'] {
  errno: -2,
  code: 'ENOENT',
  syscall: 'scandir',
  path: '/home/rxz/dev'
}
2023-09-18 11:06:23.998 [warning] Failed to check if /home/rxz/dev/micellevenv is an executable [Error: ENOENT: no such file or directory, lstat '/home/rxz/dev/micellevenv'] {
  errno: -2,
  code: 'ENOENT',
  syscall: 'lstat',
  path: '/home/rxz/dev/micellevenv'
}
2023-09-18 11:06:24.000 [warning] Identifier for virt-virtualenv failed to identify /home/rxz/dev/micellevenv [Error: ENOENT: no such file or directory, scandir '/home/rxz/dev'] {
  errno: -2,
  code: 'ENOENT',
  syscall: 'scandir',
  path: '/home/rxz/dev'
}
2023-09-18 11:15:59.684 [warning] Failed to check if /home/rxz/dev/micellevenv is an executable [Error: ENOENT: no such file or directory, lstat '/home/rxz/dev/micellevenv'] {
  errno: -2,
  code: 'ENOENT',
  syscall: 'lstat',
  path: '/home/rxz/dev/micellevenv'
}
2023-09-18 11:15:59.686 [warning] Identifier for virt-virtualenv failed to identify /home/rxz/dev/micellevenv [Error: ENOENT: no such file or directory, scandir '/home/rxz/dev'] {
  errno: -2,
  code: 'ENOENT',
  syscall: 'scandir',
  path: '/home/rxz/dev'
}
2023-09-18 11:15:59.707 [warning] Failed to check if /home/rxz/dev/micellevenv is an executable [Error: ENOENT: no such file or directory, lstat '/home/rxz/dev/micellevenv'] {
  errno: -2,
  code: 'ENOENT',
  syscall: 'lstat',
  path: '/home/rxz/dev/micellevenv'
}
2023-09-18 11:15:59.709 [warning] Identifier for virt-virtualenv failed to identify /home/rxz/dev/micellevenv [Error: ENOENT: no such file or directory, scandir '/home/rxz/dev'] {
  errno: -2,
  code: 'ENOENT',
  syscall: 'scandir',
  path: '/home/rxz/dev'
}
2023-09-18 11:18:42.231 [warning] Failed to check if /home/rxz/dev/micellevenv is an executable [Error: ENOENT: no such file or directory, lstat '/home/rxz/dev/micellevenv'] {
  errno: -2,
  code: 'ENOENT',
  syscall: 'lstat',
  path: '/home/rxz/dev/micellevenv'
}
2023-09-18 11:18:42.235 [warning] Identifier for virt-virtualenv failed to identify /home/rxz/dev/micellevenv [Error: ENOENT: no such file or directory, scandir '/home/rxz/dev'] {
  errno: -2,
  code: 'ENOENT',
  syscall: 'scandir',
  path: '/home/rxz/dev'
}
2023-09-18 11:19:11.538 [warning] Failed to check if /home/rxz/dev/micellevenv is an executable [Error: ENOENT: no such file or directory, lstat '/home/rxz/dev/micellevenv'] {
  errno: -2,
  code: 'ENOENT',
  syscall: 'lstat',
  path: '/home/rxz/dev/micellevenv'
}
2023-09-18 11:19:11.542 [warning] Identifier for virt-virtualenv failed to identify /home/rxz/dev/micellevenv [Error: ENOENT: no such file or directory, scandir '/home/rxz/dev'] {
  errno: -2,
  code: 'ENOENT',
  syscall: 'scandir',
  path: '/home/rxz/dev'
}
2023-09-18 11:21:14.159 [warning] Failed to check if /home/rxz/dev/micellevenv is an executable [Error: ENOENT: no such file or directory, lstat '/home/rxz/dev/micellevenv'] {
  errno: -2,
  code: 'ENOENT',
  syscall: 'lstat',
  path: '/home/rxz/dev/micellevenv'
}
2023-09-18 11:21:14.162 [warning] Identifier for virt-virtualenv failed to identify /home/rxz/dev/micellevenv [Error: ENOENT: no such file or directory, scandir '/home/rxz/dev'] {
  errno: -2,
  code: 'ENOENT',
  syscall: 'scandir',
  path: '/home/rxz/dev'
}
2023-09-18 11:22:14.639 [warning] Failed to check if /home/rxz/dev/micellevenv is an executable [Error: ENOENT: no such file or directory, lstat '/home/rxz/dev/micellevenv'] {
  errno: -2,
  code: 'ENOENT',
  syscall: 'lstat',
  path: '/home/rxz/dev/micellevenv'
}
2023-09-18 11:22:14.640 [warning] Identifier for virt-virtualenv failed to identify /home/rxz/dev/micellevenv [Error: ENOENT: no such file or directory, scandir '/home/rxz/dev'] {
  errno: -2,
  code: 'ENOENT',
  syscall: 'scandir',
  path: '/home/rxz/dev'
}
2023-09-18 11:22:14.954 [info] Discover tests for workspace name: undefined - uri: /home/rtviii/.config/Code/User/settings.json
2023-09-18 11:22:21.444 [warning] Failed to check if /home/rxz/dev/micellevenv is an executable [Error: ENOENT: no such file or directory, lstat '/home/rxz/dev/micellevenv'] {
  errno: -2,
  code: 'ENOENT',
  syscall: 'lstat',
  path: '/home/rxz/dev/micellevenv'
}
2023-09-18 11:22:21.448 [warning] Identifier for virt-virtualenv failed to identify /home/rxz/dev/micellevenv [Error: ENOENT: no such file or directory, scandir '/home/rxz/dev'] {
  errno: -2,
  code: 'ENOENT',
  syscall: 'scandir',
  path: '/home/rxz/dev'
}
2023-09-18 11:23:58.709 [warning] Failed to check if /home/rxz/dev/micellevenv is an executable [Error: ENOENT: no such file or directory, lstat '/home/rxz/dev/micellevenv'] {
  errno: -2,
  code: 'ENOENT',
  syscall: 'lstat',
  path: '/home/rxz/dev/micellevenv'
}
2023-09-18 11:23:58.709 [warning] Identifier for virt-virtualenv failed to identify /home/rxz/dev/micellevenv [Error: ENOENT: no such file or directory, scandir '/home/rxz/dev'] {
  errno: -2,
  code: 'ENOENT',
  syscall: 'scandir',
  path: '/home/rxz/dev'
}
2023-09-18 11:23:58.980 [info] Discover tests for workspace name: undefined - uri: /home/rtviii/.config/Code/User/settings.json
2023-09-18 11:24:47.985 [warning] Failed to check if /home/rxz/dev/micellevenv is an executable [Error: ENOENT: no such file or directory, lstat '/home/rxz/dev/micellevenv'] {
  errno: -2,
  code: 'ENOENT',
  syscall: 'lstat',
  path: '/home/rxz/dev/micellevenv'
}
2023-09-18 11:24:47.989 [warning] Identifier for virt-virtualenv failed to identify /home/rxz/dev/micellevenv [Error: ENOENT: no such file or directory, scandir '/home/rxz/dev'] {
  errno: -2,
  code: 'ENOENT',
  syscall: 'scandir',
  path: '/home/rxz/dev'
}
2023-09-18 11:25:05.624 [warning] Failed to check if /home/rxz/dev/micellevenv is an executable [Error: ENOENT: no such file or directory, lstat '/home/rxz/dev/micellevenv'] {
  errno: -2,
  code: 'ENOENT',
  syscall: 'lstat',
  path: '/home/rxz/dev/micellevenv'
}
2023-09-18 11:25:05.627 [warning] Identifier for virt-virtualenv failed to identify /home/rxz/dev/micellevenv [Error: ENOENT: no such file or directory, scandir '/home/rxz/dev'] {
  errno: -2,
  code: 'ENOENT',
  syscall: 'scandir',
  path: '/home/rxz/dev'
}
2023-09-18 11:25:09.886 [warning] Failed to check if /home/rxz/dev/micellevenv is an executable [Error: ENOENT: no such file or directory, lstat '/home/rxz/dev/micellevenv'] {
  errno: -2,
  code: 'ENOENT',
  syscall: 'lstat',
  path: '/home/rxz/dev/micellevenv'
}
2023-09-18 11:25:09.891 [warning] Identifier for virt-virtualenv failed to identify /home/rxz/dev/micellevenv [Error: ENOENT: no such file or directory, scandir '/home/rxz/dev'] {
  errno: -2,
  code: 'ENOENT',
  syscall: 'scandir',
  path: '/home/rxz/dev'
}
2023-09-18 11:27:24.077 [warning] Failed to check if /home/rxz/dev/micellevenv is an executable [Error: ENOENT: no such file or directory, lstat '/home/rxz/dev/micellevenv'] {
  errno: -2,
  code: 'ENOENT',
  syscall: 'lstat',
  path: '/home/rxz/dev/micellevenv'
}
2023-09-18 11:27:24.081 [warning] Identifier for virt-virtualenv failed to identify /home/rxz/dev/micellevenv [Error: ENOENT: no such file or directory, scandir '/home/rxz/dev'] {
  errno: -2,
  code: 'ENOENT',
  syscall: 'scandir',
  path: '/home/rxz/dev'
}
2023-09-18 11:27:42.664 [warning] Failed to check if /home/rxz/dev/micellevenv is an executable [Error: ENOENT: no such file or directory, lstat '/home/rxz/dev/micellevenv'] {
  errno: -2,
  code: 'ENOENT',
  syscall: 'lstat',
  path: '/home/rxz/dev/micellevenv'
}
2023-09-18 11:27:42.667 [warning] Identifier for virt-virtualenv failed to identify /home/rxz/dev/micellevenv [Error: ENOENT: no such file or directory, scandir '/home/rxz/dev'] {
  errno: -2,
  code: 'ENOENT',
  syscall: 'scandir',
  path: '/home/rxz/dev'
}
2023-09-18 11:27:47.520 [warning] Failed to check if /home/rxz/dev/micellevenv is an executable [Error: ENOENT: no such file or directory, lstat '/home/rxz/dev/micellevenv'] {
  errno: -2,
  code: 'ENOENT',
  syscall: 'lstat',
  path: '/home/rxz/dev/micellevenv'
}
2023-09-18 11:27:47.524 [warning] Identifier for virt-virtualenv failed to identify /home/rxz/dev/micellevenv [Error: ENOENT: no such file or directory, scandir '/home/rxz/dev'] {
  errno: -2,
  code: 'ENOENT',
  syscall: 'scandir',
  path: '/home/rxz/dev'
}
2023-09-18 11:28:04.388 [warning] Failed to check if /home/rxz/dev/micellevenv is an executable [Error: ENOENT: no such file or directory, lstat '/home/rxz/dev/micellevenv'] {
  errno: -2,
  code: 'ENOENT',
  syscall: 'lstat',
  path: '/home/rxz/dev/micellevenv'
}
2023-09-18 11:28:04.392 [warning] Identifier for virt-virtualenv failed to identify /home/rxz/dev/micellevenv [Error: ENOENT: no such file or directory, scandir '/home/rxz/dev'] {
  errno: -2,
  code: 'ENOENT',
  syscall: 'scandir',
  path: '/home/rxz/dev'
}
2023-09-18 11:33:16.771 [warning] Failed to check if /home/rxz/dev/micellevenv is an executable [Error: ENOENT: no such file or directory, lstat '/home/rxz/dev/micellevenv'] {
  errno: -2,
  code: 'ENOENT',
  syscall: 'lstat',
  path: '/home/rxz/dev/micellevenv'
}
2023-09-18 11:33:16.776 [warning] Identifier for virt-virtualenv failed to identify /home/rxz/dev/micellevenv [Error: ENOENT: no such file or directory, scandir '/home/rxz/dev'] {
  errno: -2,
  code: 'ENOENT',
  syscall: 'scandir',
  path: '/home/rxz/dev'
}
2023-09-18 11:33:27.012 [warning] Failed to check if /home/rxz/dev/micellevenv is an executable [Error: ENOENT: no such file or directory, lstat '/home/rxz/dev/micellevenv'] {
  errno: -2,
  code: 'ENOENT',
  syscall: 'lstat',
  path: '/home/rxz/dev/micellevenv'
}
2023-09-18 11:33:27.017 [warning] Identifier for virt-virtualenv failed to identify /home/rxz/dev/micellevenv [Error: ENOENT: no such file or directory, scandir '/home/rxz/dev'] {
  errno: -2,
  code: 'ENOENT',
  syscall: 'scandir',
  path: '/home/rxz/dev'
}
2023-09-18 11:33:42.543 [warning] Failed to check if /home/rxz/dev/micellevenv is an executable [Error: ENOENT: no such file or directory, lstat '/home/rxz/dev/micellevenv'] {
  errno: -2,
  code: 'ENOENT',
  syscall: 'lstat',
  path: '/home/rxz/dev/micellevenv'
}
2023-09-18 11:33:42.546 [warning] Identifier for virt-virtualenv failed to identify /home/rxz/dev/micellevenv [Error: ENOENT: no such file or directory, scandir '/home/rxz/dev'] {
  errno: -2,
  code: 'ENOENT',
  syscall: 'scandir',
  path: '/home/rxz/dev'
}
2023-09-18 11:33:51.394 [warning] Failed to check if /home/rxz/dev/micellevenv is an executable [Error: ENOENT: no such file or directory, lstat '/home/rxz/dev/micellevenv'] {
  errno: -2,
  code: 'ENOENT',
  syscall: 'lstat',
  path: '/home/rxz/dev/micellevenv'
}
2023-09-18 11:33:51.398 [warning] Identifier for virt-virtualenv failed to identify /home/rxz/dev/micellevenv [Error: ENOENT: no such file or directory, scandir '/home/rxz/dev'] {
  errno: -2,
  code: 'ENOENT',
  syscall: 'scandir',
  path: '/home/rxz/dev'
}
2023-09-18 11:34:00.166 [warning] Failed to check if /home/rxz/dev/micellevenv is an executable [Error: ENOENT: no such file or directory, lstat '/home/rxz/dev/micellevenv'] {
  errno: -2,
  code: 'ENOENT',
  syscall: 'lstat',
  path: '/home/rxz/dev/micellevenv'
}
2023-09-18 11:34:00.171 [warning] Identifier for virt-virtualenv failed to identify /home/rxz/dev/micellevenv [Error: ENOENT: no such file or directory, scandir '/home/rxz/dev'] {
  errno: -2,
  code: 'ENOENT',
  syscall: 'scandir',
  path: '/home/rxz/dev'
}
2023-09-18 11:34:05.667 [warning] Failed to check if /home/rxz/dev/micellevenv is an executable [Error: ENOENT: no such file or directory, lstat '/home/rxz/dev/micellevenv'] {
  errno: -2,
  code: 'ENOENT',
  syscall: 'lstat',
  path: '/home/rxz/dev/micellevenv'
}
2023-09-18 11:34:05.671 [warning] Identifier for virt-virtualenv failed to identify /home/rxz/dev/micellevenv [Error: ENOENT: no such file or directory, scandir '/home/rxz/dev'] {
  errno: -2,
  code: 'ENOENT',
  syscall: 'scandir',
  path: '/home/rxz/dev'
}
2023-09-18 11:34:13.133 [warning] Failed to check if /home/rxz/dev/micellevenv is an executable [Error: ENOENT: no such file or directory, lstat '/home/rxz/dev/micellevenv'] {
  errno: -2,
  code: 'ENOENT',
  syscall: 'lstat',
  path: '/home/rxz/dev/micellevenv'
}
2023-09-18 11:34:13.137 [warning] Identifier for virt-virtualenv failed to identify /home/rxz/dev/micellevenv [Error: ENOENT: no such file or directory, scandir '/home/rxz/dev'] {
  errno: -2,
  code: 'ENOENT',
  syscall: 'scandir',
  path: '/home/rxz/dev'
}
2023-09-18 11:34:17.348 [warning] Failed to check if /home/rxz/dev/micellevenv is an executable [Error: ENOENT: no such file or directory, lstat '/home/rxz/dev/micellevenv'] {
  errno: -2,
  code: 'ENOENT',
  syscall: 'lstat',
  path: '/home/rxz/dev/micellevenv'
}
2023-09-18 11:34:17.351 [warning] Identifier for virt-virtualenv failed to identify /home/rxz/dev/micellevenv [Error: ENOENT: no such file or directory, scandir '/home/rxz/dev'] {
  errno: -2,
  code: 'ENOENT',
  syscall: 'scandir',
  path: '/home/rxz/dev'
}
2023-09-18 11:34:19.922 [warning] Failed to check if /home/rxz/dev/micellevenv is an executable [Error: ENOENT: no such file or directory, lstat '/home/rxz/dev/micellevenv'] {
  errno: -2,
  code: 'ENOENT',
  syscall: 'lstat',
  path: '/home/rxz/dev/micellevenv'
}
2023-09-18 11:34:19.927 [warning] Identifier for virt-virtualenv failed to identify /home/rxz/dev/micellevenv [Error: ENOENT: no such file or directory, scandir '/home/rxz/dev'] {
  errno: -2,
  code: 'ENOENT',
  syscall: 'scandir',
  path: '/home/rxz/dev'
}
2023-09-18 11:34:24.090 [warning] Failed to check if /home/rxz/dev/micellevenv is an executable [Error: ENOENT: no such file or directory, lstat '/home/rxz/dev/micellevenv'] {
  errno: -2,
  code: 'ENOENT',
  syscall: 'lstat',
  path: '/home/rxz/dev/micellevenv'
}
2023-09-18 11:34:24.094 [warning] Identifier for virt-virtualenv failed to identify /home/rxz/dev/micellevenv [Error: ENOENT: no such file or directory, scandir '/home/rxz/dev'] {
  errno: -2,
  code: 'ENOENT',
  syscall: 'scandir',
  path: '/home/rxz/dev'
}
2023-09-18 11:34:28.922 [warning] Failed to check if /home/rxz/dev/micellevenv is an executable [Error: ENOENT: no such file or directory, lstat '/home/rxz/dev/micellevenv'] {
  errno: -2,
  code: 'ENOENT',
  syscall: 'lstat',
  path: '/home/rxz/dev/micellevenv'
}
2023-09-18 11:34:28.927 [warning] Identifier for virt-virtualenv failed to identify /home/rxz/dev/micellevenv [Error: ENOENT: no such file or directory, scandir '/home/rxz/dev'] {
  errno: -2,
  code: 'ENOENT',
  syscall: 'scandir',
  path: '/home/rxz/dev'
}
2023-09-18 11:36:28.849 [warning] Failed to check if /home/rxz/dev/micellevenv is an executable [Error: ENOENT: no such file or directory, lstat '/home/rxz/dev/micellevenv'] {
  errno: -2,
  code: 'ENOENT',
  syscall: 'lstat',
  path: '/home/rxz/dev/micellevenv'
}
2023-09-18 11:36:28.853 [warning] Identifier for virt-virtualenv failed to identify /home/rxz/dev/micellevenv [Error: ENOENT: no such file or directory, scandir '/home/rxz/dev'] {
  errno: -2,
  code: 'ENOENT',
  syscall: 'scandir',
  path: '/home/rxz/dev'
}
2023-09-18 11:36:56.714 [warning] Failed to check if /home/rxz/dev/micellevenv is an executable [Error: ENOENT: no such file or directory, lstat '/home/rxz/dev/micellevenv'] {
  errno: -2,
  code: 'ENOENT',
  syscall: 'lstat',
  path: '/home/rxz/dev/micellevenv'
}
2023-09-18 11:36:56.745 [warning] Failed to check if /home/rxz/dev/micellevenv is an executable [Error: ENOENT: no such file or directory, lstat '/home/rxz/dev/micellevenv'] {
  errno: -2,
  code: 'ENOENT',
  syscall: 'lstat',
  path: '/home/rxz/dev/micellevenv'
}
2023-09-18 11:36:56.748 [warning] Identifier for virt-virtualenv failed to identify /home/rxz/dev/micellevenv [Error: ENOENT: no such file or directory, scandir '/home/rxz/dev'] {
  errno: -2,
  code: 'ENOENT',
  syscall: 'scandir',
  path: '/home/rxz/dev'
}
2023-09-18 11:36:56.748 [warning] Identifier for virt-virtualenv failed to identify /home/rxz/dev/micellevenv [Error: ENOENT: no such file or directory, scandir '/home/rxz/dev'] {
  errno: -2,
  code: 'ENOENT',
  syscall: 'scandir',
  path: '/home/rxz/dev'
}
2023-09-18 11:36:56.868 [warning] Failed to check if /home/rxz/dev/micellevenv is an executable [Error: ENOENT: no such file or directory, lstat '/home/rxz/dev/micellevenv'] {
  errno: -2,
  code: 'ENOENT',
  syscall: 'lstat',
  path: '/home/rxz/dev/micellevenv'
}
2023-09-18 11:36:56.961 [warning] Identifier for virt-virtualenv failed to identify /home/rxz/dev/micellevenv [Error: ENOENT: no such file or directory, scandir '/home/rxz/dev'] {
  errno: -2,
  code: 'ENOENT',
  syscall: 'scandir',
  path: '/home/rxz/dev'
}
2023-09-18 11:36:58.192 [warning] Failed to check if /home/rxz/dev/micellevenv is an executable [Error: ENOENT: no such file or directory, lstat '/home/rxz/dev/micellevenv'] {
  errno: -2,
  code: 'ENOENT',
  syscall: 'lstat',
  path: '/home/rxz/dev/micellevenv'
}
2023-09-18 11:36:58.220 [warning] Failed to check if /home/rxz/dev/micellevenv is an executable [Error: ENOENT: no such file or directory, lstat '/home/rxz/dev/micellevenv'] {
  errno: -2,
  code: 'ENOENT',
  syscall: 'lstat',
  path: '/home/rxz/dev/micellevenv'
}
2023-09-18 11:36:58.386 [warning] Failed to check if /home/rxz/dev/micellevenv is an executable [Error: ENOENT: no such file or directory, lstat '/home/rxz/dev/micellevenv'] {
  errno: -2,
  code: 'ENOENT',
  syscall: 'lstat',
  path: '/home/rxz/dev/micellevenv'
}
2023-09-18 11:36:58.562 [warning] Identifier for virt-virtualenv failed to identify /home/rxz/dev/micellevenv [Error: ENOENT: no such file or directory, scandir '/home/rxz/dev'] {
  errno: -2,
  code: 'ENOENT',
  syscall: 'scandir',
  path: '/home/rxz/dev'
}
2023-09-18 11:36:58.562 [warning] Identifier for virt-virtualenv failed to identify /home/rxz/dev/micellevenv [Error: ENOENT: no such file or directory, scandir '/home/rxz/dev'] {
  errno: -2,
  code: 'ENOENT',
  syscall: 'scandir',
  path: '/home/rxz/dev'
}
2023-09-18 11:36:58.564 [warning] Identifier for virt-virtualenv failed to identify /home/rxz/dev/micellevenv [Error: ENOENT: no such file or directory, scandir '/home/rxz/dev'] {
  errno: -2,
  code: 'ENOENT',
  syscall: 'scandir',
  path: '/home/rxz/dev'
}
2023-09-18 11:37:22.596 [warning] Failed to check if /home/rxz/dev/micellevenv is an executable [Error: ENOENT: no such file or directory, lstat '/home/rxz/dev/micellevenv'] {
  errno: -2,
  code: 'ENOENT',
  syscall: 'lstat',
  path: '/home/rxz/dev/micellevenv'
}
2023-09-18 11:37:22.623 [warning] Failed to check if /home/rxz/dev/micellevenv is an executable [Error: ENOENT: no such file or directory, lstat '/home/rxz/dev/micellevenv'] {
  errno: -2,
  code: 'ENOENT',
  syscall: 'lstat',
  path: '/home/rxz/dev/micellevenv'
}
2023-09-18 11:37:22.625 [warning] Identifier for virt-virtualenv failed to identify /home/rxz/dev/micellevenv [Error: ENOENT: no such file or directory, scandir '/home/rxz/dev'] {
  errno: -2,
  code: 'ENOENT',
  syscall: 'scandir',
  path: '/home/rxz/dev'
}
2023-09-18 11:37:22.626 [warning] Identifier for virt-virtualenv failed to identify /home/rxz/dev/micellevenv [Error: ENOENT: no such file or directory, scandir '/home/rxz/dev'] {
  errno: -2,
  code: 'ENOENT',
  syscall: 'scandir',
  path: '/home/rxz/dev'
}
2023-09-18 11:37:22.725 [warning] Failed to check if /home/rxz/dev/micellevenv is an executable [Error: ENOENT: no such file or directory, lstat '/home/rxz/dev/micellevenv'] {
  errno: -2,
  code: 'ENOENT',
  syscall: 'lstat',
  path: '/home/rxz/dev/micellevenv'
}
2023-09-18 11:37:22.726 [warning] Identifier for virt-virtualenv failed to identify /home/rxz/dev/micellevenv [Error: ENOENT: no such file or directory, scandir '/home/rxz/dev'] {
  errno: -2,
  code: 'ENOENT',
  syscall: 'scandir',
  path: '/home/rxz/dev'
}
2023-09-18 11:38:44.792 [warning] Failed to check if /home/rxz/dev/micellevenv is an executable [Error: ENOENT: no such file or directory, lstat '/home/rxz/dev/micellevenv'] {
  errno: -2,
  code: 'ENOENT',
  syscall: 'lstat',
  path: '/home/rxz/dev/micellevenv'
}
2023-09-18 11:38:44.793 [warning] Identifier for virt-virtualenv failed to identify /home/rxz/dev/micellevenv [Error: ENOENT: no such file or directory, scandir '/home/rxz/dev'] {
  errno: -2,
  code: 'ENOENT',
  syscall: 'scandir',
  path: '/home/rxz/dev'
}
2023-09-18 11:38:44.826 [warning] Failed to check if /home/rxz/dev/micellevenv is an executable [Error: ENOENT: no such file or directory, lstat '/home/rxz/dev/micellevenv'] {
  errno: -2,
  code: 'ENOENT',
  syscall: 'lstat',
  path: '/home/rxz/dev/micellevenv'
}
2023-09-18 11:38:44.835 [warning] Identifier for virt-virtualenv failed to identify /home/rxz/dev/micellevenv [Error: ENOENT: no such file or directory, scandir '/home/rxz/dev'] {
  errno: -2,
  code: 'ENOENT',
  syscall: 'scandir',
  path: '/home/rxz/dev'
}
2023-09-18 11:39:19.505 [warning] Failed to check if /home/rxz/dev/micellevenv is an executable [Error: ENOENT: no such file or directory, lstat '/home/rxz/dev/micellevenv'] {
  errno: -2,
  code: 'ENOENT',
  syscall: 'lstat',
  path: '/home/rxz/dev/micellevenv'
}
2023-09-18 11:39:19.506 [warning] Identifier for virt-virtualenv failed to identify /home/rxz/dev/micellevenv [Error: ENOENT: no such file or directory, scandir '/home/rxz/dev'] {
  errno: -2,
  code: 'ENOENT',
  syscall: 'scandir',
  path: '/home/rxz/dev'
}
2023-09-18 11:39:19.755 [info] Discover tests for workspace name: weber - uri: /home/rtviii/dev/weber/driver.py
2023-09-18 11:39:20.177 [warning] Failed to check if /home/rxz/dev/micellevenv is an executable [Error: ENOENT: no such file or directory, lstat '/home/rxz/dev/micellevenv'] {
  errno: -2,
  code: 'ENOENT',
  syscall: 'lstat',
  path: '/home/rxz/dev/micellevenv'
}
2023-09-18 11:39:20.181 [warning] Identifier for virt-virtualenv failed to identify /home/rxz/dev/micellevenv [Error: ENOENT: no such file or directory, scandir '/home/rxz/dev'] {
  errno: -2,
  code: 'ENOENT',
  syscall: 'scandir',
  path: '/home/rxz/dev'
}
2023-09-18 11:39:20.429 [info] Discover tests for workspace name: weber - uri: /home/rtviii/dev/weber/driver.py
2023-09-18 11:39:20.708 [warning] Failed to check if /home/rxz/dev/micellevenv is an executable [Error: ENOENT: no such file or directory, lstat '/home/rxz/dev/micellevenv'] {
  errno: -2,
  code: 'ENOENT',
  syscall: 'lstat',
  path: '/home/rxz/dev/micellevenv'
}
2023-09-18 11:39:20.711 [warning] Identifier for virt-virtualenv failed to identify /home/rxz/dev/micellevenv [Error: ENOENT: no such file or directory, scandir '/home/rxz/dev'] {
  errno: -2,
  code: 'ENOENT',
  syscall: 'scandir',
  path: '/home/rxz/dev'
}
2023-09-18 11:39:20.957 [info] Discover tests for workspace name: weber - uri: /home/rtviii/dev/weber/driver.py
2023-09-18 11:39:26.234 [warning] Failed to check if /home/rxz/dev/micellevenv is an executable [Error: ENOENT: no such file or directory, lstat '/home/rxz/dev/micellevenv'] {
  errno: -2,
  code: 'ENOENT',
  syscall: 'lstat',
  path: '/home/rxz/dev/micellevenv'
}
2023-09-18 11:39:26.236 [warning] Identifier for virt-virtualenv failed to identify /home/rxz/dev/micellevenv [Error: ENOENT: no such file or directory, scandir '/home/rxz/dev'] {
  errno: -2,
  code: 'ENOENT',
  syscall: 'scandir',
  path: '/home/rxz/dev'
}
2023-09-18 11:39:26.482 [info] Discover tests for workspace name: weber - uri: /home/rtviii/dev/weber/driver.py
2023-09-18 11:39:29.096 [warning] Failed to check if /home/rxz/dev/micellevenv is an executable [Error: ENOENT: no such file or directory, lstat '/home/rxz/dev/micellevenv'] {
  errno: -2,
  code: 'ENOENT',
  syscall: 'lstat',
  path: '/home/rxz/dev/micellevenv'
}
2023-09-18 11:39:29.100 [warning] Identifier for virt-virtualenv failed to identify /home/rxz/dev/micellevenv [Error: ENOENT: no such file or directory, scandir '/home/rxz/dev'] {
  errno: -2,
  code: 'ENOENT',
  syscall: 'scandir',
  path: '/home/rxz/dev'
}
2023-09-18 11:39:29.347 [info] Discover tests for workspace name: weber - uri: /home/rtviii/dev/weber/driver.py
2023-09-18 11:39:35.728 [warning] Failed to check if /home/rxz/dev/micellevenv is an executable [Error: ENOENT: no such file or directory, lstat '/home/rxz/dev/micellevenv'] {
  errno: -2,
  code: 'ENOENT',
  syscall: 'lstat',
  path: '/home/rxz/dev/micellevenv'
}
2023-09-18 11:39:35.730 [warning] Identifier for virt-virtualenv failed to identify /home/rxz/dev/micellevenv [Error: ENOENT: no such file or directory, scandir '/home/rxz/dev'] {
  errno: -2,
  code: 'ENOENT',
  syscall: 'scandir',
  path: '/home/rxz/dev'
}
2023-09-18 11:39:35.979 [info] Discover tests for workspace name: weber - uri: /home/rtviii/dev/weber/driver.py
2023-09-18 11:39:40.603 [warning] Failed to check if /home/rxz/dev/micellevenv is an executable [Error: ENOENT: no such file or directory, lstat '/home/rxz/dev/micellevenv'] {
  errno: -2,
  code: 'ENOENT',
  syscall: 'lstat',
  path: '/home/rxz/dev/micellevenv'
}
2023-09-18 11:39:40.607 [warning] Identifier for virt-virtualenv failed to identify /home/rxz/dev/micellevenv [Error: ENOENT: no such file or directory, scandir '/home/rxz/dev'] {
  errno: -2,
  code: 'ENOENT',
  syscall: 'scandir',
  path: '/home/rxz/dev'
}
2023-09-18 11:39:40.854 [info] Discover tests for workspace name: weber - uri: /home/rtviii/dev/weber/driver.py
2023-09-18 11:39:53.765 [warning] Failed to check if /home/rxz/dev/micellevenv is an executable [Error: ENOENT: no such file or directory, lstat '/home/rxz/dev/micellevenv'] {
  errno: -2,
  code: 'ENOENT',
  syscall: 'lstat',
  path: '/home/rxz/dev/micellevenv'
}
2023-09-18 11:39:53.791 [warning] Failed to check if /home/rxz/dev/micellevenv is an executable [Error: ENOENT: no such file or directory, lstat '/home/rxz/dev/micellevenv'] {
  errno: -2,
  code: 'ENOENT',
  syscall: 'lstat',
  path: '/home/rxz/dev/micellevenv'
}
2023-09-18 11:39:53.794 [warning] Identifier for virt-virtualenv failed to identify /home/rxz/dev/micellevenv [Error: ENOENT: no such file or directory, scandir '/home/rxz/dev'] {
  errno: -2,
  code: 'ENOENT',
  syscall: 'scandir',
  path: '/home/rxz/dev'
}
2023-09-18 11:39:53.794 [warning] Identifier for virt-virtualenv failed to identify /home/rxz/dev/micellevenv [Error: ENOENT: no such file or directory, scandir '/home/rxz/dev'] {
  errno: -2,
  code: 'ENOENT',
  syscall: 'scandir',
  path: '/home/rxz/dev'
}
2023-09-18 11:40:19.206 [warning] Failed to check if /home/rxz/dev/micellevenv is an executable [Error: ENOENT: no such file or directory, lstat '/home/rxz/dev/micellevenv'] {
  errno: -2,
  code: 'ENOENT',
  syscall: 'lstat',
  path: '/home/rxz/dev/micellevenv'
}
2023-09-18 11:40:19.210 [warning] Identifier for virt-virtualenv failed to identify /home/rxz/dev/micellevenv [Error: ENOENT: no such file or directory, scandir '/home/rxz/dev'] {
  errno: -2,
  code: 'ENOENT',
  syscall: 'scandir',
  path: '/home/rxz/dev'
}
2023-09-18 11:40:37.624 [warning] Failed to check if /home/rxz/dev/micellevenv is an executable [Error: ENOENT: no such file or directory, lstat '/home/rxz/dev/micellevenv'] {
  errno: -2,
  code: 'ENOENT',
  syscall: 'lstat',
  path: '/home/rxz/dev/micellevenv'
}
2023-09-18 11:40:37.626 [warning] Identifier for virt-virtualenv failed to identify /home/rxz/dev/micellevenv [Error: ENOENT: no such file or directory, scandir '/home/rxz/dev'] {
  errno: -2,
  code: 'ENOENT',
  syscall: 'scandir',
  path: '/home/rxz/dev'
}
2023-09-18 11:40:37.877 [info] Discover tests for workspace name: weber - uri: /home/rtviii/dev/weber/driver.py
2023-09-18 11:40:41.364 [warning] Failed to check if /home/rxz/dev/micellevenv is an executable [Error: ENOENT: no such file or directory, lstat '/home/rxz/dev/micellevenv'] {
  errno: -2,
  code: 'ENOENT',
  syscall: 'lstat',
  path: '/home/rxz/dev/micellevenv'
}
2023-09-18 11:40:41.366 [warning] Identifier for virt-virtualenv failed to identify /home/rxz/dev/micellevenv [Error: ENOENT: no such file or directory, scandir '/home/rxz/dev'] {
  errno: -2,
  code: 'ENOENT',
  syscall: 'scandir',
  path: '/home/rxz/dev'
}
2023-09-18 11:41:32.240 [warning] Failed to check if /home/rxz/dev/micellevenv is an executable [Error: ENOENT: no such file or directory, lstat '/home/rxz/dev/micellevenv'] {
  errno: -2,
  code: 'ENOENT',
  syscall: 'lstat',
  path: '/home/rxz/dev/micellevenv'
}
2023-09-18 11:41:32.267 [warning] Failed to check if /home/rxz/dev/micellevenv is an executable [Error: ENOENT: no such file or directory, lstat '/home/rxz/dev/micellevenv'] {
  errno: -2,
  code: 'ENOENT',
  syscall: 'lstat',
  path: '/home/rxz/dev/micellevenv'
}
2023-09-18 11:41:32.275 [warning] Identifier for virt-virtualenv failed to identify /home/rxz/dev/micellevenv [Error: ENOENT: no such file or directory, scandir '/home/rxz/dev'] {
  errno: -2,
  code: 'ENOENT',
  syscall: 'scandir',
  path: '/home/rxz/dev'
}
2023-09-18 11:41:32.275 [warning] Identifier for virt-virtualenv failed to identify /home/rxz/dev/micellevenv [Error: ENOENT: no such file or directory, scandir '/home/rxz/dev'] {
  errno: -2,
  code: 'ENOENT',
  syscall: 'scandir',
  path: '/home/rxz/dev'
}
2023-09-18 11:42:40.913 [warning] Failed to check if /home/rxz/dev/micellevenv is an executable [Error: ENOENT: no such file or directory, lstat '/home/rxz/dev/micellevenv'] {
  errno: -2,
  code: 'ENOENT',
  syscall: 'lstat',
  path: '/home/rxz/dev/micellevenv'
}
2023-09-18 11:42:40.916 [warning] Identifier for virt-virtualenv failed to identify /home/rxz/dev/micellevenv [Error: ENOENT: no such file or directory, scandir '/home/rxz/dev'] {
  errno: -2,
  code: 'ENOENT',
  syscall: 'scandir',
  path: '/home/rxz/dev'
}
2023-09-18 11:42:50.184 [warning] Failed to check if /home/rxz/dev/micellevenv is an executable [Error: ENOENT: no such file or directory, lstat '/home/rxz/dev/micellevenv'] {
  errno: -2,
  code: 'ENOENT',
  syscall: 'lstat',
  path: '/home/rxz/dev/micellevenv'
}
2023-09-18 11:42:50.199 [warning] Identifier for virt-virtualenv failed to identify /home/rxz/dev/micellevenv [Error: ENOENT: no such file or directory, scandir '/home/rxz/dev'] {
  errno: -2,
  code: 'ENOENT',
  syscall: 'scandir',
  path: '/home/rxz/dev'
}
2023-09-18 11:42:54.777 [warning] Failed to check if /home/rxz/dev/micellevenv is an executable [Error: ENOENT: no such file or directory, lstat '/home/rxz/dev/micellevenv'] {
  errno: -2,
  code: 'ENOENT',
  syscall: 'lstat',
  path: '/home/rxz/dev/micellevenv'
}
2023-09-18 11:42:54.780 [warning] Identifier for virt-virtualenv failed to identify /home/rxz/dev/micellevenv [Error: ENOENT: no such file or directory, scandir '/home/rxz/dev'] {
  errno: -2,
  code: 'ENOENT',
  syscall: 'scandir',
  path: '/home/rxz/dev'
}
2023-09-18 11:42:56.157 [warning] Failed to check if /home/rxz/dev/micellevenv is an executable [Error: ENOENT: no such file or directory, lstat '/home/rxz/dev/micellevenv'] {
  errno: -2,
  code: 'ENOENT',
  syscall: 'lstat',
  path: '/home/rxz/dev/micellevenv'
}
2023-09-18 11:42:56.160 [warning] Identifier for virt-virtualenv failed to identify /home/rxz/dev/micellevenv [Error: ENOENT: no such file or directory, scandir '/home/rxz/dev'] {
  errno: -2,
  code: 'ENOENT',
  syscall: 'scandir',
  path: '/home/rxz/dev'
}
2023-09-18 11:42:56.721 [warning] Failed to check if /home/rxz/dev/micellevenv is an executable [Error: ENOENT: no such file or directory, lstat '/home/rxz/dev/micellevenv'] {
  errno: -2,
  code: 'ENOENT',
  syscall: 'lstat',
  path: '/home/rxz/dev/micellevenv'
}
2023-09-18 11:42:56.733 [warning] Identifier for virt-virtualenv failed to identify /home/rxz/dev/micellevenv [Error: ENOENT: no such file or directory, scandir '/home/rxz/dev'] {
  errno: -2,
  code: 'ENOENT',
  syscall: 'scandir',
  path: '/home/rxz/dev'
}
2023-09-18 11:42:57.154 [warning] Failed to check if /home/rxz/dev/micellevenv is an executable [Error: ENOENT: no such file or directory, lstat '/home/rxz/dev/micellevenv'] {
  errno: -2,
  code: 'ENOENT',
  syscall: 'lstat',
  path: '/home/rxz/dev/micellevenv'
}
2023-09-18 11:42:57.178 [warning] Failed to check if /home/rxz/dev/micellevenv is an executable [Error: ENOENT: no such file or directory, lstat '/home/rxz/dev/micellevenv'] {
  errno: -2,
  code: 'ENOENT',
  syscall: 'lstat',
  path: '/home/rxz/dev/micellevenv'
}
2023-09-18 11:42:57.189 [warning] Identifier for virt-virtualenv failed to identify /home/rxz/dev/micellevenv [Error: ENOENT: no such file or directory, scandir '/home/rxz/dev'] {
  errno: -2,
  code: 'ENOENT',
  syscall: 'scandir',
  path: '/home/rxz/dev'
}
2023-09-18 11:42:57.190 [warning] Identifier for virt-virtualenv failed to identify /home/rxz/dev/micellevenv [Error: ENOENT: no such file or directory, scandir '/home/rxz/dev'] {
  errno: -2,
  code: 'ENOENT',
  syscall: 'scandir',
  path: '/home/rxz/dev'
}
2023-09-18 11:43:55.067 [warning] Failed to check if /home/rxz/dev/micellevenv is an executable [Error: ENOENT: no such file or directory, lstat '/home/rxz/dev/micellevenv'] {
  errno: -2,
  code: 'ENOENT',
  syscall: 'lstat',
  path: '/home/rxz/dev/micellevenv'
}
2023-09-18 11:43:55.069 [warning] Identifier for virt-virtualenv failed to identify /home/rxz/dev/micellevenv [Error: ENOENT: no such file or directory, scandir '/home/rxz/dev'] {
  errno: -2,
  code: 'ENOENT',
  syscall: 'scandir',
  path: '/home/rxz/dev'
}
2023-09-18 11:43:55.230 [warning] Failed to check if /home/rxz/dev/micellevenv is an executable [Error: ENOENT: no such file or directory, lstat '/home/rxz/dev/micellevenv'] {
  errno: -2,
  code: 'ENOENT',
  syscall: 'lstat',
  path: '/home/rxz/dev/micellevenv'
}
2023-09-18 11:43:55.234 [warning] Identifier for virt-virtualenv failed to identify /home/rxz/dev/micellevenv [Error: ENOENT: no such file or directory, scandir '/home/rxz/dev'] {
  errno: -2,
  code: 'ENOENT',
  syscall: 'scandir',
  path: '/home/rxz/dev'
}
2023-09-18 11:44:04.604 [warning] Failed to check if /home/rxz/dev/micellevenv is an executable [Error: ENOENT: no such file or directory, lstat '/home/rxz/dev/micellevenv'] {
  errno: -2,
  code: 'ENOENT',
  syscall: 'lstat',
  path: '/home/rxz/dev/micellevenv'
}
2023-09-18 11:44:04.607 [warning] Identifier for virt-virtualenv failed to identify /home/rxz/dev/micellevenv [Error: ENOENT: no such file or directory, scandir '/home/rxz/dev'] {
  errno: -2,
  code: 'ENOENT',
  syscall: 'scandir',
  path: '/home/rxz/dev'
}
2023-09-18 11:44:04.853 [info] Discover tests for workspace name: weber - uri: /home/rtviii/dev/weber/driver.py
2023-09-18 11:44:13.299 [warning] Failed to check if /home/rxz/dev/micellevenv is an executable [Error: ENOENT: no such file or directory, lstat '/home/rxz/dev/micellevenv'] {
  errno: -2,
  code: 'ENOENT',
  syscall: 'lstat',
  path: '/home/rxz/dev/micellevenv'
}
2023-09-18 11:44:13.301 [warning] Identifier for virt-virtualenv failed to identify /home/rxz/dev/micellevenv [Error: ENOENT: no such file or directory, scandir '/home/rxz/dev'] {
  errno: -2,
  code: 'ENOENT',
  syscall: 'scandir',
  path: '/home/rxz/dev'
}
2023-09-18 11:44:13.549 [info] Discover tests for workspace name: weber - uri: /home/rtviii/dev/weber/driver.py
2023-09-18 11:44:20.712 [warning] Failed to check if /home/rxz/dev/micellevenv is an executable [Error: ENOENT: no such file or directory, lstat '/home/rxz/dev/micellevenv'] {
  errno: -2,
  code: 'ENOENT',
  syscall: 'lstat',
  path: '/home/rxz/dev/micellevenv'
}
2023-09-18 11:44:20.715 [warning] Identifier for virt-virtualenv failed to identify /home/rxz/dev/micellevenv [Error: ENOENT: no such file or directory, scandir '/home/rxz/dev'] {
  errno: -2,
  code: 'ENOENT',
  syscall: 'scandir',
  path: '/home/rxz/dev'
}
2023-09-18 11:44:20.963 [info] Discover tests for workspace name: weber - uri: /home/rtviii/dev/weber/driver.py
2023-09-18 11:44:24.206 [warning] Failed to check if /home/rxz/dev/micellevenv is an executable [Error: ENOENT: no such file or directory, lstat '/home/rxz/dev/micellevenv'] {
  errno: -2,
  code: 'ENOENT',
  syscall: 'lstat',
  path: '/home/rxz/dev/micellevenv'
}
2023-09-18 11:44:24.208 [warning] Identifier for virt-virtualenv failed to identify /home/rxz/dev/micellevenv [Error: ENOENT: no such file or directory, scandir '/home/rxz/dev'] {
  errno: -2,
  code: 'ENOENT',
  syscall: 'scandir',
  path: '/home/rxz/dev'
}
2023-09-18 11:44:24.459 [info] Discover tests for workspace name: weber - uri: /home/rtviii/dev/weber/driver.py
2023-09-18 11:44:26.325 [warning] Failed to check if /home/rxz/dev/micellevenv is an executable [Error: ENOENT: no such file or directory, lstat '/home/rxz/dev/micellevenv'] {
  errno: -2,
  code: 'ENOENT',
  syscall: 'lstat',
  path: '/home/rxz/dev/micellevenv'
}
2023-09-18 11:44:26.328 [warning] Identifier for virt-virtualenv failed to identify /home/rxz/dev/micellevenv [Error: ENOENT: no such file or directory, scandir '/home/rxz/dev'] {
  errno: -2,
  code: 'ENOENT',
  syscall: 'scandir',
  path: '/home/rxz/dev'
}
2023-09-18 11:44:57.375 [warning] Failed to check if /home/rxz/dev/micellevenv is an executable [Error: ENOENT: no such file or directory, lstat '/home/rxz/dev/micellevenv'] {
  errno: -2,
  code: 'ENOENT',
  syscall: 'lstat',
  path: '/home/rxz/dev/micellevenv'
}
2023-09-18 11:44:57.379 [warning] Identifier for virt-virtualenv failed to identify /home/rxz/dev/micellevenv [Error: ENOENT: no such file or directory, scandir '/home/rxz/dev'] {
  errno: -2,
  code: 'ENOENT',
  syscall: 'scandir',
  path: '/home/rxz/dev'
}
2023-09-18 11:50:03.292 [warning] Failed to check if /home/rxz/dev/micellevenv is an executable [Error: ENOENT: no such file or directory, lstat '/home/rxz/dev/micellevenv'] {
  errno: -2,
  code: 'ENOENT',
  syscall: 'lstat',
  path: '/home/rxz/dev/micellevenv'
}
2023-09-18 11:50:03.306 [warning] Identifier for virt-virtualenv failed to identify /home/rxz/dev/micellevenv [Error: ENOENT: no such file or directory, scandir '/home/rxz/dev'] {
  errno: -2,
  code: 'ENOENT',
  syscall: 'scandir',
  path: '/home/rxz/dev'
}
2023-09-18 11:50:04.703 [warning] Failed to check if /home/rxz/dev/micellevenv is an executable [Error: ENOENT: no such file or directory, lstat '/home/rxz/dev/micellevenv'] {
  errno: -2,
  code: 'ENOENT',
  syscall: 'lstat',
  path: '/home/rxz/dev/micellevenv'
}
2023-09-18 11:50:04.718 [warning] Identifier for virt-virtualenv failed to identify /home/rxz/dev/micellevenv [Error: ENOENT: no such file or directory, scandir '/home/rxz/dev'] {
  errno: -2,
  code: 'ENOENT',
  syscall: 'scandir',
  path: '/home/rxz/dev'
}
2023-09-18 11:50:05.577 [warning] Failed to check if /home/rxz/dev/micellevenv is an executable [Error: ENOENT: no such file or directory, lstat '/home/rxz/dev/micellevenv'] {
  errno: -2,
  code: 'ENOENT',
  syscall: 'lstat',
  path: '/home/rxz/dev/micellevenv'
}
2023-09-18 11:50:05.580 [warning] Identifier for virt-virtualenv failed to identify /home/rxz/dev/micellevenv [Error: ENOENT: no such file or directory, scandir '/home/rxz/dev'] {
  errno: -2,
  code: 'ENOENT',
  syscall: 'scandir',
  path: '/home/rxz/dev'
}
2023-09-18 11:50:07.803 [warning] Failed to check if /home/rxz/dev/micellevenv is an executable [Error: ENOENT: no such file or directory, lstat '/home/rxz/dev/micellevenv'] {
  errno: -2,
  code: 'ENOENT',
  syscall: 'lstat',
  path: '/home/rxz/dev/micellevenv'
}
2023-09-18 11:50:07.806 [warning] Identifier for virt-virtualenv failed to identify /home/rxz/dev/micellevenv [Error: ENOENT: no such file or directory, scandir '/home/rxz/dev'] {
  errno: -2,
  code: 'ENOENT',
  syscall: 'scandir',
  path: '/home/rxz/dev'
}
2023-09-18 11:50:42.092 [warning] Failed to check if /home/rxz/dev/micellevenv is an executable [Error: ENOENT: no such file or directory, lstat '/home/rxz/dev/micellevenv'] {
  errno: -2,
  code: 'ENOENT',
  syscall: 'lstat',
  path: '/home/rxz/dev/micellevenv'
}
2023-09-18 11:50:42.096 [warning] Identifier for virt-virtualenv failed to identify /home/rxz/dev/micellevenv [Error: ENOENT: no such file or directory, scandir '/home/rxz/dev'] {
  errno: -2,
  code: 'ENOENT',
  syscall: 'scandir',
  path: '/home/rxz/dev'
}
2023-09-18 11:50:44.407 [warning] Failed to check if /home/rxz/dev/micellevenv is an executable [Error: ENOENT: no such file or directory, lstat '/home/rxz/dev/micellevenv'] {
  errno: -2,
  code: 'ENOENT',
  syscall: 'lstat',
  path: '/home/rxz/dev/micellevenv'
}
2023-09-18 11:50:44.407 [warning] Identifier for virt-virtualenv failed to identify /home/rxz/dev/micellevenv [Error: ENOENT: no such file or directory, scandir '/home/rxz/dev'] {
  errno: -2,
  code: 'ENOENT',
  syscall: 'scandir',
  path: '/home/rxz/dev'
}
2023-09-18 11:50:44.658 [info] Discover tests for workspace name: weber - uri: /home/rtviii/dev/weber/driver.py
2023-09-18 11:50:45.122 [warning] Failed to check if /home/rxz/dev/micellevenv is an executable [Error: ENOENT: no such file or directory, lstat '/home/rxz/dev/micellevenv'] {
  errno: -2,
  code: 'ENOENT',
  syscall: 'lstat',
  path: '/home/rxz/dev/micellevenv'
}
2023-09-18 11:50:45.122 [warning] Identifier for virt-virtualenv failed to identify /home/rxz/dev/micellevenv [Error: ENOENT: no such file or directory, scandir '/home/rxz/dev'] {
  errno: -2,
  code: 'ENOENT',
  syscall: 'scandir',
  path: '/home/rxz/dev'
}
2023-09-18 11:50:49.637 [warning] Failed to check if /home/rxz/dev/micellevenv is an executable [Error: ENOENT: no such file or directory, lstat '/home/rxz/dev/micellevenv'] {
  errno: -2,
  code: 'ENOENT',
  syscall: 'lstat',
  path: '/home/rxz/dev/micellevenv'
}
2023-09-18 11:50:49.642 [warning] Identifier for virt-virtualenv failed to identify /home/rxz/dev/micellevenv [Error: ENOENT: no such file or directory, scandir '/home/rxz/dev'] {
  errno: -2,
  code: 'ENOENT',
  syscall: 'scandir',
  path: '/home/rxz/dev'
}
2023-09-18 12:03:01.740 [warning] Failed to check if /home/rxz/dev/micellevenv is an executable [Error: ENOENT: no such file or directory, lstat '/home/rxz/dev/micellevenv'] {
  errno: -2,
  code: 'ENOENT',
  syscall: 'lstat',
  path: '/home/rxz/dev/micellevenv'
}
2023-09-18 12:03:01.743 [warning] Identifier for virt-virtualenv failed to identify /home/rxz/dev/micellevenv [Error: ENOENT: no such file or directory, scandir '/home/rxz/dev'] {
  errno: -2,
  code: 'ENOENT',
  syscall: 'scandir',
  path: '/home/rxz/dev'
}
