2023-09-18 19:39:33.847 [error] Extension 'ms-toolsai.datawrangler CANNOT USE these API proposals 'notebookDeprecated'. You MUST start in extension development mode or use the --enable-proposed-api command line flag
2023-09-18 19:39:36.469 [info] [perf] Render performance baseline is 30ms
2023-09-18 19:39:47.161 [error] [Extension Host] Error: Cannot get NPM
    at initModule (/home/rtviii/.vscode/extensions/anseki.vscode-color-0.4.5/node_modules/process-bridge/process-bridge.js:220:28)
    at getHostCmd (/home/rtviii/.vscode/extensions/anseki.vscode-color-0.4.5/node_modules/process-bridge/process-bridge.js:331:9)
    at /home/rtviii/.vscode/extensions/anseki.vscode-color-0.4.5/node_modules/process-bridge/process-bridge.js:394:19
    at Object.exports.sendRequest (/home/rtviii/.vscode/extensions/anseki.vscode-color-0.4.5/node_modules/process-bridge/process-bridge.js:468:34)
    at pickConvert (/home/rtviii/.vscode/extensions/anseki.vscode-color-0.4.5/lib/color-helper.js:187:15)
    at exports.pick (/home/rtviii/.vscode/extensions/anseki.vscode-color-0.4.5/lib/color-helper.js:229:24)
    at r.h (/opt/visual-studio-code/resources/app/out/vs/workbench/api/node/extensionHostProcess.js:107:82744)
    at r.$executeContributedCommand (/opt/visual-studio-code/resources/app/out/vs/workbench/api/node/extensionHostProcess.js:107:83604)
    at i.N (/opt/visual-studio-code/resources/app/out/vs/workbench/api/node/extensionHostProcess.js:116:10813)
    at i.M (/opt/visual-studio-code/resources/app/out/vs/workbench/api/node/extensionHostProcess.js:116:10579)
    at i.H (/opt/visual-studio-code/resources/app/out/vs/workbench/api/node/extensionHostProcess.js:116:9660)
    at i.G (/opt/visual-studio-code/resources/app/out/vs/workbench/api/node/extensionHostProcess.js:116:8736)
    at n.value (/opt/visual-studio-code/resources/app/out/vs/workbench/api/node/extensionHostProcess.js:116:7566)
    at m.w (/opt/visual-studio-code/resources/app/out/vs/workbench/api/node/extensionHostProcess.js:63:1902)
    at m.fire (/opt/visual-studio-code/resources/app/out/vs/workbench/api/node/extensionHostProcess.js:63:2119)
    at w.fire (/opt/visual-studio-code/resources/app/out/vs/workbench/api/node/extensionHostProcess.js:79:13940)
    at n.value (/opt/visual-studio-code/resources/app/out/vs/workbench/api/node/extensionHostProcess.js:135:7901)
    at m.w (/opt/visual-studio-code/resources/app/out/vs/workbench/api/node/extensionHostProcess.js:63:1902)
    at m.fire (/opt/visual-studio-code/resources/app/out/vs/workbench/api/node/extensionHostProcess.js:63:2119)
    at w.fire (/opt/visual-studio-code/resources/app/out/vs/workbench/api/node/extensionHostProcess.js:79:13940)
    at MessagePortMain.<anonymous> (/opt/visual-studio-code/resources/app/out/vs/workbench/api/node/extensionHostProcess.js:135:6181)
    at MessagePortMain.emit (node:events:513:28)
    at Object.MessagePortMain._internalPort.emit (node:electron/js2c/utility_init:2:367)
2023-09-18 19:39:57.392 [error] Extension 'ms-toolsai.datawrangler CANNOT USE these API proposals 'notebookDeprecated'. You MUST start in extension development mode or use the --enable-proposed-api command line flag
2023-09-18 19:39:59.986 [info] [perf] Render performance baseline is 47ms
2023-09-18 19:40:14.083 [error] [Extension Host] Error: Cannot get NPM
    at initModule (/home/rtviii/.vscode/extensions/anseki.vscode-color-0.4.5/node_modules/process-bridge/process-bridge.js:220:28)
    at getHostCmd (/home/rtviii/.vscode/extensions/anseki.vscode-color-0.4.5/node_modules/process-bridge/process-bridge.js:331:9)
    at /home/rtviii/.vscode/extensions/anseki.vscode-color-0.4.5/node_modules/process-bridge/process-bridge.js:394:19
    at Object.exports.sendRequest (/home/rtviii/.vscode/extensions/anseki.vscode-color-0.4.5/node_modules/process-bridge/process-bridge.js:468:34)
    at pickConvert (/home/rtviii/.vscode/extensions/anseki.vscode-color-0.4.5/lib/color-helper.js:187:15)
    at exports.pick (/home/rtviii/.vscode/extensions/anseki.vscode-color-0.4.5/lib/color-helper.js:229:24)
    at r.h (/opt/visual-studio-code/resources/app/out/vs/workbench/api/node/extensionHostProcess.js:107:82744)
    at r.$executeContributedCommand (/opt/visual-studio-code/resources/app/out/vs/workbench/api/node/extensionHostProcess.js:107:83604)
    at i.N (/opt/visual-studio-code/resources/app/out/vs/workbench/api/node/extensionHostProcess.js:116:10813)
    at i.M (/opt/visual-studio-code/resources/app/out/vs/workbench/api/node/extensionHostProcess.js:116:10579)
    at i.H (/opt/visual-studio-code/resources/app/out/vs/workbench/api/node/extensionHostProcess.js:116:9660)
    at i.G (/opt/visual-studio-code/resources/app/out/vs/workbench/api/node/extensionHostProcess.js:116:8736)
    at n.value (/opt/visual-studio-code/resources/app/out/vs/workbench/api/node/extensionHostProcess.js:116:7566)
    at m.w (/opt/visual-studio-code/resources/app/out/vs/workbench/api/node/extensionHostProcess.js:63:1902)
    at m.fire (/opt/visual-studio-code/resources/app/out/vs/workbench/api/node/extensionHostProcess.js:63:2119)
    at w.fire (/opt/visual-studio-code/resources/app/out/vs/workbench/api/node/extensionHostProcess.js:79:13940)
    at n.value (/opt/visual-studio-code/resources/app/out/vs/workbench/api/node/extensionHostProcess.js:135:7901)
    at m.w (/opt/visual-studio-code/resources/app/out/vs/workbench/api/node/extensionHostProcess.js:63:1902)
    at m.fire (/opt/visual-studio-code/resources/app/out/vs/workbench/api/node/extensionHostProcess.js:63:2119)
    at w.fire (/opt/visual-studio-code/resources/app/out/vs/workbench/api/node/extensionHostProcess.js:79:13940)
    at MessagePortMain.<anonymous> (/opt/visual-studio-code/resources/app/out/vs/workbench/api/node/extensionHostProcess.js:135:6181)
    at MessagePortMain.emit (node:events:513:28)
    at Object.MessagePortMain._internalPort.emit (node:electron/js2c/utility_init:2:367)
