2023-09-18 19:39:33.603 [info] Added views:workbench.panel.markers.view in workbench.panel.markers
2023-09-18 19:39:33.603 [info] Added views:workbench.panel.output in workbench.panel.output
2023-09-18 19:39:33.603 [info] Added views:terminal in terminal
2023-09-18 19:39:33.603 [info] Added views:outline in workbench.view.explorer
2023-09-18 19:39:33.603 [info] Added views:workbench.scm in workbench.view.scm
2023-09-18 19:39:33.603 [info] Added views:workbench.view.search in workbench.view.search
2023-09-18 19:39:33.603 [info] Added views:timeline in workbench.view.explorer
2023-09-18 19:39:33.603 [info] Added views:workbench.explorer.fileView in workbench.view.explorer
2023-09-18 19:39:33.738 [info] Added views:workbench.debug.welcome in workbench.view.debug
2023-09-18 19:39:33.966 [info] Added views:bookmarksExplorer,bookmarksHelpAndFeedback in workbench.view.extension.bookmarks
2023-09-18 19:39:33.966 [info] Added views:gitlens.views.home,gitlens.views.workspaces,gitlens.views.account in workbench.view.extension.gitlens
2023-09-18 19:39:33.967 [info] Added views:gitlens.views.commitDetails,gitlens.views.lineHistory,gitlens.views.fileHistory,gitlens.views.searchAndCompare in workbench.view.extension.gitlensInspect
2023-09-18 19:39:33.967 [info] Added views:gitlens.views.commits,gitlens.views.branches,gitlens.views.remotes,gitlens.views.stashes,gitlens.views.tags,gitlens.views.contributors in workbench.view.scm
2023-09-18 19:39:33.968 [info] Added views:dockerContainers,dockerImages,dockerRegistries,dockerNetworks,dockerVolumes,vscode-docker.views.dockerContexts,vscode-docker.views.help in workbench.view.extension.dockerView
2023-09-18 19:39:34.165 [info] Added views:workbench.panel.repl.view in workbench.panel.repl
2023-09-18 19:39:34.749 [info] Added views:workbench.view.testing in workbench.view.extension.test
2023-09-18 19:39:35.377 [info] Added views:~remote.forwardedPorts in ~remote.forwardedPortsContainer
2023-09-18 19:39:36.115 [info] Added views:gitlens.views.graph,gitlens.views.graphDetails in workbench.view.extension.gitlensPanel
2023-09-18 19:39:36.116 [info] Added views:gitlens.views.timeline in workbench.view.extension.gitlensInspect
2023-09-18 19:39:36.118 [info] Added views:gitlens.views.worktrees in workbench.view.scm
2023-09-18 19:39:51.089 [info] Added views:workbench.views.extensions.installed,workbench.views.extensions.popular,extensions.recommendedList in workbench.view.extensions
2023-09-18 19:39:51.091 [info] Removed views:workbench.views.extensions.popular from workbench.view.extensions
2023-09-18 19:39:53.309 [info] Removed views:extensions.recommendedList,workbench.views.extensions.installed from workbench.view.extensions
2023-09-18 19:39:53.324 [info] Added views:workbench.views.extensions.marketplace in workbench.view.extensions
2023-09-18 19:39:56.733 [info] Removed views:workbench.view.testing from workbench.view.extension.test
2023-09-18 19:39:57.135 [info] Added views:workbench.panel.markers.view in workbench.panel.markers
2023-09-18 19:39:57.135 [info] Added views:workbench.panel.output in workbench.panel.output
2023-09-18 19:39:57.135 [info] Added views:terminal in terminal
2023-09-18 19:39:57.135 [info] Added views:outline in workbench.view.explorer
2023-09-18 19:39:57.135 [info] Added views:workbench.scm in workbench.view.scm
2023-09-18 19:39:57.135 [info] Added views:workbench.view.search in workbench.view.search
2023-09-18 19:39:57.135 [info] Added views:timeline in workbench.view.explorer
2023-09-18 19:39:57.135 [info] Added views:workbench.explorer.fileView in workbench.view.explorer
2023-09-18 19:39:57.219 [info] Added views:workbench.debug.welcome in workbench.view.debug
2023-09-18 19:39:57.501 [info] Added views:bookmarksExplorer,bookmarksHelpAndFeedback in workbench.view.extension.bookmarks
2023-09-18 19:39:57.501 [info] Added views:gitlens.views.home,gitlens.views.workspaces,gitlens.views.account in workbench.view.extension.gitlens
2023-09-18 19:39:57.501 [info] Added views:gitlens.views.commitDetails,gitlens.views.lineHistory,gitlens.views.fileHistory,gitlens.views.searchAndCompare in workbench.view.extension.gitlensInspect
2023-09-18 19:39:57.502 [info] Added views:gitlens.views.commits,gitlens.views.branches,gitlens.views.remotes,gitlens.views.stashes,gitlens.views.tags,gitlens.views.contributors in workbench.view.scm
2023-09-18 19:39:57.502 [info] Added views:dockerContainers,dockerImages,dockerRegistries,dockerNetworks,dockerVolumes,vscode-docker.views.dockerContexts,vscode-docker.views.help in workbench.view.extension.dockerView
2023-09-18 19:39:57.755 [info] Added views:workbench.panel.repl.view in workbench.panel.repl
2023-09-18 19:39:58.197 [info] Added views:workbench.view.testing in workbench.view.extension.test
2023-09-18 19:39:58.412 [info] Added views:~remote.forwardedPorts in ~remote.forwardedPortsContainer
2023-09-18 19:39:58.651 [info] Added views:workbench.views.extensions.installed,extensions.recommendedList in workbench.view.extensions
2023-09-18 19:39:59.892 [info] Added views:gitlens.views.graph,gitlens.views.graphDetails in workbench.view.extension.gitlensPanel
2023-09-18 19:39:59.893 [info] Added views:gitlens.views.timeline in workbench.view.extension.gitlensInspect
2023-09-18 19:39:59.895 [info] Added views:gitlens.views.worktrees in workbench.view.scm
2023-09-18 19:40:03.144 [info] Removed views:extensions.recommendedList,workbench.views.extensions.installed from workbench.view.extensions
2023-09-18 19:40:03.164 [info] Added views:workbench.views.extensions.marketplace in workbench.view.extensions
