Visual Studio Code (1.82.1, undefined, desktop)
Jupyter Extension Version: 2023.8.1002501831.
Python Extension Version: 2023.16.0.
Platform: linux (x64).
Workspace folder ~/dev/weber, Home = /home/rtviii
10:57:49.215 [info] User belongs to experiment group 'NewJupyterSession'
10:57:49.481 [info] Start refreshing Kernel Picker (1695052669481)
10:57:49.497 [info] Using Pylance
10:57:52.204 [info] End refreshing Kernel Picker (1695052669481)
10:57:55.969 [info] Starting Kernel startUsingPythonInterpreter, .jvsc74a57bd038a149ada9de2d69110d0b945691c5851e27b24fc728a6299a3116db6d5fd2f9.~/dev/weber/venv/python.~/dev/weber/venv/python.-m#ipykernel_launcher  (Python Path: ~/dev/weber/venv/bin/python, Venv, venv, 3.11.5) for '~/dev/weber/weber.csv - Data Wrangler' (disableUI=false)
10:57:56.062 [info] Process Execution: ~/dev/weber/venv/bin/python -m pip list
10:57:56.084 [info] Process Execution: ~/dev/weber/venv/bin/python -c "import ipykernel; print(ipykernel.__version__); print("5dc3a68c-e34e-4080-9c3e-2a532b2ccb4d"); print(ipykernel.__file__)"
10:57:56.104 [info] Process Execution: ~/dev/weber/venv/bin/python -m ipykernel_launcher --ip=127.0.0.1 --stdin=9003 --control=9001 --hb=9000 --Session.signature_scheme="hmac-sha256" --Session.key=b"7f48ee11-b564-446e-b7f3-cd6a71f8a47d" --shell=9002 --transport="tcp" --iopub=9004 --f=~/.local/share/jupyter/runtime/kernel-v2-15518fuR7PldX3wJ8.json
    > cwd: ~/dev/weber
10:57:56.114 [warn] Stderr output when getting ipykernel version & path Traceback (most recent call last):
    File "<string>", line 1, in <module>
    ModuleNotFoundError: No module named 'ipykernel' for ~/dev/weber/venv/bin/python
10:57:56.122 [warn] StdErr from Kernel Process ~/dev/weber/venv/bin/python: No module named ipykernel_launcher
10:57:56.123 [error] Disposing kernel process due to an error Error: The kernel died. Error: ~/dev/weber/venv/bin/python: No module named ipykernel_launcher... View Jupyter [log](command:jupyter.viewOutput) for further details.
    > Kernel Id = .jvsc74a57bd038a149ada9de2d69110d0b945691c5851e27b24fc728a6299a3116db6d5fd2f9.~/dev/weber/venv/python.~/dev/weber/venv/python.-m#ipykernel_launcher
    > Interpreter Id = ~/dev/weber/venv/bin/python
    > at ChildProcess.<anonymous> (~/.vscode/extensions/ms-toolsai.jupyter-2023.8.1002501831-linux-x64/out/extension.node.js:24:86447)
    > stdErr = ~/dev/weber/venv/bin/python: No module named ipykernel_launcher
10:57:56.123 [info] Dispose Kernel process 16654.
10:57:56.125 [error] Kernel Launcher. launch, Class name = ty, completed in 154ms, has a falsy return value, Arg 1: "~/dev/weber/venv/python.~/dev/weber/venv/python.-m#ipykernel_launcher", Arg 2: 60000, Arg 3: "~/dev/weber/weber.csv - Data Wrangler", Arg 4: "~/dev/weber", Arg 5: "" Error: The kernel died. Error: ~/dev/weber/venv/bin/python: No module named ipykernel_launcher... View Jupyter [log](command:jupyter.viewOutput) for further details.
    > Kernel Id = .jvsc74a57bd038a149ada9de2d69110d0b945691c5851e27b24fc728a6299a3116db6d5fd2f9.~/dev/weber/venv/python.~/dev/weber/venv/python.-m#ipykernel_launcher
    > Interpreter Id = ~/dev/weber/venv/bin/python
    > at ChildProcess.<anonymous> (~/.vscode/extensions/ms-toolsai.jupyter-2023.8.1002501831-linux-x64/out/extension.node.js:24:86447)
    > stdErr = ~/dev/weber/venv/bin/python: No module named ipykernel_launcher
10:57:56.126 [error] Failed to connect raw kernel session: Error: The kernel died. Error: ~/dev/weber/venv/bin/python: No module named ipykernel_launcher... View Jupyter [log](command:jupyter.viewOutput) for further details.
10:57:56.126 [error] Failed to connect raw kernel session: Error: The kernel died. Error: ~/dev/weber/venv/bin/python: No module named ipykernel_launcher... View Jupyter [log](command:jupyter.viewOutput) for further details.
10:57:56.127 [warn] Error occurred while trying to start the kernel, options.disableUI=false Error: The kernel died. Error: ~/dev/weber/venv/bin/python: No module named ipykernel_launcher... View Jupyter [log](command:jupyter.viewOutput) for further details.
    > Kernel Id = .jvsc74a57bd038a149ada9de2d69110d0b945691c5851e27b24fc728a6299a3116db6d5fd2f9.~/dev/weber/venv/python.~/dev/weber/venv/python.-m#ipykernel_launcher
    > Interpreter Id = ~/dev/weber/venv/bin/python
    > at ChildProcess.<anonymous> (~/.vscode/extensions/ms-toolsai.jupyter-2023.8.1002501831-linux-x64/out/extension.node.js:24:86447)
    > stdErr = ~/dev/weber/venv/bin/python: No module named ipykernel_launcher
10:57:56.127 [warn] Kernel Error, context = start Error: The kernel died. Error: ~/dev/weber/venv/bin/python: No module named ipykernel_launcher... View Jupyter [log](command:jupyter.viewOutput) for further details.
    > Kernel Id = .jvsc74a57bd038a149ada9de2d69110d0b945691c5851e27b24fc728a6299a3116db6d5fd2f9.~/dev/weber/venv/python.~/dev/weber/venv/python.-m#ipykernel_launcher
    > Interpreter Id = ~/dev/weber/venv/bin/python
    > at ChildProcess.<anonymous> (~/.vscode/extensions/ms-toolsai.jupyter-2023.8.1002501831-linux-x64/out/extension.node.js:24:86447)
    > stdErr = ~/dev/weber/venv/bin/python: No module named ipykernel_launcher
10:57:56.147 [info] Process Execution: ~/dev/weber/venv/bin/python -c "import ipykernel;print('6af208d0-cb9c-427f-b937-ff563e17efdf')"
10:57:56.158 [info] Check & install missing Kernel dependencies for ~/dev/weber/venv/bin/python, ui.disabled=false for resource '~/dev/weber/weber.csv - Data Wrangler'
10:57:56.179 [info] Process Execution: ~/dev/weber/venv/bin/python -c "import ipykernel;print('6af208d0-cb9c-427f-b937-ff563e17efdf')"
10:57:56.212 [info] Process Execution: ~/dev/weber/venv/bin/python -c "import pip;print('6af208d0-cb9c-427f-b937-ff563e17efdf')"
10:57:57.971 [info] Process Execution: ~/dev/weber/venv/bin/python -c "import pip;print('6af208d0-cb9c-427f-b937-ff563e17efdf')"
10:57:58.008 [info] Process Execution: ~/dev/weber/venv/bin/python -m pip install -U ipykernel
10:58:38.480 [info] Process Execution: ~/dev/weber/venv/bin/python -c "import ipykernel;print('6af208d0-cb9c-427f-b937-ff563e17efdf')"
10:58:38.601 [info] Dispose Kernel '~/dev/weber/weber.csv - Data Wrangler' associated with '~/dev/weber/weber.csv - Data Wrangler'
10:58:38.609 [info] Process Execution: ~/dev/weber/venv/bin/python -m pip list
10:58:38.610 [info] Starting Kernel startUsingPythonInterpreter, .jvsc74a57bd038a149ada9de2d69110d0b945691c5851e27b24fc728a6299a3116db6d5fd2f9.~/dev/weber/venv/python.~/dev/weber/venv/python.-m#ipykernel_launcher  (Python Path: ~/dev/weber/venv/bin/python, Venv, venv, 3.11.5) for '~/dev/weber/weber.csv - Data Wrangler' (disableUI=false)
10:58:38.624 [info] Process Execution: ~/dev/weber/venv/bin/python -c "import ipykernel; print(ipykernel.__version__); print("5dc3a68c-e34e-4080-9c3e-2a532b2ccb4d"); print(ipykernel.__file__)"
10:58:38.651 [info] Process Execution: ~/dev/weber/venv/bin/python -m ipykernel_launcher --ip=127.0.0.1 --stdin=9011 --control=9009 --hb=9008 --Session.signature_scheme="hmac-sha256" --Session.key=b"ff202ad0-34c7-49c9-94db-7e436f4a7224" --shell=9010 --transport="tcp" --iopub=9012 --f=~/.local/share/jupyter/runtime/kernel-v2-15518rEfde7S78srO.json
    > cwd: ~/dev/weber
10:58:38.786 [info] ipykernel version & path 6.25.2, ~/dev/weber/venv/lib/python3.11/site-packages/ipykernel/__init__.py for ~/dev/weber/venv/bin/python
10:58:38.986 [warn] StdErr from Kernel Process 0.00s - Debugger warning: It seems that frozen modules are being used, which may
0.00s - make the debugger miss breakpoints. Please pass -Xfrozen_modules=off
0.00s - to python to disable frozen modules.
0.00s - Note: Debugging will proceed. Set PYDEVD_DISABLE_FILE_VALIDATION=1 to disable this validation.
10:58:43.761 [info] Dispose Kernel '~/dev/weber/weber.csv - Data Wrangler' associated with '~/dev/weber/weber.csv - Data Wrangler'
10:58:43.763 [info] Dispose Kernel process 16719.
10:58:46.707 [info] Starting Kernel startUsingPythonInterpreter, .jvsc74a57bd038a149ada9de2d69110d0b945691c5851e27b24fc728a6299a3116db6d5fd2f9.~/dev/weber/venv/python.~/dev/weber/venv/python.-m#ipykernel_launcher  (Python Path: ~/dev/weber/venv/bin/python, Venv, venv, 3.11.5) for '~/dev/weber/weber.csv - Data Wrangler' (disableUI=false)
10:58:46.722 [info] Process Execution: ~/dev/weber/venv/bin/python -c "import ipykernel; print(ipykernel.__version__); print("5dc3a68c-e34e-4080-9c3e-2a532b2ccb4d"); print(ipykernel.__file__)"
10:58:46.746 [info] Process Execution: ~/dev/weber/venv/bin/python -m ipykernel_launcher --ip=127.0.0.1 --stdin=9011 --control=9009 --hb=9008 --Session.signature_scheme="hmac-sha256" --Session.key=b"656613c9-98f0-485e-bb88-3afc0643a5c8" --shell=9010 --transport="tcp" --iopub=9012 --f=~/.local/share/jupyter/runtime/kernel-v2-15518QHdTFu7hnlx8.json
    > cwd: ~/dev/weber
10:58:46.868 [info] ipykernel version & path 6.25.2, ~/dev/weber/venv/lib/python3.11/site-packages/ipykernel/__init__.py for ~/dev/weber/venv/bin/python
10:58:47.036 [warn] StdErr from Kernel Process 0.00s - Debugger warning: It seems that frozen modules are being used, which may
0.00s - make the debugger miss breakpoints. Please pass -Xfrozen_modules=off
0.00s - to python to disable frozen modules.
0.00s - Note: Debugging will proceed. Set PYDEVD_DISABLE_FILE_VALIDATION=1 to disable this validation.
10:59:08.612 [info] Dispose Kernel '~/dev/weber/weber.csv - Data Wrangler' associated with '~/dev/weber/weber.csv - Data Wrangler'
10:59:08.613 [info] Dispose Kernel process 16753.
10:59:16.735 [info] Starting Kernel startUsingPythonInterpreter, .jvsc74a57bd038a149ada9de2d69110d0b945691c5851e27b24fc728a6299a3116db6d5fd2f9.~/dev/weber/venv/python.~/dev/weber/venv/python.-m#ipykernel_launcher  (Python Path: ~/dev/weber/venv/bin/python, Venv, venv, 3.11.5) for '~/dev/weber/weber.csv - Data Wrangler' (disableUI=false)
10:59:16.763 [info] Process Execution: ~/dev/weber/venv/bin/python -c "import ipykernel; print(ipykernel.__version__); print("5dc3a68c-e34e-4080-9c3e-2a532b2ccb4d"); print(ipykernel.__file__)"
10:59:16.786 [info] Process Execution: ~/dev/weber/venv/bin/python -m ipykernel_launcher --ip=127.0.0.1 --stdin=9011 --control=9009 --hb=9008 --Session.signature_scheme="hmac-sha256" --Session.key=b"17e17279-ca5e-4357-bb59-1a83560b2e0b" --shell=9010 --transport="tcp" --iopub=9012 --f=~/.local/share/jupyter/runtime/kernel-v2-155187pLR4YvpcJlw.json
    > cwd: ~/dev/weber
10:59:16.906 [info] ipykernel version & path 6.25.2, ~/dev/weber/venv/lib/python3.11/site-packages/ipykernel/__init__.py for ~/dev/weber/venv/bin/python
10:59:17.079 [warn] StdErr from Kernel Process 0.00s - Debugger warning: It seems that frozen modules are being used, which may
0.00s - make the debugger miss breakpoints. Please pass -Xfrozen_modules=off
0.00s - to python to disable frozen modules.
0.00s - Note: Debugging will proceed. Set PYDEVD_DISABLE_FILE_VALIDATION=1 to disable this validation.
10:59:50.063 [info] Disposing HostJupyterExecution
10:59:50.063 [info] Shutting down notebooks for 27abf532-6db7-45f4-bf51-8857edab54ad
10:59:50.063 [info] Dispose Kernel '~/dev/weber/weber.csv - Data Wrangler' associated with '~/dev/weber/weber.csv - Data Wrangler'
10:59:50.064 [info] Dispose Kernel '~/dev/weber/weber.csv - Data Wrangler' associated with '~/dev/weber/weber.csv - Data Wrangler'
10:59:50.064 [info] Dispose Kernel '~/dev/weber/weber.csv - Data Wrangler' associated with '~/dev/weber/weber.csv - Data Wrangler'
10:59:50.064 [info] Dispose Kernel '~/dev/weber/weber.csv - Data Wrangler' associated with '~/dev/weber/weber.csv - Data Wrangler'
10:59:50.064 [info] Dispose Kernel process 16801.
10:59:50.081 [info] Disposing HostJupyterExecution
10:59:50.143 [warn] Failed to delete connection file file://~/.local/share/jupyter/runtime/kernel-v2-155187pLR4YvpcJlw.json for pid 16801 Canceled (FileSystemError): Canceled
    at Function.e (/opt/visual-studio-code/resources/app/out/vs/workbench/api/node/extensionHostProcess.js:109:27846)
    at Object.stat (/opt/visual-studio-code/resources/app/out/vs/workbench/api/node/extensionHostProcess.js:109:24556)
    at Lu.delete (~/.vscode/extensions/ms-toolsai.jupyter-2023.8.1002501831-linux-x64/out/extension.node.js:17:19371)
    at ~/.vscode/extensions/ms-toolsai.jupyter-2023.8.1002501831-linux-x64/out/extension.node.js:24:88707 {
  code: 'Unknown'
}
