2023-09-18 19:39:36.029 [info] Configuration changed
2023-09-18 19:39:36.093 [info] Configuration changed
2023-09-18 19:39:36.099 [info] Configuration changed
2023-09-18 19:39:40.619 [warning] invalid cursor position. [[618, 25] | [618, 25]].
2023-09-18 19:39:40.911 [warning] invalid cursor position. [[616, 25] | [616, 25]].
2023-09-18 19:39:58.929 [info] Configuration changed
2023-09-18 19:40:07.766 [info] Configuration changed
2023-09-18 19:40:10.619 [info] Active editor: vscode-userdata:/home/rtviii/.config/Code/User/settings.json
2023-09-18 19:40:19.025 [info] Configuration changed
2023-09-18 19:40:24.415 [info] Active editor: vscode-userdata:/home/rtviii/.config/Code/User/settings.json
2023-09-18 19:40:38.945 [info] Configuration changed
2023-09-18 19:40:41.057 [info] Active editor: file:///home/rtviii/dev/riboxyz/scripts/test.py
2023-09-18 19:40:54.340 [info] Active editor: vscode-userdata:/home/rtviii/.config/Code/User/settings.json
2023-09-18 19:41:34.226 [info] Configuration changed
2023-09-18 19:41:38.795 [info] Active editor: file:///home/rtviii/dev/riboxyz/scripts/test.py
2023-09-18 19:41:43.436 [info] Active editor: vscode-userdata:/home/rtviii/.config/Code/User/settings.json
2023-09-18 19:41:53.685 [info] Active editor: file:///home/rtviii/dev/riboxyz/scripts/test.py
2023-09-18 19:41:56.496 [info] /home/rtviii/.config/Code/User/settings.json closed
2023-09-18 19:41:58.856 [info] Active editor: vscode-userdata:/home/rtviii/.config/Code/User/settings.json
2023-09-18 19:42:03.879 [info] /home/rtviii/.config/Code/User/settings.json closed
2023-09-18 19:42:03.884 [info] Active editor: file:///home/rtviii/dev/riboxyz/scripts/test.py
2023-09-18 19:42:06.878 [info] Active editor: file:///home/rtviii/dev/riboxyz/ribctl/lib/utils.py
2023-09-18 19:42:08.422 [info] /home/rtviii/dev/riboxyz/ribctl/lib/utils.py closed
2023-09-18 19:42:08.423 [info] /home/rtviii/dev/riboxyz/ribctl/lib/utils.py.git closed
2023-09-18 19:42:08.429 [info] Active editor: file:///home/rtviii/dev/riboxyz/scripts/test.py
2023-09-18 19:42:37.929 [info] Configuration changed
2023-09-18 19:42:58.587 [info] /settings/user closed
2023-09-18 19:42:58.782 [info] /settings/resourceLanguage closed
2023-09-18 19:42:58.924 [info] /ignoredSettings closed
2023-09-18 19:42:59.014 [info] /launch closed
2023-09-18 19:42:59.027 [info] /token-styling closed
2023-09-18 19:42:59.028 [info] /textmate-colors closed
2023-09-18 19:42:59.034 [info] /workbench-colors closed
2023-09-18 19:43:56.028 [warning] invalid cursor position. [[28, 49] | [28, 49]].
2023-09-18 19:43:56.194 [warning] invalid cursor position. [[27, 49] | [27, 49]].
2023-09-18 19:43:56.515 [warning] invalid cursor position. [[28, 49] | [28, 49]].
2023-09-18 19:44:06.314 [info] Active editor: vscode-userdata:/home/rtviii/.config/Code/User/settings.json
2023-09-18 19:44:32.162 [info] Active editor: vscode-userdata:/home/rtviii/.config/Code/User/settings.json
2023-09-18 19:44:33.848 [info] Configuration changed
2023-09-18 19:44:36.622 [warning] invalid cursor position. [[599, 22] | [599, 22]].
2023-09-18 19:44:39.949 [info] Active editor: file:///home/rtviii/dev/riboxyz/scripts/test.py
2023-09-18 19:44:52.812 [info] Active editor: vscode-userdata:/home/rtviii/.config/Code/User/settings.json
2023-09-18 19:44:54.076 [info] Active editor: file:///home/rtviii/dev/riboxyz/scripts/test.py
2023-09-18 19:44:54.701 [info] Active editor: vscode-userdata:/home/rtviii/.config/Code/User/settings.json
2023-09-18 19:44:58.576 [warning] invalid cursor position. [[600, 26] | [600, 26]].
2023-09-18 19:44:58.943 [warning] invalid cursor position. [[600, 26] | [600, 26]].
2023-09-18 19:45:07.183 [warning] invalid cursor position. [[602, 48] | [602, 48]].
2023-09-18 19:45:07.338 [info] Configuration changed
2023-09-18 19:45:07.414 [warning] invalid cursor position. [[603, 48] | [603, 48]].
2023-09-18 19:45:09.854 [warning] invalid cursor position. [[604, 34] | [604, 34]].
2023-09-18 19:45:09.991 [info] Configuration changed
2023-09-18 19:45:10.045 [warning] invalid cursor position. [[605, 34] | [605, 34]].
2023-09-18 19:45:10.115 [warning] invalid cursor position. [[606, 34] | [606, 34]].
2023-09-18 19:45:10.602 [warning] invalid cursor position. [[608, 34] | [608, 34]].
2023-09-18 19:45:14.145 [info] Configuration changed
2023-09-18 19:45:14.228 [warning] invalid cursor position. [[608, 34] | [608, 34]].
2023-09-18 19:45:14.876 [warning] invalid cursor position. [[606, 34] | [606, 34]].
2023-09-18 19:45:15.191 [warning] invalid cursor position. [[605, 34] | [605, 34]].
2023-09-18 19:45:15.350 [warning] invalid cursor position. [[604, 34] | [604, 34]].
2023-09-18 19:45:15.848 [warning] invalid cursor position. [[602, 34] | [602, 34]].
2023-09-18 19:45:16.182 [warning] invalid cursor position. [[600, 34] | [600, 34]].
2023-09-18 19:45:16.516 [warning] invalid cursor position. [[602, 34] | [602, 34]].
2023-09-18 19:45:16.884 [warning] invalid cursor position. [[604, 34] | [604, 34]].
2023-09-18 19:45:17.076 [warning] invalid cursor position. [[605, 34] | [605, 34]].
2023-09-18 19:45:17.272 [warning] invalid cursor position. [[604, 34] | [604, 34]].
2023-09-18 19:45:17.597 [warning] invalid cursor position. [[602, 34] | [602, 34]].
2023-09-18 19:45:18.174 [warning] invalid cursor position. [[600, 34] | [600, 34]].
2023-09-18 19:45:18.828 [warning] invalid cursor position. [[602, 34] | [602, 34]].
2023-09-18 19:45:19.184 [warning] invalid cursor position. [[602, 34] | [602, 34]].
2023-09-18 19:45:19.569 [warning] invalid cursor position. [[600, 34] | [600, 34]].
2023-09-18 19:45:19.934 [warning] invalid cursor position. [[602, 34] | [602, 34]].
2023-09-18 19:45:20.332 [warning] invalid cursor position. [[600, 34] | [600, 34]].
2023-09-18 19:45:27.650 [info] Configuration changed
2023-09-18 19:45:29.662 [warning] invalid cursor position. [[602, 53] | [602, 53]].
2023-09-18 19:45:29.814 [warning] invalid cursor position. [[603, 53] | [603, 53]].
2023-09-18 19:45:30.001 [warning] invalid cursor position. [[608, 35] | [608, 35]].
2023-09-18 19:45:31.366 [warning] invalid cursor position. [[606, 35] | [606, 35]].
2023-09-18 19:45:33.417 [info] Configuration changed
2023-09-18 19:45:39.919 [info] Configuration changed
2023-09-18 19:45:40.609 [warning] invalid cursor position. [[602, 73] | [602, 73]].
2023-09-18 19:45:40.735 [warning] invalid cursor position. [[603, 73] | [603, 73]].
2023-09-18 19:45:41.075 [warning] invalid cursor position. [[602, 30] | [602, 30]].
2023-09-18 19:45:41.348 [warning] invalid cursor position. [[600, 29] | [600, 29]].
2023-09-18 19:47:06.407 [info] /settings/user closed
2023-09-18 19:47:06.489 [info] /settings/resourceLanguage closed
2023-09-18 19:47:06.491 [info] /ignoredSettings closed
2023-09-18 19:47:06.530 [info] /launch closed
2023-09-18 19:47:06.531 [info] /token-styling closed
2023-09-18 19:47:06.533 [info] /textmate-colors closed
2023-09-18 19:47:06.536 [info] /workbench-colors closed
