2023-09-18 11:00:31.215 [info] Log level: Info
2023-09-18 11:00:31.215 [info] Validating found git in: "git"
2023-09-18 11:00:31.215 [info] Using git "2.42.0" from "git"
2023-09-18 11:00:31.215 [info] > git rev-parse --show-toplevel [1ms]
2023-09-18 11:00:31.215 [info] fatal: not a git repository (or any parent up to mount point /)
Stopping at filesystem boundary (GIT_DISCOVERY_ACROSS_FILESYSTEM not set).
2023-09-18 11:00:31.215 [info] > git rev-parse --show-toplevel [6ms]
2023-09-18 11:00:31.215 [info] fatal: not a git repository (or any parent up to mount point /)
Stopping at filesystem boundary (GIT_DISCOVERY_ACROSS_FILESYSTEM not set).
2023-09-18 11:00:31.215 [info] > git rev-parse --show-toplevel [3ms]
2023-09-18 11:00:31.215 [info] fatal: not a git repository (or any parent up to mount point /)
Stopping at filesystem boundary (GIT_DISCOVERY_ACROSS_FILESYSTEM not set).
2023-09-18 11:00:31.908 [info] > git rev-parse --show-toplevel [21ms]
2023-09-18 11:00:31.908 [info] fatal: not a git repository (or any parent up to mount point /)
Stopping at filesystem boundary (GIT_DISCOVERY_ACROSS_FILESYSTEM not set).
2023-09-18 11:00:33.591 [info] > git rev-parse --show-toplevel [1ms]
2023-09-18 11:00:33.591 [info] fatal: not a git repository (or any parent up to mount point /)
Stopping at filesystem boundary (GIT_DISCOVERY_ACROSS_FILESYSTEM not set).
2023-09-18 11:02:56.258 [info] > git rev-parse --show-toplevel [1ms]
2023-09-18 11:02:56.258 [info] fatal: not a git repository (or any parent up to mount point /)
Stopping at filesystem boundary (GIT_DISCOVERY_ACROSS_FILESYSTEM not set).
2023-09-18 11:05:58.541 [info] > git rev-parse --show-toplevel [11ms]
2023-09-18 11:05:58.541 [info] fatal: not a git repository (or any parent up to mount point /)
Stopping at filesystem boundary (GIT_DISCOVERY_ACROSS_FILESYSTEM not set).
2023-09-18 11:06:02.757 [info] > git rev-parse --show-toplevel [2ms]
2023-09-18 11:06:02.757 [info] fatal: not a git repository (or any parent up to mount point /)
Stopping at filesystem boundary (GIT_DISCOVERY_ACROSS_FILESYSTEM not set).
2023-09-18 11:06:04.270 [info] > git rev-parse --show-toplevel [2ms]
2023-09-18 11:06:04.270 [info] fatal: not a git repository (or any parent up to mount point /)
Stopping at filesystem boundary (GIT_DISCOVERY_ACROSS_FILESYSTEM not set).
2023-09-18 11:06:23.999 [info] > git rev-parse --show-toplevel [2ms]
2023-09-18 11:06:23.999 [info] fatal: not a git repository (or any parent up to mount point /)
Stopping at filesystem boundary (GIT_DISCOVERY_ACROSS_FILESYSTEM not set).
2023-09-18 11:15:59.708 [info] > git rev-parse --show-toplevel [1ms]
2023-09-18 11:15:59.708 [info] fatal: not a git repository (or any parent up to mount point /)
Stopping at filesystem boundary (GIT_DISCOVERY_ACROSS_FILESYSTEM not set).
2023-09-18 11:18:42.232 [info] > git rev-parse --show-toplevel [2ms]
2023-09-18 11:18:42.232 [info] fatal: not a git repository (or any parent up to mount point /)
Stopping at filesystem boundary (GIT_DISCOVERY_ACROSS_FILESYSTEM not set).
2023-09-18 11:19:11.540 [info] > git rev-parse --show-toplevel [2ms]
2023-09-18 11:19:11.540 [info] fatal: not a git repository (or any parent up to mount point /)
Stopping at filesystem boundary (GIT_DISCOVERY_ACROSS_FILESYSTEM not set).
2023-09-18 11:21:14.160 [info] > git rev-parse --show-toplevel [2ms]
2023-09-18 11:21:14.160 [info] fatal: not a git repository (or any parent up to mount point /)
Stopping at filesystem boundary (GIT_DISCOVERY_ACROSS_FILESYSTEM not set).
2023-09-18 11:22:14.767 [info] > git rev-parse --show-toplevel [30ms]
2023-09-18 11:22:14.767 [info] fatal: not a git repository (or any parent up to mount point /)
Stopping at filesystem boundary (GIT_DISCOVERY_ACROSS_FILESYSTEM not set).
2023-09-18 11:22:21.445 [info] > git rev-parse --show-toplevel [2ms]
2023-09-18 11:22:21.445 [info] fatal: not a git repository (or any parent up to mount point /)
Stopping at filesystem boundary (GIT_DISCOVERY_ACROSS_FILESYSTEM not set).
2023-09-18 11:23:58.778 [info] > git rev-parse --show-toplevel [2ms]
2023-09-18 11:23:58.778 [info] fatal: not a git repository (or any parent up to mount point /)
Stopping at filesystem boundary (GIT_DISCOVERY_ACROSS_FILESYSTEM not set).
2023-09-18 11:24:47.987 [info] > git rev-parse --show-toplevel [2ms]
2023-09-18 11:24:47.987 [info] fatal: not a git repository (or any parent up to mount point /)
Stopping at filesystem boundary (GIT_DISCOVERY_ACROSS_FILESYSTEM not set).
2023-09-18 11:25:05.625 [info] > git rev-parse --show-toplevel [1ms]
2023-09-18 11:25:05.625 [info] fatal: not a git repository (or any parent up to mount point /)
Stopping at filesystem boundary (GIT_DISCOVERY_ACROSS_FILESYSTEM not set).
2023-09-18 11:25:09.888 [info] > git rev-parse --show-toplevel [2ms]
2023-09-18 11:25:09.888 [info] fatal: not a git repository (or any parent up to mount point /)
Stopping at filesystem boundary (GIT_DISCOVERY_ACROSS_FILESYSTEM not set).
2023-09-18 11:27:24.078 [info] > git rev-parse --show-toplevel [1ms]
2023-09-18 11:27:24.078 [info] fatal: not a git repository (or any parent up to mount point /)
Stopping at filesystem boundary (GIT_DISCOVERY_ACROSS_FILESYSTEM not set).
2023-09-18 11:27:42.665 [info] > git rev-parse --show-toplevel [2ms]
2023-09-18 11:27:42.665 [info] fatal: not a git repository (or any parent up to mount point /)
Stopping at filesystem boundary (GIT_DISCOVERY_ACROSS_FILESYSTEM not set).
2023-09-18 11:27:47.522 [info] > git rev-parse --show-toplevel [3ms]
2023-09-18 11:27:47.522 [info] fatal: not a git repository (or any parent up to mount point /)
Stopping at filesystem boundary (GIT_DISCOVERY_ACROSS_FILESYSTEM not set).
2023-09-18 11:28:04.390 [info] > git rev-parse --show-toplevel [2ms]
2023-09-18 11:28:04.390 [info] fatal: not a git repository (or any parent up to mount point /)
Stopping at filesystem boundary (GIT_DISCOVERY_ACROSS_FILESYSTEM not set).
2023-09-18 11:33:16.773 [info] > git rev-parse --show-toplevel [2ms]
2023-09-18 11:33:16.773 [info] fatal: not a git repository (or any parent up to mount point /)
Stopping at filesystem boundary (GIT_DISCOVERY_ACROSS_FILESYSTEM not set).
2023-09-18 11:33:27.014 [info] > git rev-parse --show-toplevel [2ms]
2023-09-18 11:33:27.014 [info] fatal: not a git repository (or any parent up to mount point /)
Stopping at filesystem boundary (GIT_DISCOVERY_ACROSS_FILESYSTEM not set).
2023-09-18 11:33:42.544 [info] > git rev-parse --show-toplevel [1ms]
2023-09-18 11:33:42.544 [info] fatal: not a git repository (or any parent up to mount point /)
Stopping at filesystem boundary (GIT_DISCOVERY_ACROSS_FILESYSTEM not set).
2023-09-18 11:33:51.396 [info] > git rev-parse --show-toplevel [2ms]
2023-09-18 11:33:51.396 [info] fatal: not a git repository (or any parent up to mount point /)
Stopping at filesystem boundary (GIT_DISCOVERY_ACROSS_FILESYSTEM not set).
2023-09-18 11:34:00.168 [info] > git rev-parse --show-toplevel [2ms]
2023-09-18 11:34:00.168 [info] fatal: not a git repository (or any parent up to mount point /)
Stopping at filesystem boundary (GIT_DISCOVERY_ACROSS_FILESYSTEM not set).
2023-09-18 11:34:05.669 [info] > git rev-parse --show-toplevel [2ms]
2023-09-18 11:34:05.669 [info] fatal: not a git repository (or any parent up to mount point /)
Stopping at filesystem boundary (GIT_DISCOVERY_ACROSS_FILESYSTEM not set).
2023-09-18 11:34:13.135 [info] > git rev-parse --show-toplevel [2ms]
2023-09-18 11:34:13.135 [info] fatal: not a git repository (or any parent up to mount point /)
Stopping at filesystem boundary (GIT_DISCOVERY_ACROSS_FILESYSTEM not set).
2023-09-18 11:34:17.349 [info] > git rev-parse --show-toplevel [1ms]
2023-09-18 11:34:17.349 [info] fatal: not a git repository (or any parent up to mount point /)
Stopping at filesystem boundary (GIT_DISCOVERY_ACROSS_FILESYSTEM not set).
2023-09-18 11:34:19.924 [info] > git rev-parse --show-toplevel [2ms]
2023-09-18 11:34:19.924 [info] fatal: not a git repository (or any parent up to mount point /)
Stopping at filesystem boundary (GIT_DISCOVERY_ACROSS_FILESYSTEM not set).
2023-09-18 11:34:24.092 [info] > git rev-parse --show-toplevel [2ms]
2023-09-18 11:34:24.092 [info] fatal: not a git repository (or any parent up to mount point /)
Stopping at filesystem boundary (GIT_DISCOVERY_ACROSS_FILESYSTEM not set).
2023-09-18 11:34:28.925 [info] > git rev-parse --show-toplevel [3ms]
2023-09-18 11:34:28.925 [info] fatal: not a git repository (or any parent up to mount point /)
Stopping at filesystem boundary (GIT_DISCOVERY_ACROSS_FILESYSTEM not set).
2023-09-18 11:36:28.851 [info] > git rev-parse --show-toplevel [2ms]
2023-09-18 11:36:28.851 [info] fatal: not a git repository (or any parent up to mount point /)
Stopping at filesystem boundary (GIT_DISCOVERY_ACROSS_FILESYSTEM not set).
2023-09-18 11:36:56.747 [info] > git rev-parse --show-toplevel [2ms]
2023-09-18 11:36:56.747 [info] fatal: not a git repository (or any parent up to mount point /)
Stopping at filesystem boundary (GIT_DISCOVERY_ACROSS_FILESYSTEM not set).
2023-09-18 11:36:58.221 [info] > git rev-parse --show-toplevel [1ms]
2023-09-18 11:36:58.221 [info] fatal: not a git repository (or any parent up to mount point /)
Stopping at filesystem boundary (GIT_DISCOVERY_ACROSS_FILESYSTEM not set).
2023-09-18 11:37:22.624 [info] > git rev-parse --show-toplevel [1ms]
2023-09-18 11:37:22.624 [info] fatal: not a git repository (or any parent up to mount point /)
Stopping at filesystem boundary (GIT_DISCOVERY_ACROSS_FILESYSTEM not set).
2023-09-18 11:38:44.831 [info] > git rev-parse --show-toplevel [5ms]
2023-09-18 11:38:44.831 [info] fatal: not a git repository (or any parent up to mount point /)
Stopping at filesystem boundary (GIT_DISCOVERY_ACROSS_FILESYSTEM not set).
2023-09-18 11:39:53.793 [info] > git rev-parse --show-toplevel [2ms]
2023-09-18 11:39:53.793 [info] fatal: not a git repository (or any parent up to mount point /)
Stopping at filesystem boundary (GIT_DISCOVERY_ACROSS_FILESYSTEM not set).
2023-09-18 11:40:19.207 [info] > git rev-parse --show-toplevel [2ms]
2023-09-18 11:40:19.207 [info] fatal: not a git repository (or any parent up to mount point /)
Stopping at filesystem boundary (GIT_DISCOVERY_ACROSS_FILESYSTEM not set).
2023-09-18 11:40:41.365 [info] > git rev-parse --show-toplevel [1ms]
2023-09-18 11:40:41.365 [info] fatal: not a git repository (or any parent up to mount point /)
Stopping at filesystem boundary (GIT_DISCOVERY_ACROSS_FILESYSTEM not set).
2023-09-18 11:41:32.268 [info] > git rev-parse --show-toplevel [2ms]
2023-09-18 11:41:32.268 [info] fatal: not a git repository (or any parent up to mount point /)
Stopping at filesystem boundary (GIT_DISCOVERY_ACROSS_FILESYSTEM not set).
2023-09-18 11:42:40.915 [info] > git rev-parse --show-toplevel [1ms]
2023-09-18 11:42:40.915 [info] fatal: not a git repository (or any parent up to mount point /)
Stopping at filesystem boundary (GIT_DISCOVERY_ACROSS_FILESYSTEM not set).
2023-09-18 11:42:50.186 [info] > git rev-parse --show-toplevel [2ms]
2023-09-18 11:42:50.186 [info] fatal: not a git repository (or any parent up to mount point /)
Stopping at filesystem boundary (GIT_DISCOVERY_ACROSS_FILESYSTEM not set).
2023-09-18 11:42:54.779 [info] > git rev-parse --show-toplevel [2ms]
2023-09-18 11:42:54.779 [info] fatal: not a git repository (or any parent up to mount point /)
Stopping at filesystem boundary (GIT_DISCOVERY_ACROSS_FILESYSTEM not set).
2023-09-18 11:42:56.159 [info] > git rev-parse --show-toplevel [2ms]
2023-09-18 11:42:56.159 [info] fatal: not a git repository (or any parent up to mount point /)
Stopping at filesystem boundary (GIT_DISCOVERY_ACROSS_FILESYSTEM not set).
2023-09-18 11:42:56.723 [info] > git rev-parse --show-toplevel [2ms]
2023-09-18 11:42:56.723 [info] fatal: not a git repository (or any parent up to mount point /)
Stopping at filesystem boundary (GIT_DISCOVERY_ACROSS_FILESYSTEM not set).
2023-09-18 11:42:57.179 [info] > git rev-parse --show-toplevel [1ms]
2023-09-18 11:42:57.179 [info] fatal: not a git repository (or any parent up to mount point /)
Stopping at filesystem boundary (GIT_DISCOVERY_ACROSS_FILESYSTEM not set).
2023-09-18 11:43:55.069 [info] > git rev-parse --show-toplevel [1ms]
2023-09-18 11:43:55.069 [info] fatal: not a git repository (or any parent up to mount point /)
Stopping at filesystem boundary (GIT_DISCOVERY_ACROSS_FILESYSTEM not set).
2023-09-18 11:43:55.231 [info] > git rev-parse --show-toplevel [1ms]
2023-09-18 11:43:55.231 [info] fatal: not a git repository (or any parent up to mount point /)
Stopping at filesystem boundary (GIT_DISCOVERY_ACROSS_FILESYSTEM not set).
2023-09-18 11:44:26.327 [info] > git rev-parse --show-toplevel [2ms]
2023-09-18 11:44:26.327 [info] fatal: not a git repository (or any parent up to mount point /)
Stopping at filesystem boundary (GIT_DISCOVERY_ACROSS_FILESYSTEM not set).
2023-09-18 11:44:57.377 [info] > git rev-parse --show-toplevel [2ms]
2023-09-18 11:44:57.377 [info] fatal: not a git repository (or any parent up to mount point /)
Stopping at filesystem boundary (GIT_DISCOVERY_ACROSS_FILESYSTEM not set).
2023-09-18 11:50:03.297 [info] > git rev-parse --show-toplevel [6ms]
2023-09-18 11:50:03.297 [info] fatal: not a git repository (or any parent up to mount point /)
Stopping at filesystem boundary (GIT_DISCOVERY_ACROSS_FILESYSTEM not set).
2023-09-18 11:50:04.705 [info] > git rev-parse --show-toplevel [2ms]
2023-09-18 11:50:04.705 [info] fatal: not a git repository (or any parent up to mount point /)
Stopping at filesystem boundary (GIT_DISCOVERY_ACROSS_FILESYSTEM not set).
2023-09-18 11:50:05.579 [info] > git rev-parse --show-toplevel [2ms]
2023-09-18 11:50:05.579 [info] fatal: not a git repository (or any parent up to mount point /)
Stopping at filesystem boundary (GIT_DISCOVERY_ACROSS_FILESYSTEM not set).
2023-09-18 11:50:07.805 [info] > git rev-parse --show-toplevel [3ms]
2023-09-18 11:50:07.805 [info] fatal: not a git repository (or any parent up to mount point /)
Stopping at filesystem boundary (GIT_DISCOVERY_ACROSS_FILESYSTEM not set).
2023-09-18 11:50:42.094 [info] > git rev-parse --show-toplevel [2ms]
2023-09-18 11:50:42.094 [info] fatal: not a git repository (or any parent up to mount point /)
Stopping at filesystem boundary (GIT_DISCOVERY_ACROSS_FILESYSTEM not set).
2023-09-18 11:50:49.639 [info] > git rev-parse --show-toplevel [2ms]
2023-09-18 11:50:49.639 [info] fatal: not a git repository (or any parent up to mount point /)
Stopping at filesystem boundary (GIT_DISCOVERY_ACROSS_FILESYSTEM not set).
2023-09-18 12:03:01.741 [info] > git rev-parse --show-toplevel [1ms]
2023-09-18 12:03:01.741 [info] fatal: not a git repository (or any parent up to mount point /)
Stopping at filesystem boundary (GIT_DISCOVERY_ACROSS_FILESYSTEM not set).
