2023-09-18 19:34:22.220 [info] Added views:workbench.panel.markers.view in workbench.panel.markers
2023-09-18 19:34:22.221 [info] Added views:workbench.panel.output in workbench.panel.output
2023-09-18 19:34:22.221 [info] Added views:terminal in terminal
2023-09-18 19:34:22.221 [info] Added views:outline in workbench.view.explorer
2023-09-18 19:34:22.221 [info] Added views:workbench.scm in workbench.view.scm
2023-09-18 19:34:22.221 [info] Added views:workbench.view.search in workbench.view.search
2023-09-18 19:34:22.221 [info] Added views:timeline in workbench.view.explorer
2023-09-18 19:34:22.221 [info] Added views:workbench.explorer.fileView in workbench.view.explorer
2023-09-18 19:34:22.446 [info] Added views:workbench.debug.welcome in workbench.view.debug
2023-09-18 19:34:22.856 [info] Added views:bookmarksExplorer,bookmarksHelpAndFeedback in workbench.view.extension.bookmarks
2023-09-18 19:34:22.856 [info] Added views:gitlens.views.home,gitlens.views.workspaces,gitlens.views.account in workbench.view.extension.gitlens
2023-09-18 19:34:22.857 [info] Added views:gitlens.views.commitDetails,gitlens.views.lineHistory,gitlens.views.fileHistory,gitlens.views.searchAndCompare in workbench.view.extension.gitlensInspect
2023-09-18 19:34:22.857 [info] Added views:gitlens.views.commits,gitlens.views.branches,gitlens.views.remotes,gitlens.views.stashes,gitlens.views.tags,gitlens.views.contributors in workbench.view.scm
2023-09-18 19:34:22.858 [info] Added views:dockerContainers,dockerImages,dockerRegistries,dockerNetworks,dockerVolumes,vscode-docker.views.dockerContexts,vscode-docker.views.help in workbench.view.extension.dockerView
2023-09-18 19:34:23.060 [info] Added views:workbench.panel.repl.view in workbench.panel.repl
2023-09-18 19:34:23.653 [info] Added views:workbench.view.testing in workbench.view.extension.test
2023-09-18 19:34:24.162 [info] Added views:~remote.forwardedPorts in ~remote.forwardedPortsContainer
2023-09-18 19:34:24.992 [info] Added views:gitlens.views.graph,gitlens.views.graphDetails in workbench.view.extension.gitlensPanel
2023-09-18 19:34:24.992 [info] Added views:gitlens.views.timeline in workbench.view.extension.gitlensInspect
2023-09-18 19:34:24.994 [info] Added views:gitlens.views.worktrees in workbench.view.scm
2023-09-18 19:39:31.220 [info] Removed views:workbench.view.testing from workbench.view.extension.test
