2023-09-18 19:39:36.147 [info] Log level: Info
2023-09-18 19:39:36.147 [info] Validating found git in: "git"
2023-09-18 19:39:36.147 [info] Using git "2.42.0" from "git"
2023-09-18 19:39:36.147 [info] > git rev-parse --show-toplevel [22ms]
2023-09-18 19:39:36.147 [info] > git rev-parse --git-dir --git-common-dir [74ms]
2023-09-18 19:39:36.147 [info] Open repository: /home/rtviii/dev/riboxyz
2023-09-18 19:39:36.180 [info] > git rev-parse --show-toplevel [7ms]
2023-09-18 19:39:36.180 [info] > git config --get commit.template [19ms]
2023-09-18 19:39:36.223 [info] > git rev-parse --show-toplevel [27ms]
2023-09-18 19:39:36.237 [info] > git for-each-ref --format=%(refname)%00%(upstream:short)%00%(objectname)%00%(upstream:track)%00%(upstream:remotename)%00%(upstream:remoteref) refs/heads/remove_prody refs/remotes/remove_prody [16ms]
2023-09-18 19:39:36.299 [info] > git status -z -uall [42ms]
2023-09-18 19:39:36.303 [info] > git rev-parse --show-toplevel [67ms]
2023-09-18 19:39:36.376 [info] > git rev-parse --show-toplevel [3ms]
2023-09-18 19:39:36.376 [info] > git config --get commit.template [20ms]
2023-09-18 19:39:36.485 [info] > git rev-parse --show-toplevel [58ms]
2023-09-18 19:39:36.535 [info] > git for-each-ref --format=%(refname)%00%(upstream:short)%00%(objectname)%00%(upstream:track)%00%(upstream:remotename)%00%(upstream:remoteref) refs/heads/remove_prody refs/remotes/remove_prody [50ms]
2023-09-18 19:39:36.554 [info] > git fetch [418ms]
2023-09-18 19:39:36.573 [info] > git status -z -uall [20ms] (cancelled)
2023-09-18 19:39:36.573 [info] > git rev-parse --show-toplevel [39ms]
2023-09-18 19:39:36.605 [info] > git config --get commit.template [33ms]
2023-09-18 19:39:36.641 [info] > git rev-parse --show-toplevel [37ms]
2023-09-18 19:39:36.673 [info] > git rev-parse --show-toplevel [4ms]
2023-09-18 19:39:36.674 [info] > git for-each-ref --format=%(refname)%00%(upstream:short)%00%(objectname)%00%(upstream:track)%00%(upstream:remotename)%00%(upstream:remoteref) refs/heads/remove_prody refs/remotes/remove_prody [19ms]
2023-09-18 19:39:36.704 [info] > git status -z -uall [16ms]
2023-09-18 19:39:36.738 [info] > git check-ignore -v -z --stdin [34ms]
2023-09-18 19:39:36.739 [info] > git show --textconv :scripts/test.py [19ms]
2023-09-18 19:39:36.741 [info] > git ls-files --stage -- /home/rtviii/dev/riboxyz/scripts/test.py [7ms]
2023-09-18 19:39:36.756 [info] > git cat-file -s 47efb74e3fcb1f567b8560517bba4d3f3dc5b4cf [2ms]
2023-09-18 19:39:37.788 [info] > git ls-files --stage -- /home/rtviii/dev/riboxyz/scripts/test.py [1ms]
2023-09-18 19:39:37.800 [info] > git cat-file -s 47efb74e3fcb1f567b8560517bba4d3f3dc5b4cf [1ms]
2023-09-18 19:39:37.814 [info] > git show --textconv :scripts/test.py [1ms]
2023-09-18 19:39:49.020 [info] > git config --get commit.template [9ms]
2023-09-18 19:39:49.020 [info] > git for-each-ref --format=%(refname)%00%(upstream:short)%00%(objectname)%00%(upstream:track)%00%(upstream:remotename)%00%(upstream:remoteref) refs/heads/remove_prody refs/remotes/remove_prody [1ms]
2023-09-18 19:39:49.032 [info] > git status -z -uall [4ms]
2023-09-18 19:39:49.113 [info] > git ls-files --stage -- /home/rtviii/dev/riboxyz/scripts/test.py [1ms]
2023-09-18 19:39:49.121 [info] > git cat-file -s 47efb74e3fcb1f567b8560517bba4d3f3dc5b4cf [1ms]
2023-09-18 19:39:49.133 [info] > git show --textconv :scripts/test.py [2ms]
2023-09-18 19:39:59.262 [info] Log level: Info
2023-09-18 19:39:59.262 [info] Validating found git in: "git"
2023-09-18 19:39:59.262 [info] Using git "2.42.0" from "git"
2023-09-18 19:39:59.262 [info] > git rev-parse --show-toplevel [31ms]
2023-09-18 19:39:59.262 [info] > git rev-parse --git-dir --git-common-dir [5ms]
2023-09-18 19:39:59.262 [info] Open repository: /home/rtviii/dev/riboxyz
2023-09-18 19:39:59.263 [info] > git rev-parse --show-toplevel [118ms]
2023-09-18 19:39:59.264 [info] > git config --get commit.template [132ms]
2023-09-18 19:39:59.836 [info] > git check-ignore -v -z --stdin [32ms]
2023-09-18 19:39:59.868 [info] > git fetch [762ms]
2023-09-18 19:39:59.929 [info] > git rev-parse --show-toplevel [95ms]
2023-09-18 19:40:00.027 [info] > git config --get commit.template [102ms]
2023-09-18 19:40:00.027 [info] > git for-each-ref --format=%(refname)%00%(upstream:short)%00%(objectname)%00%(upstream:track)%00%(upstream:remotename)%00%(upstream:remoteref) refs/heads/remove_prody refs/remotes/remove_prody [122ms]
2023-09-18 19:40:00.046 [info] > git rev-parse --show-toplevel [20ms]
2023-09-18 19:40:00.092 [info] > git config --get commit.template [47ms]
2023-09-18 19:40:00.112 [info] > git rev-parse --show-toplevel [20ms]
2023-09-18 19:40:00.113 [info] > git for-each-ref --format=%(refname)%00%(upstream:short)%00%(objectname)%00%(upstream:track)%00%(upstream:remotename)%00%(upstream:remoteref) refs/heads/remove_prody refs/remotes/remove_prody [37ms]
2023-09-18 19:40:00.186 [info] > git rev-parse --show-toplevel [35ms]
2023-09-18 19:40:00.186 [info] > git for-each-ref --format=%(refname)%00%(upstream:short)%00%(objectname)%00%(upstream:track)%00%(upstream:remotename)%00%(upstream:remoteref) refs/heads/remove_prody refs/remotes/remove_prody [55ms]
2023-09-18 19:40:00.227 [info] > git status -z -uall [23ms]
2023-09-18 19:40:00.227 [info] > git rev-parse --show-toplevel [4ms]
2023-09-18 19:40:00.281 [info] > git rev-parse --show-toplevel [29ms]
2023-09-18 19:40:00.369 [info] > git rev-parse --show-toplevel [9ms]
2023-09-18 19:40:00.840 [info] > git show --textconv :scripts/test.py [454ms]
2023-09-18 19:40:00.841 [info] > git ls-files --stage -- /home/rtviii/dev/riboxyz/scripts/test.py [439ms]
2023-09-18 19:40:00.920 [info] > git cat-file -s 47efb74e3fcb1f567b8560517bba4d3f3dc5b4cf [64ms]
2023-09-18 19:40:01.048 [info] > git ls-files --stage -- /home/rtviii/dev/riboxyz/scripts/test.py [1ms]
2023-09-18 19:40:01.069 [info] > git cat-file -s 47efb74e3fcb1f567b8560517bba4d3f3dc5b4cf [7ms]
2023-09-18 19:40:01.089 [info] > git show --textconv :scripts/test.py [4ms]
2023-09-18 19:40:47.699 [info] > git check-ignore -v -z --stdin [4ms]
2023-09-18 19:40:49.028 [info] > git config --get commit.template [6ms]
2023-09-18 19:40:49.028 [info] > git for-each-ref --format=%(refname)%00%(upstream:short)%00%(objectname)%00%(upstream:track)%00%(upstream:remotename)%00%(upstream:remoteref) refs/heads/remove_prody refs/remotes/remove_prody [1ms]
2023-09-18 19:40:49.038 [info] > git status -z -uall [4ms]
2023-09-18 19:40:49.124 [info] > git ls-files --stage -- /home/rtviii/dev/riboxyz/scripts/test.py [1ms]
2023-09-18 19:40:49.131 [info] > git cat-file -s 47efb74e3fcb1f567b8560517bba4d3f3dc5b4cf [0ms]
2023-09-18 19:40:49.142 [info] > git show --textconv :scripts/test.py [1ms]
2023-09-18 19:41:48.965 [info] > git config --get commit.template [8ms]
2023-09-18 19:41:48.966 [info] > git for-each-ref --format=%(refname)%00%(upstream:short)%00%(objectname)%00%(upstream:track)%00%(upstream:remotename)%00%(upstream:remoteref) refs/heads/remove_prody refs/remotes/remove_prody [1ms]
2023-09-18 19:41:48.975 [info] > git status -z -uall [4ms]
2023-09-18 19:41:49.040 [info] > git ls-files --stage -- /home/rtviii/dev/riboxyz/scripts/test.py [1ms]
2023-09-18 19:41:49.048 [info] > git cat-file -s 47efb74e3fcb1f567b8560517bba4d3f3dc5b4cf [1ms]
2023-09-18 19:41:49.058 [info] > git show --textconv :scripts/test.py [1ms]
2023-09-18 19:42:05.544 [info] > git check-ignore -v -z --stdin [0ms]
2023-09-18 19:42:07.125 [info] > git show --textconv :ribctl/lib/utils.py [13ms]
2023-09-18 19:42:07.126 [info] > git ls-files --stage -- /home/rtviii/dev/riboxyz/ribctl/lib/utils.py [1ms]
2023-09-18 19:42:07.139 [info] > git cat-file -s 63d9066c202911b82d27146208b00768f7cf3674 [1ms]
2023-09-18 19:42:07.379 [info] > git check-ignore -v -z --stdin [2ms]
2023-09-18 19:42:38.496 [info] > git check-ignore -v -z --stdin [1ms]
2023-09-18 19:43:51.536 [info] > git config --get commit.template [2ms]
2023-09-18 19:43:51.606 [info] > git for-each-ref --format=%(refname)%00%(upstream:short)%00%(objectname)%00%(upstream:track)%00%(upstream:remotename)%00%(upstream:remoteref) refs/heads/remove_prody refs/remotes/remove_prody [1ms]
2023-09-18 19:43:51.630 [info] > git ls-files --stage -- /home/rtviii/dev/riboxyz/scripts/test.py [57ms]
2023-09-18 19:43:51.655 [info] > git status -z -uall [25ms]
2023-09-18 19:43:51.660 [info] > git cat-file -s 47efb74e3fcb1f567b8560517bba4d3f3dc5b4cf [5ms]
2023-09-18 19:43:51.677 [info] > git show --textconv :scripts/test.py [1ms]
2023-09-18 19:43:51.855 [info] > git fetch [346ms]
2023-09-18 19:43:51.884 [info] > git config --get commit.template [15ms]
2023-09-18 19:43:51.884 [info] > git for-each-ref --format=%(refname)%00%(upstream:short)%00%(objectname)%00%(upstream:track)%00%(upstream:remotename)%00%(upstream:remoteref) refs/heads/remove_prody refs/remotes/remove_prody [1ms]
2023-09-18 19:43:51.903 [info] > git status -z -uall [5ms]
2023-09-18 19:43:53.088 [info] > git ls-files --stage -- /home/rtviii/dev/riboxyz/scripts/test.py [0ms]
2023-09-18 19:43:53.097 [info] > git cat-file -s 47efb74e3fcb1f567b8560517bba4d3f3dc5b4cf [1ms]
2023-09-18 19:43:53.109 [info] > git show --textconv :scripts/test.py [1ms]
2023-09-18 19:43:56.732 [info] > git config --get commit.template [37ms]
2023-09-18 19:43:56.733 [info] > git for-each-ref --format=%(refname)%00%(upstream:short)%00%(objectname)%00%(upstream:track)%00%(upstream:remotename)%00%(upstream:remoteref) refs/heads/remove_prody refs/remotes/remove_prody [2ms]
2023-09-18 19:43:56.763 [info] > git status -z -uall [10ms]
2023-09-18 19:44:49.243 [info] > git config --get commit.template [8ms]
2023-09-18 19:44:49.243 [info] > git for-each-ref --format=%(refname)%00%(upstream:short)%00%(objectname)%00%(upstream:track)%00%(upstream:remotename)%00%(upstream:remoteref) refs/heads/remove_prody refs/remotes/remove_prody [1ms]
2023-09-18 19:44:49.259 [info] > git status -z -uall [7ms]
2023-09-18 19:44:49.338 [info] > git ls-files --stage -- /home/rtviii/dev/riboxyz/scripts/test.py [2ms]
2023-09-18 19:44:49.352 [info] > git cat-file -s 47efb74e3fcb1f567b8560517bba4d3f3dc5b4cf [1ms]
2023-09-18 19:44:49.371 [info] > git show --textconv :scripts/test.py [2ms]
2023-09-18 19:45:55.521 [info] > git config --get commit.template [1ms]
2023-09-18 19:45:55.562 [info] > git ls-files --stage -- /home/rtviii/dev/riboxyz/scripts/test.py [18ms]
2023-09-18 19:45:55.578 [info] > git for-each-ref --format=%(refname)%00%(upstream:short)%00%(objectname)%00%(upstream:track)%00%(upstream:remotename)%00%(upstream:remoteref) refs/heads/remove_prody refs/remotes/remove_prody [16ms]
2023-09-18 19:45:55.594 [info] > git cat-file -s 47efb74e3fcb1f567b8560517bba4d3f3dc5b4cf [16ms]
2023-09-18 19:45:55.612 [info] > git status -z -uall [18ms]
2023-09-18 19:45:55.613 [info] > git show --textconv :scripts/test.py [2ms]
