2023-09-18 19:10:22.140 [info] Getting Manifest... yummygum.city-lights-theme
2023-09-18 19:10:22.144 [info] Installing extension: yummygum.city-lights-theme
2023-09-18 19:10:22.769 [warning] Extension signature verification failed with error 'UnknownError': yummygum.city-lights-theme
2023-09-18 19:10:22.784 [info] Extracted extension to file:///home/rtviii/.vscode/extensions/yummygum.city-lights-theme-1.1.8: yummygum.city-lights-theme
2023-09-18 19:10:22.786 [info] Renamed to /home/rtviii/.vscode/extensions/yummygum.city-lights-theme-1.1.8
2023-09-18 19:10:22.787 [info] Extracting extension completed. yummygum.city-lights-theme
2023-09-18 19:10:22.792 [info] Extension installed successfully: yummygum.city-lights-theme
2023-09-18 19:10:27.419 [info] Getting Manifest... metalloriff.city-fog
2023-09-18 19:10:27.431 [info] Installing extension: metalloriff.city-fog
2023-09-18 19:10:28.850 [warning] Extension signature verification failed with error 'UnknownError': metalloriff.city-fog
2023-09-18 19:10:28.872 [info] Extracted extension to file:///home/rtviii/.vscode/extensions/metalloriff.city-fog-0.0.3: metalloriff.city-fog
2023-09-18 19:10:28.874 [info] Renamed to /home/rtviii/.vscode/extensions/metalloriff.city-fog-0.0.3
2023-09-18 19:10:28.875 [info] Extracting extension completed. metalloriff.city-fog
2023-09-18 19:10:28.886 [info] Extension installed successfully: metalloriff.city-fog
2023-09-18 19:10:38.709 [info] Getting Manifest... cactusblue.academy-city-theme
2023-09-18 19:10:38.715 [info] Installing extension: cactusblue.academy-city-theme
2023-09-18 19:10:39.456 [warning] Extension signature verification failed with error 'UnknownError': cactusblue.academy-city-theme
2023-09-18 19:10:39.466 [info] Extracted extension to file:///home/rtviii/.vscode/extensions/cactusblue.academy-city-theme-0.0.16: cactusblue.academy-city-theme
2023-09-18 19:10:39.468 [info] Renamed to /home/rtviii/.vscode/extensions/cactusblue.academy-city-theme-0.0.16
2023-09-18 19:10:39.469 [info] Extracting extension completed. cactusblue.academy-city-theme
2023-09-18 19:10:39.474 [info] Extension installed successfully: cactusblue.academy-city-theme
2023-09-18 19:10:46.784 [info] Getting Manifest... tombyrer.nord-city-theme
2023-09-18 19:10:46.790 [info] Installing extension: tombyrer.nord-city-theme
2023-09-18 19:10:47.478 [warning] Extension signature verification failed with error 'UnknownError': tombyrer.nord-city-theme
2023-09-18 19:10:47.485 [info] Extracted extension to file:///home/rtviii/.vscode/extensions/tombyrer.nord-city-theme-1.2.3: tombyrer.nord-city-theme
2023-09-18 19:10:47.486 [info] Renamed to /home/rtviii/.vscode/extensions/tombyrer.nord-city-theme-1.2.3
2023-09-18 19:10:47.487 [info] Extracting extension completed. tombyrer.nord-city-theme
2023-09-18 19:10:47.492 [info] Extension installed successfully: tombyrer.nord-city-theme
2023-09-18 19:11:21.497 [info] Getting Manifest... chad.nord-operator-theme
2023-09-18 19:11:21.506 [info] Installing extension: chad.nord-operator-theme
2023-09-18 19:11:22.058 [warning] Extension signature verification failed with error 'UnknownError': chad.nord-operator-theme
2023-09-18 19:11:22.064 [info] Extracted extension to file:///home/rtviii/.vscode/extensions/chad.nord-operator-theme-1.0.0: chad.nord-operator-theme
2023-09-18 19:11:22.065 [info] Renamed to /home/rtviii/.vscode/extensions/chad.nord-operator-theme-1.0.0
2023-09-18 19:11:22.066 [info] Extracting extension completed. chad.nord-operator-theme
2023-09-18 19:11:22.071 [info] Extension installed successfully: chad.nord-operator-theme
2023-09-18 19:13:53.720 [info] Getting Manifest... teabyii.ayu
2023-09-18 19:13:53.728 [info] Installing extension: teabyii.ayu
2023-09-18 19:13:55.956 [warning] Extension signature verification failed with error 'UnknownError': teabyii.ayu
2023-09-18 19:13:56.036 [info] Extracted extension to file:///home/rtviii/.vscode/extensions/teabyii.ayu-1.0.5: teabyii.ayu
2023-09-18 19:13:56.038 [info] Renamed to /home/rtviii/.vscode/extensions/teabyii.ayu-1.0.5
2023-09-18 19:13:56.039 [info] Extracting extension completed. teabyii.ayu
2023-09-18 19:13:56.044 [info] Extension installed successfully: teabyii.ayu
2023-09-18 19:17:14.549 [info] Getting Manifest... pkief.material-product-icons
2023-09-18 19:17:14.555 [info] Installing extension: pkief.material-product-icons
2023-09-18 19:17:15.253 [warning] Extension signature verification failed with error 'UnknownError': pkief.material-product-icons
2023-09-18 19:17:15.261 [info] Extracted extension to file:///home/rtviii/.vscode/extensions/pkief.material-product-icons-1.6.0: pkief.material-product-icons
2023-09-18 19:17:15.264 [info] Renamed to /home/rtviii/.vscode/extensions/pkief.material-product-icons-1.6.0
2023-09-18 19:17:15.266 [info] Extracting extension completed. pkief.material-product-icons
2023-09-18 19:17:15.273 [info] Extension installed successfully: pkief.material-product-icons
2023-09-18 19:18:29.114 [info] Getting Manifest... antfu.icons-carbon
2023-09-18 19:18:29.123 [info] Installing extension: antfu.icons-carbon
2023-09-18 19:18:29.688 [warning] Extension signature verification failed with error 'UnknownError': antfu.icons-carbon
2023-09-18 19:18:29.694 [info] Extracted extension to file:///home/rtviii/.vscode/extensions/antfu.icons-carbon-0.2.6: antfu.icons-carbon
2023-09-18 19:18:29.696 [info] Renamed to /home/rtviii/.vscode/extensions/antfu.icons-carbon-0.2.6
2023-09-18 19:18:29.696 [info] Extracting extension completed. antfu.icons-carbon
2023-09-18 19:18:29.701 [info] Extension installed successfully: antfu.icons-carbon
2023-09-18 19:18:37.066 [info] Uninstalling extension from the profile: antfu.icons-carbon@0.2.6 vscode-userdata:/home/rtviii/.vscode/extensions/extensions.json
2023-09-18 19:18:37.101 [info] Marked extension as uninstalled antfu.icons-carbon-0.2.6
2023-09-18 19:18:37.380 [info] Successfully uninstalled extension from the profile antfu.icons-carbon@0.2.6 vscode-userdata:/home/rtviii/.vscode/extensions/extensions.json
2023-09-18 19:18:44.230 [info] Getting Manifest... emroussel.atom-icons
2023-09-18 19:18:44.237 [info] Installing extension: emroussel.atom-icons
2023-09-18 19:18:45.177 [warning] Extension signature verification failed with error 'UnknownError': emroussel.atom-icons
2023-09-18 19:18:45.190 [info] Extracted extension to file:///home/rtviii/.vscode/extensions/emroussel.atom-icons-1.2.0: emroussel.atom-icons
2023-09-18 19:18:45.192 [info] Renamed to /home/rtviii/.vscode/extensions/emroussel.atom-icons-1.2.0
2023-09-18 19:18:45.192 [info] Extracting extension completed. emroussel.atom-icons
2023-09-18 19:18:45.198 [info] Extension installed successfully: emroussel.atom-icons
2023-09-18 19:18:55.838 [info] Getting Manifest... cdonohue.quill-icons
2023-09-18 19:18:55.847 [info] Installing extension: cdonohue.quill-icons
2023-09-18 19:18:57.415 [warning] Extension signature verification failed with error 'UnknownError': cdonohue.quill-icons
2023-09-18 19:18:57.482 [info] Extracted extension to file:///home/rtviii/.vscode/extensions/cdonohue.quill-icons-0.0.2: cdonohue.quill-icons
2023-09-18 19:18:57.484 [info] Renamed to /home/rtviii/.vscode/extensions/cdonohue.quill-icons-0.0.2
2023-09-18 19:18:57.485 [info] Extracting extension completed. cdonohue.quill-icons
2023-09-18 19:18:57.490 [info] Extension installed successfully: cdonohue.quill-icons
2023-09-18 19:20:16.905 [info] Getting Manifest... henoc.color-scheme-selector
2023-09-18 19:20:16.912 [info] Installing extension: henoc.color-scheme-selector
2023-09-18 19:20:20.454 [warning] Extension signature verification failed with error 'UnknownError': henoc.color-scheme-selector
2023-09-18 19:20:20.688 [info] Extracted extension to file:///home/rtviii/.vscode/extensions/henoc.color-scheme-selector-0.2.0: henoc.color-scheme-selector
2023-09-18 19:20:20.695 [info] Renamed to /home/rtviii/.vscode/extensions/henoc.color-scheme-selector-0.2.0
2023-09-18 19:20:20.696 [info] Extracting extension completed. henoc.color-scheme-selector
2023-09-18 19:20:20.700 [info] Extension installed successfully: henoc.color-scheme-selector
2023-09-18 19:21:53.447 [info] Getting Manifest... anseki.vscode-color
2023-09-18 19:21:53.455 [info] Installing extension: anseki.vscode-color
2023-09-18 19:21:57.579 [warning] Extension signature verification failed with error 'UnknownError': anseki.vscode-color
2023-09-18 19:21:57.595 [info] Extracted extension to file:///home/rtviii/.vscode/extensions/anseki.vscode-color-0.4.5: anseki.vscode-color
2023-09-18 19:21:57.597 [info] Renamed to /home/rtviii/.vscode/extensions/anseki.vscode-color-0.4.5
2023-09-18 19:21:57.598 [info] Extracting extension completed. anseki.vscode-color
2023-09-18 19:21:57.603 [info] Extension installed successfully: anseki.vscode-color
2023-09-18 19:22:08.513 [info] Uninstalling extension from the profile: henoc.color-scheme-selector@0.2.0 vscode-userdata:/home/rtviii/.vscode/extensions/extensions.json
2023-09-18 19:22:08.548 [info] Marked extension as uninstalled henoc.color-scheme-selector-0.2.0
2023-09-18 19:22:11.912 [info] Successfully uninstalled extension from the profile henoc.color-scheme-selector@0.2.0 vscode-userdata:/home/rtviii/.vscode/extensions/extensions.json
2023-09-18 19:33:47.280 [info] Getting Manifest... evgeniypeshkov.syntax-highlighter
2023-09-18 19:33:47.285 [info] Installing extension: evgeniypeshkov.syntax-highlighter
2023-09-18 19:33:48.889 [warning] Extension signature verification failed with error 'UnknownError': evgeniypeshkov.syntax-highlighter
2023-09-18 19:33:48.955 [info] Extracted extension to file:///home/rtviii/.vscode/extensions/evgeniypeshkov.syntax-highlighter-0.5.0: evgeniypeshkov.syntax-highlighter
2023-09-18 19:33:48.957 [info] Renamed to /home/rtviii/.vscode/extensions/evgeniypeshkov.syntax-highlighter-0.5.0
2023-09-18 19:33:48.957 [info] Extracting extension completed. evgeniypeshkov.syntax-highlighter
2023-09-18 19:33:48.963 [info] Extension installed successfully: evgeniypeshkov.syntax-highlighter
