2023-09-18 14:26:35.634 [info] [Info  - 2:26:35 PM] (37644) Pylance language server 2023.9.10 (pyright c70adefc) starting
2023-09-18 14:26:35.634 [info] [Info  - 2:26:35 PM] (37644) Server root directory: /home/rtviii/.vscode/extensions/ms-python.vscode-pylance-2023.9.10/dist
2023-09-18 14:26:35.640 [info] [Info  - 2:26:35 PM] (37644) Starting service instance "riboxyz"
2023-09-18 14:26:35.789 [info] [Info  - 2:26:35 PM] (37644) Setting pythonPath for service "riboxyz": "/home/rtviii/dev/ribxzvenv/bin/python"
2023-09-18 14:26:35.791 [info] [Info  - 2:26:35 PM] (37644) Setting pythonPath for service "riboxyz": "/home/rtviii/dev/ribxzvenv/bin/python"
2023-09-18 14:26:35.801 [info] [Warn  - 2:26:35 PM] (37644) stubPath /home/rtviii/dev/riboxyz/typings is not a valid directory.
2023-09-18 14:26:35.845 [info] [Info  - 2:26:35 PM] (37644) Assuming Python version 3.11
2023-09-18 14:26:36.059 [info] [Info  - 2:26:36 PM] (37644) Found 506 source files
2023-09-18 14:26:38.884 [info] [Info  - 2:26:38 PM] (37644) [BG(1)] Long operation: getSemanticTokens full at /home/rtviii/dev/riboxyz/scripts/test_bp.py (2313ms)
2023-09-18 14:26:40.393 [info] [Info  - 2:26:40 PM] (37644) [IDX(2)] Long operation: index execution environment /home/rtviii/dev/riboxyz (3110ms)
2023-09-18 14:26:40.393 [info] [Info  - 2:26:40 PM] (37644) [IDX(2)] Long operation: index packages /home/rtviii/dev/riboxyz (3119ms)
2023-09-18 18:32:50.978 [info] [Info  - 6:32:50 PM] (37644) Found 506 source files
2023-09-18 18:36:21.203 [info] [Info  - 6:36:21 PM] (37644) Found 505 source files
2023-09-18 18:36:36.095 [info] [Info  - 6:36:36 PM] (37644) Found 505 source files
2023-09-18 18:37:53.764 [info] [Info  - 6:37:53 PM] (37644) Found 504 source files
2023-09-18 18:38:11.873 [info] [Info  - 6:38:11 PM] (37644) Found 503 source files
2023-09-18 18:43:28.324 [info] [Info  - 6:43:28 PM] (37644) Found 502 source files
2023-09-18 18:43:32.767 [info] [Info  - 6:43:32 PM] (37644) Found 501 source files
2023-09-18 18:43:56.512 [info] [Info  - 6:43:56 PM] (37644) Found 501 source files
2023-09-18 18:44:05.469 [info] [Info  - 6:44:05 PM] (37644) Found 501 source files
2023-09-18 18:44:09.330 [info] [Info  - 6:44:09 PM] (37644) Found 501 source files
2023-09-18 18:44:18.123 [info] [Info  - 6:44:18 PM] (37644) Found 500 source files
2023-09-18 18:46:21.206 [info] [Info  - 6:46:21 PM] (37644) Found 501 source files
2023-09-18 19:10:24.264 [info] [Info  - 7:10:24 PM] (87860) Pylance language server 2023.9.10 (pyright c70adefc) starting
2023-09-18 19:10:24.265 [info] [Info  - 7:10:24 PM] (87860) Server root directory: /home/rtviii/.vscode/extensions/ms-python.vscode-pylance-2023.9.10/dist
2023-09-18 19:10:24.271 [info] [Info  - 7:10:24 PM] (87860) Starting service instance "riboxyz"
2023-09-18 19:10:24.310 [info] [Info  - 7:10:24 PM] (87860) Setting pythonPath for service "riboxyz": "/home/rtviii/dev/ribxzvenv/bin/python"
2023-09-18 19:10:24.310 [info] [Info  - 7:10:24 PM] (87860) Setting pythonPath for service "riboxyz": "/home/rtviii/dev/ribxzvenv/bin/python"
2023-09-18 19:10:24.315 [info] [Warn  - 7:10:24 PM] (87860) stubPath /home/rtviii/dev/riboxyz/typings is not a valid directory.
2023-09-18 19:10:24.382 [info] [Info  - 7:10:24 PM] (87860) Assuming Python version 3.11
2023-09-18 19:10:24.566 [info] [Info  - 7:10:24 PM] (87860) Found 501 source files
2023-09-18 19:10:27.751 [info] [Info  - 7:10:27 PM] (87860) [IDX(2)] Long operation: index packages /home/rtviii/dev/riboxyz (2001ms)
2023-09-18 19:10:27.905 [info] [Info  - 7:10:27 PM] (87860) [BG(1)] Long operation: checking: /home/rtviii/dev/riboxyz/ribctl/scratch_nomenclature.v2.py (2034ms)
2023-09-18 19:10:27.905 [info] [Info  - 7:10:27 PM] (87860) [BG(1)] Long operation: analyzing: /home/rtviii/dev/riboxyz/ribctl/scratch_nomenclature.v2.py (2056ms)
2023-09-18 19:10:30.390 [info] [Info  - 7:10:30 PM] (87919) Pylance language server 2023.9.10 (pyright c70adefc) starting
2023-09-18 19:10:30.390 [info] [Info  - 7:10:30 PM] (87919) Server root directory: /home/rtviii/.vscode/extensions/ms-python.vscode-pylance-2023.9.10/dist
2023-09-18 19:10:30.396 [info] [Info  - 7:10:30 PM] (87919) Starting service instance "riboxyz"
2023-09-18 19:10:30.424 [info] [Info  - 7:10:30 PM] (87919) Setting pythonPath for service "riboxyz": "/home/rtviii/dev/ribxzvenv/bin/python"
2023-09-18 19:10:30.424 [info] [Info  - 7:10:30 PM] (87919) Setting pythonPath for service "riboxyz": "/home/rtviii/dev/ribxzvenv/bin/python"
2023-09-18 19:10:30.426 [info] [Warn  - 7:10:30 PM] (87919) stubPath /home/rtviii/dev/riboxyz/typings is not a valid directory.
2023-09-18 19:10:30.454 [info] [Info  - 7:10:30 PM] (87919) Assuming Python version 3.11
2023-09-18 19:10:30.551 [info] [Info  - 7:10:30 PM] (87919) Found 501 source files
2023-09-18 19:10:40.932 [info] [Info  - 7:10:40 PM] (87985) Pylance language server 2023.9.10 (pyright c70adefc) starting
2023-09-18 19:10:40.932 [info] [Info  - 7:10:40 PM] (87985) Server root directory: /home/rtviii/.vscode/extensions/ms-python.vscode-pylance-2023.9.10/dist
2023-09-18 19:10:40.938 [info] [Info  - 7:10:40 PM] (87985) Starting service instance "riboxyz"
2023-09-18 19:10:40.964 [info] [Info  - 7:10:40 PM] (87985) Setting pythonPath for service "riboxyz": "/home/rtviii/dev/ribxzvenv/bin/python"
2023-09-18 19:10:40.964 [info] [Info  - 7:10:40 PM] (87985) Setting pythonPath for service "riboxyz": "/home/rtviii/dev/ribxzvenv/bin/python"
2023-09-18 19:10:40.967 [info] [Warn  - 7:10:40 PM] (87985) stubPath /home/rtviii/dev/riboxyz/typings is not a valid directory.
2023-09-18 19:10:40.995 [info] [Info  - 7:10:40 PM] (87985) Assuming Python version 3.11
2023-09-18 19:10:41.112 [info] [Info  - 7:10:41 PM] (87985) Found 501 source files
2023-09-18 19:10:44.450 [info] [Info  - 7:10:44 PM] (87985) [IDX(2)] Long operation: index execution environment /home/rtviii/dev/riboxyz (2149ms)
2023-09-18 19:10:44.450 [info] [Info  - 7:10:44 PM] (87985) [IDX(2)] Long operation: index packages /home/rtviii/dev/riboxyz (2159ms)
2023-09-18 19:10:44.513 [info] [Info  - 7:10:44 PM] (87985) [BG(1)] Long operation: checking: /home/rtviii/dev/riboxyz/ribctl/scratch_nomenclature.v2.py (2161ms)
2023-09-18 19:10:44.513 [info] [Info  - 7:10:44 PM] (87985) [BG(1)] Long operation: analyzing: /home/rtviii/dev/riboxyz/ribctl/scratch_nomenclature.v2.py (2184ms)
2023-09-18 19:10:49.031 [info] [Info  - 7:10:49 PM] (88070) Pylance language server 2023.9.10 (pyright c70adefc) starting
2023-09-18 19:10:49.031 [info] [Info  - 7:10:49 PM] (88070) Server root directory: /home/rtviii/.vscode/extensions/ms-python.vscode-pylance-2023.9.10/dist
2023-09-18 19:10:49.038 [info] [Info  - 7:10:49 PM] (88070) Starting service instance "riboxyz"
2023-09-18 19:10:49.084 [info] [Info  - 7:10:49 PM] (88070) Setting pythonPath for service "riboxyz": "/home/rtviii/dev/ribxzvenv/bin/python"
2023-09-18 19:10:49.102 [info] [Info  - 7:10:49 PM] (88070) Setting pythonPath for service "riboxyz": "/home/rtviii/dev/ribxzvenv/bin/python"
2023-09-18 19:10:49.102 [info] [Warn  - 7:10:49 PM] (88070) stubPath /home/rtviii/dev/riboxyz/typings is not a valid directory.
2023-09-18 19:10:49.118 [info] [Info  - 7:10:49 PM] (88070) Assuming Python version 3.11
2023-09-18 19:10:49.252 [info] [Info  - 7:10:49 PM] (88070) Found 501 source files
2023-09-18 19:10:52.384 [info] [Info  - 7:10:52 PM] (88070) [BG(1)] Long operation: checking: /home/rtviii/dev/riboxyz/ribctl/scratch_nomenclature.v2.py (2077ms)
2023-09-18 19:10:52.384 [info] [Info  - 7:10:52 PM] (88070) [BG(1)] Long operation: analyzing: /home/rtviii/dev/riboxyz/ribctl/scratch_nomenclature.v2.py (2111ms)
2023-09-18 19:10:52.467 [info] [Info  - 7:10:52 PM] (88070) [IDX(2)] Long operation: index execution environment /home/rtviii/dev/riboxyz (2171ms)
2023-09-18 19:10:52.467 [info] [Info  - 7:10:52 PM] (88070) [IDX(2)] Long operation: index packages /home/rtviii/dev/riboxyz (2184ms)
2023-09-18 19:11:23.498 [info] [Info  - 7:11:23 PM] (88206) Pylance language server 2023.9.10 (pyright c70adefc) starting
2023-09-18 19:11:23.498 [info] [Info  - 7:11:23 PM] (88206) Server root directory: /home/rtviii/.vscode/extensions/ms-python.vscode-pylance-2023.9.10/dist
2023-09-18 19:11:23.504 [info] [Info  - 7:11:23 PM] (88206) Starting service instance "riboxyz"
2023-09-18 19:11:23.529 [info] [Info  - 7:11:23 PM] (88206) Setting pythonPath for service "riboxyz": "/home/rtviii/dev/ribxzvenv/bin/python"
2023-09-18 19:11:23.529 [info] [Info  - 7:11:23 PM] (88206) Setting pythonPath for service "riboxyz": "/home/rtviii/dev/ribxzvenv/bin/python"
2023-09-18 19:11:23.534 [info] [Warn  - 7:11:23 PM] (88206) stubPath /home/rtviii/dev/riboxyz/typings is not a valid directory.
2023-09-18 19:11:23.564 [info] [Info  - 7:11:23 PM] (88206) Assuming Python version 3.11
2023-09-18 19:11:23.678 [info] [Info  - 7:11:23 PM] (88206) Found 501 source files
2023-09-18 19:13:58.186 [info] [Info  - 7:13:58 PM] (88581) Pylance language server 2023.9.10 (pyright c70adefc) starting
2023-09-18 19:13:58.186 [info] [Info  - 7:13:58 PM] (88581) Server root directory: /home/rtviii/.vscode/extensions/ms-python.vscode-pylance-2023.9.10/dist
2023-09-18 19:13:58.192 [info] [Info  - 7:13:58 PM] (88581) Starting service instance "riboxyz"
2023-09-18 19:13:58.225 [info] [Info  - 7:13:58 PM] (88581) Setting pythonPath for service "riboxyz": "/home/rtviii/dev/ribxzvenv/bin/python"
2023-09-18 19:13:58.225 [info] [Info  - 7:13:58 PM] (88581) Setting pythonPath for service "riboxyz": "/home/rtviii/dev/ribxzvenv/bin/python"
2023-09-18 19:13:58.228 [info] [Warn  - 7:13:58 PM] (88581) stubPath /home/rtviii/dev/riboxyz/typings is not a valid directory.
2023-09-18 19:13:58.252 [info] [Info  - 7:13:58 PM] (88581) Assuming Python version 3.11
2023-09-18 19:13:58.354 [info] [Info  - 7:13:58 PM] (88581) Found 501 source files
2023-09-18 19:14:01.015 [info] [Info  - 7:14:01 PM] (88581) [BG(1)] Long operation: getSemanticTokens full at /home/rtviii/dev/riboxyz/ribctl/scratch_nomenclature.v2.py (2151ms)
2023-09-18 19:17:16.870 [info] [Info  - 7:17:16 PM] (89203) Pylance language server 2023.9.10 (pyright c70adefc) starting
2023-09-18 19:17:16.870 [info] [Info  - 7:17:16 PM] (89203) Server root directory: /home/rtviii/.vscode/extensions/ms-python.vscode-pylance-2023.9.10/dist
2023-09-18 19:17:16.878 [info] [Info  - 7:17:16 PM] (89203) Starting service instance "riboxyz"
2023-09-18 19:17:16.908 [info] [Info  - 7:17:16 PM] (89203) Setting pythonPath for service "riboxyz": "/home/rtviii/dev/ribxzvenv/bin/python"
2023-09-18 19:17:16.908 [info] [Info  - 7:17:16 PM] (89203) Setting pythonPath for service "riboxyz": "/home/rtviii/dev/ribxzvenv/bin/python"
2023-09-18 19:17:16.912 [info] [Warn  - 7:17:16 PM] (89203) stubPath /home/rtviii/dev/riboxyz/typings is not a valid directory.
2023-09-18 19:17:16.944 [info] [Info  - 7:17:16 PM] (89203) Assuming Python version 3.11
2023-09-18 19:17:17.108 [info] [Info  - 7:17:17 PM] (89203) Found 501 source files
2023-09-18 19:17:20.021 [info] [Info  - 7:17:20 PM] (89203) [BG(1)] Long operation: getSemanticTokens full at /home/rtviii/dev/riboxyz/ribctl/scratch_nomenclature.v2.py (2478ms)
2023-09-18 19:17:27.164 [info] [Info  - 7:17:27 PM] (89249) Pylance language server 2023.9.10 (pyright c70adefc) starting
2023-09-18 19:17:27.165 [info] [Info  - 7:17:27 PM] (89249) Server root directory: /home/rtviii/.vscode/extensions/ms-python.vscode-pylance-2023.9.10/dist
2023-09-18 19:17:27.171 [info] [Info  - 7:17:27 PM] (89249) Starting service instance "riboxyz"
2023-09-18 19:17:27.200 [info] [Info  - 7:17:27 PM] (89249) Setting pythonPath for service "riboxyz": "/home/rtviii/dev/ribxzvenv/bin/python"
2023-09-18 19:17:27.200 [info] [Info  - 7:17:27 PM] (89249) Setting pythonPath for service "riboxyz": "/home/rtviii/dev/ribxzvenv/bin/python"
2023-09-18 19:17:27.204 [info] [Warn  - 7:17:27 PM] (89249) stubPath /home/rtviii/dev/riboxyz/typings is not a valid directory.
2023-09-18 19:17:27.229 [info] [Info  - 7:17:27 PM] (89249) Assuming Python version 3.11
2023-09-18 19:17:27.327 [info] [Info  - 7:17:27 PM] (89249) Found 501 source files
2023-09-18 19:17:30.530 [info] [Info  - 7:17:30 PM] (89249) [BG(1)] Long operation: getSemanticTokens full at /home/rtviii/dev/riboxyz/ribctl/scratch_nomenclature.v2.py (2755ms)
2023-09-18 19:17:30.817 [info] [Info  - 7:17:30 PM] (89249) [IDX(2)] Long operation: index execution environment /home/rtviii/dev/riboxyz (2140ms)
2023-09-18 19:17:30.817 [info] [Info  - 7:17:30 PM] (89249) [IDX(2)] Long operation: index packages /home/rtviii/dev/riboxyz (2152ms)
2023-09-18 19:18:31.228 [info] [Info  - 7:18:31 PM] (89487) Pylance language server 2023.9.10 (pyright c70adefc) starting
2023-09-18 19:18:31.228 [info] [Info  - 7:18:31 PM] (89487) Server root directory: /home/rtviii/.vscode/extensions/ms-python.vscode-pylance-2023.9.10/dist
2023-09-18 19:18:31.238 [info] [Info  - 7:18:31 PM] (89487) Starting service instance "riboxyz"
2023-09-18 19:18:31.286 [info] [Info  - 7:18:31 PM] (89487) Setting pythonPath for service "riboxyz": "/home/rtviii/dev/ribxzvenv/bin/python"
2023-09-18 19:18:31.286 [info] [Info  - 7:18:31 PM] (89487) Setting pythonPath for service "riboxyz": "/home/rtviii/dev/ribxzvenv/bin/python"
2023-09-18 19:18:31.290 [info] [Warn  - 7:18:31 PM] (89487) stubPath /home/rtviii/dev/riboxyz/typings is not a valid directory.
2023-09-18 19:18:31.317 [info] [Info  - 7:18:31 PM] (89487) Assuming Python version 3.11
2023-09-18 19:18:31.456 [info] [Info  - 7:18:31 PM] (89487) Found 501 source files
2023-09-18 19:18:34.394 [info] [Info  - 7:18:34 PM] (89487) [BG(1)] Long operation: getSemanticTokens full at /home/rtviii/dev/riboxyz/ribctl/scratch_nomenclature.v2.py (2465ms)
2023-09-18 19:18:38.977 [info] [Info  - 7:18:38 PM] (89522) Pylance language server 2023.9.10 (pyright c70adefc) starting
2023-09-18 19:18:38.977 [info] [Info  - 7:18:38 PM] (89522) Server root directory: /home/rtviii/.vscode/extensions/ms-python.vscode-pylance-2023.9.10/dist
2023-09-18 19:18:38.977 [info] [Info  - 7:18:38 PM] (89522) Starting service instance "riboxyz"
2023-09-18 19:18:39.004 [info] [Info  - 7:18:39 PM] (89522) Setting pythonPath for service "riboxyz": "/home/rtviii/dev/ribxzvenv/bin/python"
2023-09-18 19:18:39.004 [info] [Info  - 7:18:39 PM] (89522) Setting pythonPath for service "riboxyz": "/home/rtviii/dev/ribxzvenv/bin/python"
2023-09-18 19:18:39.008 [info] [Warn  - 7:18:39 PM] (89522) stubPath /home/rtviii/dev/riboxyz/typings is not a valid directory.
2023-09-18 19:18:39.036 [info] [Info  - 7:18:39 PM] (89522) Assuming Python version 3.11
2023-09-18 19:18:39.183 [info] [Info  - 7:18:39 PM] (89522) Found 501 source files
2023-09-18 19:18:42.040 [info] [Info  - 7:18:42 PM] (89522) [BG(1)] Long operation: getSemanticTokens full at /home/rtviii/dev/riboxyz/ribctl/scratch_nomenclature.v2.py (2364ms)
2023-09-18 19:18:42.392 [info] [Info  - 7:18:42 PM] (89522) [IDX(2)] Long operation: index execution environment /home/rtviii/dev/riboxyz (2085ms)
2023-09-18 19:18:42.392 [info] [Info  - 7:18:42 PM] (89522) [IDX(2)] Long operation: index packages /home/rtviii/dev/riboxyz (2097ms)
2023-09-18 19:18:46.763 [info] [Info  - 7:18:46 PM] (89574) Pylance language server 2023.9.10 (pyright c70adefc) starting
2023-09-18 19:18:46.764 [info] [Info  - 7:18:46 PM] (89574) Server root directory: /home/rtviii/.vscode/extensions/ms-python.vscode-pylance-2023.9.10/dist
2023-09-18 19:18:46.771 [info] [Info  - 7:18:46 PM] (89574) Starting service instance "riboxyz"
2023-09-18 19:18:46.805 [info] [Info  - 7:18:46 PM] (89574) Setting pythonPath for service "riboxyz": "/home/rtviii/dev/ribxzvenv/bin/python"
2023-09-18 19:18:46.805 [info] [Info  - 7:18:46 PM] (89574) Setting pythonPath for service "riboxyz": "/home/rtviii/dev/ribxzvenv/bin/python"
2023-09-18 19:18:46.811 [info] [Warn  - 7:18:46 PM] (89574) stubPath /home/rtviii/dev/riboxyz/typings is not a valid directory.
2023-09-18 19:18:46.851 [info] [Info  - 7:18:46 PM] (89574) Assuming Python version 3.11
2023-09-18 19:18:46.999 [info] [Info  - 7:18:46 PM] (89574) Found 501 source files
2023-09-18 19:18:59.073 [info] [Info  - 7:18:59 PM] (89710) Pylance language server 2023.9.10 (pyright c70adefc) starting
2023-09-18 19:18:59.073 [info] [Info  - 7:18:59 PM] (89710) Server root directory: /home/rtviii/.vscode/extensions/ms-python.vscode-pylance-2023.9.10/dist
2023-09-18 19:18:59.080 [info] [Info  - 7:18:59 PM] (89710) Starting service instance "riboxyz"
2023-09-18 19:18:59.114 [info] [Info  - 7:18:59 PM] (89710) Setting pythonPath for service "riboxyz": "/home/rtviii/dev/ribxzvenv/bin/python"
2023-09-18 19:18:59.114 [info] [Info  - 7:18:59 PM] (89710) Setting pythonPath for service "riboxyz": "/home/rtviii/dev/ribxzvenv/bin/python"
2023-09-18 19:18:59.118 [info] [Warn  - 7:18:59 PM] (89710) stubPath /home/rtviii/dev/riboxyz/typings is not a valid directory.
2023-09-18 19:18:59.149 [info] [Info  - 7:18:59 PM] (89710) Assuming Python version 3.11
2023-09-18 19:18:59.300 [info] [Info  - 7:18:59 PM] (89710) Found 501 source files
2023-09-18 19:19:02.317 [info] [Info  - 7:19:02 PM] (89710) [IDX(2)] Long operation: index execution environment /home/rtviii/dev/riboxyz (2039ms)
2023-09-18 19:19:02.318 [info] [Info  - 7:19:02 PM] (89710) [IDX(2)] Long operation: index packages /home/rtviii/dev/riboxyz (2051ms)
2023-09-18 19:19:02.345 [info] [Info  - 7:19:02 PM] (89710) [BG(1)] Long operation: getSemanticTokens full at /home/rtviii/dev/riboxyz/ribctl/scratch_nomenclature.v2.py (2508ms)
2023-09-18 19:20:22.190 [info] [Info  - 7:20:22 PM] (89949) Pylance language server 2023.9.10 (pyright c70adefc) starting
2023-09-18 19:20:22.190 [info] [Info  - 7:20:22 PM] (89949) Server root directory: /home/rtviii/.vscode/extensions/ms-python.vscode-pylance-2023.9.10/dist
2023-09-18 19:20:22.196 [info] [Info  - 7:20:22 PM] (89949) Starting service instance "riboxyz"
2023-09-18 19:20:22.224 [info] [Info  - 7:20:22 PM] (89949) Setting pythonPath for service "riboxyz": "/home/rtviii/dev/ribxzvenv/bin/python"
2023-09-18 19:20:22.225 [info] [Info  - 7:20:22 PM] (89949) Setting pythonPath for service "riboxyz": "/home/rtviii/dev/ribxzvenv/bin/python"
2023-09-18 19:20:22.229 [info] [Warn  - 7:20:22 PM] (89949) stubPath /home/rtviii/dev/riboxyz/typings is not a valid directory.
2023-09-18 19:20:22.259 [info] [Info  - 7:20:22 PM] (89949) Assuming Python version 3.11
2023-09-18 19:20:22.359 [info] [Info  - 7:20:22 PM] (89949) Found 501 source files
2023-09-18 19:20:25.727 [info] [Info  - 7:20:25 PM] (89949) [BG(1)] Long operation: checking: /home/rtviii/dev/riboxyz/ribctl/scratch_nomenclature.v2.py (2032ms)
2023-09-18 19:20:25.727 [info] [Info  - 7:20:25 PM] (89949) [BG(1)] Long operation: analyzing: /home/rtviii/dev/riboxyz/ribctl/scratch_nomenclature.v2.py (2051ms)
2023-09-18 19:20:25.816 [info] [Info  - 7:20:25 PM] (89949) [IDX(2)] Long operation: index execution environment /home/rtviii/dev/riboxyz (2128ms)
2023-09-18 19:20:25.816 [info] [Info  - 7:20:25 PM] (89949) [IDX(2)] Long operation: index packages /home/rtviii/dev/riboxyz (2136ms)
2023-09-18 19:21:59.170 [info] [Info  - 7:21:59 PM] (90415) Pylance language server 2023.9.10 (pyright c70adefc) starting
2023-09-18 19:21:59.170 [info] [Info  - 7:21:59 PM] (90415) Server root directory: /home/rtviii/.vscode/extensions/ms-python.vscode-pylance-2023.9.10/dist
2023-09-18 19:21:59.176 [info] [Info  - 7:21:59 PM] (90415) Starting service instance "riboxyz"
2023-09-18 19:21:59.207 [info] [Info  - 7:21:59 PM] (90415) Setting pythonPath for service "riboxyz": "/home/rtviii/dev/ribxzvenv/bin/python"
2023-09-18 19:21:59.207 [info] [Info  - 7:21:59 PM] (90415) Setting pythonPath for service "riboxyz": "/home/rtviii/dev/ribxzvenv/bin/python"
2023-09-18 19:21:59.210 [info] [Warn  - 7:21:59 PM] (90415) stubPath /home/rtviii/dev/riboxyz/typings is not a valid directory.
2023-09-18 19:21:59.235 [info] [Info  - 7:21:59 PM] (90415) Assuming Python version 3.11
2023-09-18 19:21:59.336 [info] [Info  - 7:21:59 PM] (90415) Found 501 source files
2023-09-18 19:22:02.723 [info] [Info  - 7:22:02 PM] (90415) [IDX(2)] Long operation: index execution environment /home/rtviii/dev/riboxyz (2189ms)
2023-09-18 19:22:02.723 [info] [Info  - 7:22:02 PM] (90415) [IDX(2)] Long operation: index packages /home/rtviii/dev/riboxyz (2207ms)
2023-09-18 19:24:19.626 [info] [Info  - 7:24:19 PM] (90415) Setting pythonPath for service "riboxyz": "/home/rtviii/dev/ribxzvenv/bin/python"
2023-09-18 19:24:19.626 [info] [Info  - 7:24:19 PM] (90415) Setting pythonPath for service "riboxyz": "/home/rtviii/dev/ribxzvenv/bin/python"
2023-09-18 19:24:19.626 [info] [Warn  - 7:24:19 PM] (90415) stubPath /home/rtviii/dev/riboxyz/typings is not a valid directory.
2023-09-18 19:24:19.655 [info] [Info  - 7:24:19 PM] (90415) Assuming Python version 3.11
2023-09-18 19:24:19.739 [info] [Info  - 7:24:19 PM] (90415) Found 501 source files
2023-09-18 19:24:33.910 [info] [Info  - 7:24:33 PM] (90415) Setting pythonPath for service "riboxyz": "/home/rtviii/dev/ribxzvenv/bin/python"
2023-09-18 19:24:33.910 [info] [Info  - 7:24:33 PM] (90415) Setting pythonPath for service "riboxyz": "/home/rtviii/dev/ribxzvenv/bin/python"
2023-09-18 19:24:33.911 [info] [Warn  - 7:24:33 PM] (90415) stubPath /home/rtviii/dev/riboxyz/typings is not a valid directory.
2023-09-18 19:24:33.946 [info] [Info  - 7:24:33 PM] (90415) Assuming Python version 3.11
2023-09-18 19:24:34.050 [info] [Info  - 7:24:34 PM] (90415) Found 501 source files
2023-09-18 19:24:45.813 [info] [Info  - 7:24:45 PM] (90415) Setting pythonPath for service "riboxyz": "/home/rtviii/dev/ribxzvenv/bin/python"
2023-09-18 19:24:45.813 [info] [Info  - 7:24:45 PM] (90415) Setting pythonPath for service "riboxyz": "/home/rtviii/dev/ribxzvenv/bin/python"
2023-09-18 19:24:45.813 [info] [Warn  - 7:24:45 PM] (90415) stubPath /home/rtviii/dev/riboxyz/typings is not a valid directory.
2023-09-18 19:24:45.857 [info] [Info  - 7:24:45 PM] (90415) Assuming Python version 3.11
2023-09-18 19:24:45.960 [info] [Info  - 7:24:45 PM] (90415) Found 501 source files
2023-09-18 19:26:44.636 [info] [Info  - 7:26:44 PM] (90415) Setting pythonPath for service "riboxyz": "/home/rtviii/dev/ribxzvenv/bin/python"
2023-09-18 19:26:44.636 [info] [Info  - 7:26:44 PM] (90415) Setting pythonPath for service "riboxyz": "/home/rtviii/dev/ribxzvenv/bin/python"
2023-09-18 19:26:44.636 [info] [Warn  - 7:26:44 PM] (90415) stubPath /home/rtviii/dev/riboxyz/typings is not a valid directory.
2023-09-18 19:26:44.681 [info] [Info  - 7:26:44 PM] (90415) Assuming Python version 3.11
2023-09-18 19:26:44.793 [info] [Info  - 7:26:44 PM] (90415) Found 501 source files
2023-09-18 19:26:56.172 [info] [Info  - 7:26:56 PM] (90415) Setting pythonPath for service "riboxyz": "/home/rtviii/dev/ribxzvenv/bin/python"
2023-09-18 19:26:56.172 [info] [Info  - 7:26:56 PM] (90415) Setting pythonPath for service "riboxyz": "/home/rtviii/dev/ribxzvenv/bin/python"
2023-09-18 19:26:56.172 [info] [Warn  - 7:26:56 PM] (90415) stubPath /home/rtviii/dev/riboxyz/typings is not a valid directory.
2023-09-18 19:26:56.214 [info] [Info  - 7:26:56 PM] (90415) Assuming Python version 3.11
2023-09-18 19:26:56.319 [info] [Info  - 7:26:56 PM] (90415) Found 501 source files
2023-09-18 19:27:19.688 [info] [Info  - 7:27:19 PM] (90415) Setting pythonPath for service "riboxyz": "/home/rtviii/dev/ribxzvenv/bin/python"
2023-09-18 19:27:19.688 [info] [Info  - 7:27:19 PM] (90415) Setting pythonPath for service "riboxyz": "/home/rtviii/dev/ribxzvenv/bin/python"
2023-09-18 19:27:19.689 [info] [Warn  - 7:27:19 PM] (90415) stubPath /home/rtviii/dev/riboxyz/typings is not a valid directory.
2023-09-18 19:27:19.722 [info] [Info  - 7:27:19 PM] (90415) Assuming Python version 3.11
2023-09-18 19:27:19.826 [info] [Info  - 7:27:19 PM] (90415) Found 501 source files
2023-09-18 19:28:42.901 [info] [Info  - 7:28:42 PM] (90415) Setting pythonPath for service "riboxyz": "/home/rtviii/dev/ribxzvenv/bin/python"
2023-09-18 19:28:42.901 [info] [Info  - 7:28:42 PM] (90415) Setting pythonPath for service "riboxyz": "/home/rtviii/dev/ribxzvenv/bin/python"
2023-09-18 19:28:42.902 [info] [Warn  - 7:28:42 PM] (90415) stubPath /home/rtviii/dev/riboxyz/typings is not a valid directory.
2023-09-18 19:28:42.937 [info] [Info  - 7:28:42 PM] (90415) Assuming Python version 3.11
2023-09-18 19:28:43.014 [info] [Info  - 7:28:43 PM] (90415) Found 501 source files
2023-09-18 19:28:57.884 [info] [Info  - 7:28:57 PM] (90415) Setting pythonPath for service "riboxyz": "/home/rtviii/dev/ribxzvenv/bin/python"
2023-09-18 19:28:57.884 [info] [Info  - 7:28:57 PM] (90415) Setting pythonPath for service "riboxyz": "/home/rtviii/dev/ribxzvenv/bin/python"
2023-09-18 19:28:57.884 [info] [Warn  - 7:28:57 PM] (90415) stubPath /home/rtviii/dev/riboxyz/typings is not a valid directory.
2023-09-18 19:28:57.975 [info] [Info  - 7:28:57 PM] (90415) Assuming Python version 3.11
2023-09-18 19:28:58.129 [info] [Info  - 7:28:58 PM] (90415) Found 501 source files
2023-09-18 19:29:10.166 [info] [Info  - 7:29:10 PM] (90415) Setting pythonPath for service "riboxyz": "/home/rtviii/dev/ribxzvenv/bin/python"
2023-09-18 19:29:10.166 [info] [Info  - 7:29:10 PM] (90415) Setting pythonPath for service "riboxyz": "/home/rtviii/dev/ribxzvenv/bin/python"
2023-09-18 19:29:10.167 [info] [Warn  - 7:29:10 PM] (90415) stubPath /home/rtviii/dev/riboxyz/typings is not a valid directory.
2023-09-18 19:29:10.212 [info] [Info  - 7:29:10 PM] (90415) Assuming Python version 3.11
2023-09-18 19:29:10.297 [info] [Info  - 7:29:10 PM] (90415) Found 501 source files
2023-09-18 19:29:38.226 [info] [Info  - 7:29:38 PM] (90415) Setting pythonPath for service "riboxyz": "/home/rtviii/dev/ribxzvenv/bin/python"
2023-09-18 19:29:38.226 [info] [Info  - 7:29:38 PM] (90415) Setting pythonPath for service "riboxyz": "/home/rtviii/dev/ribxzvenv/bin/python"
2023-09-18 19:29:38.226 [info] [Warn  - 7:29:38 PM] (90415) stubPath /home/rtviii/dev/riboxyz/typings is not a valid directory.
2023-09-18 19:29:38.274 [info] [Info  - 7:29:38 PM] (90415) Assuming Python version 3.11
2023-09-18 19:29:38.371 [info] [Info  - 7:29:38 PM] (90415) Found 501 source files
2023-09-18 19:29:51.707 [info] [Info  - 7:29:51 PM] (90415) Setting pythonPath for service "riboxyz": "/home/rtviii/dev/ribxzvenv/bin/python"
2023-09-18 19:29:51.707 [info] [Info  - 7:29:51 PM] (90415) Setting pythonPath for service "riboxyz": "/home/rtviii/dev/ribxzvenv/bin/python"
2023-09-18 19:29:51.707 [info] [Warn  - 7:29:51 PM] (90415) stubPath /home/rtviii/dev/riboxyz/typings is not a valid directory.
2023-09-18 19:29:51.768 [info] [Info  - 7:29:51 PM] (90415) Assuming Python version 3.11
2023-09-18 19:29:51.856 [info] [Info  - 7:29:51 PM] (90415) Found 501 source files
2023-09-18 19:30:01.650 [info] [Info  - 7:30:01 PM] (90415) Setting pythonPath for service "riboxyz": "/home/rtviii/dev/ribxzvenv/bin/python"
2023-09-18 19:30:01.650 [info] [Info  - 7:30:01 PM] (90415) Setting pythonPath for service "riboxyz": "/home/rtviii/dev/ribxzvenv/bin/python"
2023-09-18 19:30:01.650 [info] [Warn  - 7:30:01 PM] (90415) stubPath /home/rtviii/dev/riboxyz/typings is not a valid directory.
2023-09-18 19:30:01.715 [info] [Info  - 7:30:01 PM] (90415) Assuming Python version 3.11
2023-09-18 19:30:01.844 [info] [Info  - 7:30:01 PM] (90415) Found 501 source files
2023-09-18 19:30:27.529 [info] [Info  - 7:30:27 PM] (90415) Setting pythonPath for service "riboxyz": "/home/rtviii/dev/ribxzvenv/bin/python"
2023-09-18 19:30:27.529 [info] [Info  - 7:30:27 PM] (90415) Setting pythonPath for service "riboxyz": "/home/rtviii/dev/ribxzvenv/bin/python"
2023-09-18 19:30:27.529 [info] [Warn  - 7:30:27 PM] (90415) stubPath /home/rtviii/dev/riboxyz/typings is not a valid directory.
2023-09-18 19:30:27.586 [info] [Info  - 7:30:27 PM] (90415) Assuming Python version 3.11
2023-09-18 19:30:27.662 [info] [Info  - 7:30:27 PM] (90415) Found 501 source files
2023-09-18 19:30:30.892 [info] [Info  - 7:30:30 PM] (90415) [IDX(15)] Long operation: index execution environment /home/rtviii/dev/riboxyz (2206ms)
2023-09-18 19:30:30.892 [info] [Info  - 7:30:30 PM] (90415) [IDX(15)] Long operation: index packages /home/rtviii/dev/riboxyz (2215ms)
2023-09-18 19:30:34.465 [info] [Info  - 7:30:34 PM] (90415) Setting pythonPath for service "riboxyz": "/home/rtviii/dev/ribxzvenv/bin/python"
2023-09-18 19:30:34.465 [info] [Info  - 7:30:34 PM] (90415) Setting pythonPath for service "riboxyz": "/home/rtviii/dev/ribxzvenv/bin/python"
2023-09-18 19:30:34.465 [info] [Warn  - 7:30:34 PM] (90415) stubPath /home/rtviii/dev/riboxyz/typings is not a valid directory.
2023-09-18 19:30:34.527 [info] [Info  - 7:30:34 PM] (90415) Assuming Python version 3.11
2023-09-18 19:30:34.618 [info] [Info  - 7:30:34 PM] (90415) Found 501 source files
2023-09-18 19:30:39.410 [info] [Info  - 7:30:39 PM] (90415) Setting pythonPath for service "riboxyz": "/home/rtviii/dev/ribxzvenv/bin/python"
2023-09-18 19:30:39.410 [info] [Info  - 7:30:39 PM] (90415) Setting pythonPath for service "riboxyz": "/home/rtviii/dev/ribxzvenv/bin/python"
2023-09-18 19:30:39.410 [info] [Warn  - 7:30:39 PM] (90415) stubPath /home/rtviii/dev/riboxyz/typings is not a valid directory.
2023-09-18 19:30:39.477 [info] [Info  - 7:30:39 PM] (90415) Assuming Python version 3.11
2023-09-18 19:30:39.564 [info] [Info  - 7:30:39 PM] (90415) Found 501 source files
2023-09-18 19:30:58.000 [info] [Info  - 7:30:58 PM] (90415) Setting pythonPath for service "riboxyz": "/home/rtviii/dev/ribxzvenv/bin/python"
2023-09-18 19:30:58.000 [info] [Info  - 7:30:58 PM] (90415) Setting pythonPath for service "riboxyz": "/home/rtviii/dev/ribxzvenv/bin/python"
2023-09-18 19:30:58.000 [info] [Warn  - 7:30:58 PM] (90415) stubPath /home/rtviii/dev/riboxyz/typings is not a valid directory.
2023-09-18 19:30:58.051 [info] [Info  - 7:30:58 PM] (90415) Assuming Python version 3.11
2023-09-18 19:30:58.148 [info] [Info  - 7:30:58 PM] (90415) Found 501 source files
2023-09-18 19:32:06.389 [info] [Info  - 7:32:06 PM] (90415) Setting pythonPath for service "riboxyz": "/home/rtviii/dev/ribxzvenv/bin/python"
2023-09-18 19:32:06.390 [info] [Info  - 7:32:06 PM] (90415) Setting pythonPath for service "riboxyz": "/home/rtviii/dev/ribxzvenv/bin/python"
2023-09-18 19:32:06.390 [info] [Warn  - 7:32:06 PM] (90415) stubPath /home/rtviii/dev/riboxyz/typings is not a valid directory.
2023-09-18 19:32:06.431 [info] [Info  - 7:32:06 PM] (90415) Assuming Python version 3.11
2023-09-18 19:32:06.526 [info] [Info  - 7:32:06 PM] (90415) Found 501 source files
2023-09-18 19:32:12.061 [info] [Info  - 7:32:12 PM] (90415) Setting pythonPath for service "riboxyz": "/home/rtviii/dev/ribxzvenv/bin/python"
2023-09-18 19:32:12.061 [info] [Info  - 7:32:12 PM] (90415) Setting pythonPath for service "riboxyz": "/home/rtviii/dev/ribxzvenv/bin/python"
2023-09-18 19:32:12.062 [info] [Warn  - 7:32:12 PM] (90415) stubPath /home/rtviii/dev/riboxyz/typings is not a valid directory.
2023-09-18 19:32:12.103 [info] [Info  - 7:32:12 PM] (90415) Assuming Python version 3.11
2023-09-18 19:32:12.189 [info] [Info  - 7:32:12 PM] (90415) Found 501 source files
2023-09-18 19:32:28.752 [info] [Info  - 7:32:28 PM] (90415) Setting pythonPath for service "riboxyz": "/home/rtviii/dev/ribxzvenv/bin/python"
2023-09-18 19:32:28.752 [info] [Info  - 7:32:28 PM] (90415) Setting pythonPath for service "riboxyz": "/home/rtviii/dev/ribxzvenv/bin/python"
2023-09-18 19:32:28.752 [info] [Warn  - 7:32:28 PM] (90415) stubPath /home/rtviii/dev/riboxyz/typings is not a valid directory.
2023-09-18 19:32:28.791 [info] [Info  - 7:32:28 PM] (90415) Assuming Python version 3.11
2023-09-18 19:32:28.868 [info] [Info  - 7:32:28 PM] (90415) Found 501 source files
2023-09-18 19:32:32.901 [info] [Info  - 7:32:32 PM] (90415) Setting pythonPath for service "riboxyz": "/home/rtviii/dev/ribxzvenv/bin/python"
2023-09-18 19:32:32.901 [info] [Info  - 7:32:32 PM] (90415) Setting pythonPath for service "riboxyz": "/home/rtviii/dev/ribxzvenv/bin/python"
2023-09-18 19:32:32.901 [info] [Warn  - 7:32:32 PM] (90415) stubPath /home/rtviii/dev/riboxyz/typings is not a valid directory.
2023-09-18 19:32:32.951 [info] [Info  - 7:32:32 PM] (90415) Assuming Python version 3.11
2023-09-18 19:32:33.040 [info] [Info  - 7:32:33 PM] (90415) Found 501 source files
2023-09-18 19:32:51.042 [info] [Info  - 7:32:51 PM] (90415) Setting pythonPath for service "riboxyz": "/home/rtviii/dev/ribxzvenv/bin/python"
2023-09-18 19:32:51.042 [info] [Info  - 7:32:51 PM] (90415) Setting pythonPath for service "riboxyz": "/home/rtviii/dev/ribxzvenv/bin/python"
2023-09-18 19:32:51.043 [info] [Warn  - 7:32:51 PM] (90415) stubPath /home/rtviii/dev/riboxyz/typings is not a valid directory.
2023-09-18 19:32:51.080 [info] [Info  - 7:32:51 PM] (90415) Assuming Python version 3.11
2023-09-18 19:32:51.190 [info] [Info  - 7:32:51 PM] (90415) Found 501 source files
2023-09-18 19:32:56.884 [info] [Info  - 7:32:56 PM] (90415) Setting pythonPath for service "riboxyz": "/home/rtviii/dev/ribxzvenv/bin/python"
2023-09-18 19:32:56.884 [info] [Info  - 7:32:56 PM] (90415) Setting pythonPath for service "riboxyz": "/home/rtviii/dev/ribxzvenv/bin/python"
2023-09-18 19:32:56.884 [info] [Warn  - 7:32:56 PM] (90415) stubPath /home/rtviii/dev/riboxyz/typings is not a valid directory.
2023-09-18 19:32:56.941 [info] [Info  - 7:32:56 PM] (90415) Assuming Python version 3.11
2023-09-18 19:32:57.053 [info] [Info  - 7:32:57 PM] (90415) Found 501 source files
2023-09-18 19:33:50.632 [info] [Info  - 7:33:50 PM] (92064) Pylance language server 2023.9.10 (pyright c70adefc) starting
2023-09-18 19:33:50.632 [info] [Info  - 7:33:50 PM] (92064) Server root directory: /home/rtviii/.vscode/extensions/ms-python.vscode-pylance-2023.9.10/dist
2023-09-18 19:33:50.638 [info] [Info  - 7:33:50 PM] (92064) Starting service instance "riboxyz"
2023-09-18 19:33:50.674 [info] [Info  - 7:33:50 PM] (92064) Setting pythonPath for service "riboxyz": "/home/rtviii/dev/ribxzvenv/bin/python"
2023-09-18 19:33:50.674 [info] [Info  - 7:33:50 PM] (92064) Setting pythonPath for service "riboxyz": "/home/rtviii/dev/ribxzvenv/bin/python"
2023-09-18 19:33:50.678 [info] [Warn  - 7:33:50 PM] (92064) stubPath /home/rtviii/dev/riboxyz/typings is not a valid directory.
2023-09-18 19:33:50.702 [info] [Info  - 7:33:50 PM] (92064) Assuming Python version 3.11
2023-09-18 19:33:50.845 [info] [Info  - 7:33:50 PM] (92064) Found 501 source files
2023-09-18 19:33:54.165 [info] [Info  - 7:33:54 PM] (92064) [IDX(2)] Long operation: index execution environment /home/rtviii/dev/riboxyz (2002ms)
2023-09-18 19:33:54.165 [info] [Info  - 7:33:54 PM] (92064) [IDX(2)] Long operation: index packages /home/rtviii/dev/riboxyz (2014ms)
2023-09-18 19:34:06.341 [info] [Info  - 7:34:06 PM] (92064) Setting pythonPath for service "riboxyz": "/home/rtviii/dev/ribxzvenv/bin/python"
2023-09-18 19:34:06.342 [info] [Info  - 7:34:06 PM] (92064) Setting pythonPath for service "riboxyz": "/home/rtviii/dev/ribxzvenv/bin/python"
2023-09-18 19:34:06.342 [info] [Warn  - 7:34:06 PM] (92064) stubPath /home/rtviii/dev/riboxyz/typings is not a valid directory.
2023-09-18 19:34:06.385 [info] [Info  - 7:34:06 PM] (92064) Assuming Python version 3.11
2023-09-18 19:34:06.510 [info] [Info  - 7:34:06 PM] (92064) Found 501 source files
