2023-09-18 11:00:31.187 [info] Configuration changed
2023-09-18 11:00:31.199 [info] Configuration changed
2023-09-18 11:00:31.424 [info] Configuration changed
2023-09-18 11:00:33.575 [info] Active editor: file:///home/rtviii/dev/weber/weber.csv
2023-09-18 11:00:34.793 [info] /home/rtviii/dev/weber/weber.csv closed
2023-09-18 11:02:56.242 [info] Configuration changed
2023-09-18 11:02:57.347 [info] Active editor: output:tasks
2023-09-18 11:02:57.721 [info] tasks closed
2023-09-18 11:05:58.445 [info] Active editor: file:///home/rtviii/dev/weber/Weber_mentions.csv
2023-09-18 11:05:58.530 [info] /home/rtviii/dev/weber/Weber_mentions.csv closed
2023-09-18 11:06:02.741 [info] Active editor: file:///home/rtviii/dev/weber/weber.csv
2023-09-18 11:06:04.254 [info] Active editor: file:///home/rtviii/dev/weber/Weber_mentions.csv
2023-09-18 11:06:23.970 [info] /home/rtviii/dev/weber/Weber_mentions.csv closed
2023-09-18 11:06:23.982 [info] Active editor: file:///home/rtviii/dev/weber/weber.csv
2023-09-18 11:06:26.533 [info] /home/rtviii/dev/weber/weber.csv closed
2023-09-18 11:15:59.694 [info] Active editor: file:///home/rtviii/dev/weber/report.md
2023-09-18 11:18:42.214 [info] Active editor: file:///home/rtviii/dev/weber/report.md
2023-09-18 11:18:44.072 [warning] invalid cursor position. [[4, 267] | [4, 267]].
2023-09-18 11:18:44.241 [warning] invalid cursor position. [[3, 267] | [3, 267]].
2023-09-18 11:18:44.517 [warning] invalid cursor position. [[4, 267] | [4, 267]].
2023-09-18 11:19:11.524 [info] Active editor: file:///home/rtviii/dev/weber/report.md
2023-09-18 11:19:14.115 [warning] invalid cursor position. [[7, 267] | [7, 267]].
2023-09-18 11:21:14.144 [info] Active editor: file:///home/rtviii/dev/weber/report.md
2023-09-18 11:22:14.705 [info] /home/rtviii/.config/Code/User/settings.json closed
2023-09-18 11:22:14.713 [info] Configuration changed
2023-09-18 11:22:21.419 [info] Active editor: file:///home/rtviii/dev/weber/report.md
2023-09-18 11:22:22.096 [warning] invalid cursor position. [[3, 153] | [3, 153]].
2023-09-18 11:22:23.271 [warning] invalid cursor position. [[3, 152] | [3, 152]].
2023-09-18 11:22:28.378 [warning] invalid cursor position. [[5, 82] | [5, 82]].
2023-09-18 11:23:37.223 [warning] invalid cursor position. [[3, 337] | [3, 337]].
2023-09-18 11:23:37.364 [warning] invalid cursor position. [[2, 337] | [2, 337]].
2023-09-18 11:23:37.654 [warning] invalid cursor position. [[3, 337] | [3, 337]].
2023-09-18 11:23:38.635 [warning] invalid cursor position. [[2, 337] | [2, 337]].
2023-09-18 11:23:38.877 [warning] invalid cursor position. [[3, 337] | [3, 337]].
2023-09-18 11:23:40.120 [warning] invalid cursor position. [[3, 337] | [3, 337]].
2023-09-18 11:23:40.530 [warning] invalid cursor position. [[5, 337] | [5, 337]].
2023-09-18 11:23:58.729 [info] /home/rtviii/.config/Code/User/settings.json closed
2023-09-18 11:23:58.755 [info] Configuration changed
2023-09-18 11:24:47.969 [info] Active editor: file:///home/rtviii/dev/weber/report.md
2023-09-18 11:25:05.606 [info] Active editor: file:///home/rtviii/dev/weber/report.md
2023-09-18 11:25:09.867 [info] Active editor: file:///home/rtviii/dev/weber/report.md
2023-09-18 11:25:17.326 [warning] invalid cursor position. [[5, 109] | [5, 109]].
2023-09-18 11:25:17.889 [warning] invalid cursor position. [[5, 109] | [5, 109]].
2023-09-18 11:25:18.935 [warning] invalid cursor position. [[5, 109] | [5, 109]].
2023-09-18 11:27:24.062 [info] Active editor: file:///home/rtviii/dev/weber/report.md
2023-09-18 11:27:33.859 [warning] invalid cursor position. [[9, 20] | [9, 20]].
2023-09-18 11:27:34.047 [warning] invalid cursor position. [[8, 20] | [8, 20]].
2023-09-18 11:27:42.649 [info] Active editor: file:///home/rtviii/dev/weber/report.md
2023-09-18 11:27:45.079 [warning] invalid cursor position. [[12, 10] | [12, 10]].
2023-09-18 11:27:47.499 [info] Active editor: file:///home/rtviii/dev/weber/report.md
2023-09-18 11:28:04.374 [info] Active editor: file:///home/rtviii/dev/weber/report.md
2023-09-18 11:33:16.753 [info] Active editor: file:///home/rtviii/dev/weber/report.md
2023-09-18 11:33:26.991 [info] Active editor: file:///home/rtviii/dev/weber/report.md
2023-09-18 11:33:42.525 [info] Active editor: file:///home/rtviii/dev/weber/report.md
2023-09-18 11:33:51.375 [info] Active editor: file:///home/rtviii/dev/weber/report.md
2023-09-18 11:34:00.149 [info] Active editor: file:///home/rtviii/dev/weber/report.md
2023-09-18 11:34:05.650 [info] Active editor: file:///home/rtviii/dev/weber/report.md
2023-09-18 11:34:13.114 [info] Active editor: file:///home/rtviii/dev/weber/report.md
2023-09-18 11:34:17.331 [info] Active editor: file:///home/rtviii/dev/weber/report.md
2023-09-18 11:34:19.898 [info] Active editor: file:///home/rtviii/dev/weber/report.md
2023-09-18 11:34:24.073 [info] Active editor: file:///home/rtviii/dev/weber/report.md
2023-09-18 11:34:28.901 [info] Active editor: file:///home/rtviii/dev/weber/report.md
2023-09-18 11:36:28.831 [info] Active editor: file:///home/rtviii/dev/weber/report.md
2023-09-18 11:36:56.717 [info] Active editor: file:///home/rtviii/dev/weber/weber.csv
2023-09-18 11:36:56.853 [info] /home/rtviii/dev/weber/weber.csv closed
2023-09-18 11:36:58.193 [info] Active editor: file:///home/rtviii/dev/weber/Weber_mentions.csv
2023-09-18 11:36:58.379 [info] /home/rtviii/dev/weber/Weber_mentions.csv closed
2023-09-18 11:37:22.599 [info] Active editor: file:///home/rtviii/dev/weber/title_col.csv
2023-09-18 11:37:22.719 [info] /home/rtviii/dev/weber/title_col.csv closed
2023-09-18 11:38:28.974 [info] /home/rtviii/dev/weber/title_col.csv closed
2023-09-18 11:38:44.801 [info] Active editor: file:///home/rtviii/dev/weber/driver.py
2023-09-18 11:39:21.300 [warning] invalid cursor position. [[4, 2] | [4, 2]].
2023-09-18 11:39:22.134 [warning] invalid cursor position. [[4, Infinity] | [4, Infinity]].
2023-09-18 11:39:26.319 [warning] invalid cursor position. [[4, 31] | [4, 31]].
2023-09-18 11:39:28.799 [warning] invalid cursor position. [[7, 32] | [7, 32]].
2023-09-18 11:39:35.406 [warning] invalid cursor position. [[10, 32] | [10, 32]].
2023-09-18 11:39:53.766 [info] Active editor: file:///home/rtviii/dev/weber/content_column.csv
2023-09-18 11:40:19.176 [info] Active editor: file:///home/rtviii/dev/weber/driver.py
2023-09-18 11:40:26.580 [warning] invalid cursor position. [[13, 7] | [13, 7]].
2023-09-18 11:40:28.031 [warning] invalid cursor position. [[7, 11] | [7, 11]].
2023-09-18 11:40:28.544 [warning] invalid cursor position. [[10, 11] | [10, 11]].
2023-09-18 11:40:35.559 [warning] invalid cursor position. [[11, 7] | [11, 7]].
2023-09-18 11:40:41.340 [info] Active editor: file:///home/rtviii/dev/weber/content_column.csv
2023-09-18 11:41:32.242 [info] Active editor: file:///home/rtviii/dev/weber/content.csv
2023-09-18 11:42:40.882 [info] Active editor: file:///home/rtviii/dev/weber/content_column.csv
2023-09-18 11:42:50.159 [info] Active editor: file:///home/rtviii/dev/weber/content.csv
2023-09-18 11:42:54.745 [info] /home/rtviii/dev/weber/content.csv closed
2023-09-18 11:42:54.750 [info] Active editor: file:///home/rtviii/dev/weber/content_column.csv
2023-09-18 11:42:56.126 [info] Active editor: file:///home/rtviii/dev/weber/weber.csv
2023-09-18 11:42:56.697 [info] Active editor: file:///home/rtviii/dev/weber/content_column.csv
2023-09-18 11:42:57.155 [info] Active editor: file:///home/rtviii/dev/weber/content.csv
2023-09-18 11:43:55.045 [info] Active editor: file:///home/rtviii/dev/weber/content_column.csv
2023-09-18 11:43:55.209 [info] Active editor: file:///home/rtviii/dev/weber/driver.py
2023-09-18 11:43:59.519 [warning] invalid cursor position. [[18, 32] | [18, 32]].
2023-09-18 11:44:04.972 [warning] invalid cursor position. [[18, 24] | [18, 24]].
2023-09-18 11:44:05.590 [warning] invalid cursor position. [[21, 2] | [21, 2]].
2023-09-18 11:44:05.899 [warning] invalid cursor position. [[21, 2] | [21, 2]].
2023-09-18 11:44:09.343 [warning] invalid cursor position. [[21, 32] | [21, 32]].
2023-09-18 11:44:24.000 [warning] invalid cursor position. [[21, 19] | [21, 19]].
2023-09-18 11:44:24.467 [warning] invalid cursor position. [[15, 19] | [15, 19]].
2023-09-18 11:44:26.302 [info] Active editor: file:///home/rtviii/dev/weber/content.csv
2023-09-18 11:44:42.870 [info] Searching for Krugman
2023-09-18 11:44:57.344 [info] Active editor: file:///home/rtviii/dev/weber/report.md
2023-09-18 11:47:51.460 [warning] invalid cursor position. [[17, 246] | [17, 246]].
2023-09-18 11:47:51.581 [warning] invalid cursor position. [[16, 246] | [16, 246]].
2023-09-18 11:47:54.000 [warning] invalid cursor position. [[5, 339] | [5, 339]].
2023-09-18 11:47:54.448 [warning] invalid cursor position. [[6, 339] | [6, 339]].
2023-09-18 11:47:54.804 [warning] invalid cursor position. [[5, 339] | [5, 339]].
2023-09-18 11:48:23.522 [warning] invalid cursor position. [[19, 17] | [19, 17]].
2023-09-18 11:48:24.635 [warning] invalid cursor position. [[19, 16] | [19, 16]].
2023-09-18 11:48:25.970 [warning] invalid cursor position. [[5, 13] | [5, 13]].
2023-09-18 11:48:26.347 [warning] invalid cursor position. [[5, 4] | [5, 4]].
2023-09-18 11:48:26.737 [warning] invalid cursor position. [[3, 4] | [3, 4]].
2023-09-18 11:48:27.368 [warning] invalid cursor position. [[5, 4] | [5, 4]].
2023-09-18 11:48:34.475 [warning] invalid cursor position. [[5, 13] | [5, 13]].
2023-09-18 11:48:34.752 [warning] invalid cursor position. [[5, 4] | [5, 4]].
2023-09-18 11:48:35.085 [warning] invalid cursor position. [[3, 4] | [3, 4]].
2023-09-18 11:48:44.477 [warning] invalid cursor position. [[5, 201] | [5, 201]].
2023-09-18 11:48:44.856 [warning] invalid cursor position. [[3, 201] | [3, 201]].
2023-09-18 11:48:50.691 [warning] invalid cursor position. [[5, 201] | [5, 201]].
2023-09-18 11:50:03.250 [info] Active editor: file:///home/rtviii/dev/weber/content_column.csv
2023-09-18 11:50:04.663 [info] Active editor: file:///home/rtviii/dev/weber/content.csv
2023-09-18 11:50:05.527 [info] Active editor: file:///home/rtviii/dev/weber/Weber_mentions.csv
2023-09-18 11:50:07.757 [info] Active editor: file:///home/rtviii/dev/weber/weber.csv
2023-09-18 11:50:42.057 [info] Active editor: file:///home/rtviii/dev/weber/driver.py
2023-09-18 11:50:45.124 [info] /home/rtviii/.vscode/extensions/ms-python.vscode-pylance-2023.9.10/dist/typeshed-fallback/stubs/first/first.pyi closed
2023-09-18 11:50:49.607 [info] Active editor: file:///home/rtviii/dev/weber/report.md
2023-09-18 12:03:01.715 [info] Active editor: file:///home/rtviii/dev/weber/report.md
2023-09-18 12:08:47.678 [warning] invalid cursor position. [[20, 537] | [20, 263]].
2023-09-18 12:08:47.689 [warning] Ignoring slipped selection: [20, 263; 20, 263]
2023-09-18 12:08:49.431 [warning] invalid cursor position. [[22, 263] | [22, 263]].
2023-09-18 12:09:27.565 [warning] invalid cursor position. [[20, 653] | [20, 263]].
2023-09-18 12:09:27.566 [warning] Ignoring slipped selection: [20, 263; 20, 263]
2023-09-18 12:09:28.761 [warning] Ignoring slipped selection: [20, 263; 20, 263]
2023-09-18 12:09:29.447 [warning] Ignoring slipped selection: [21, 652; 21, 652]
2023-09-18 12:10:41.663 [warning] Ignoring slipped selection: [23, 115; 23, 115]
2023-09-18 12:11:00.114 [warning] Ignoring slipped selection: [23, 183; 23, 183]
2023-09-18 12:11:00.268 [warning] Ignoring slipped selection: [23, 177; 23, 177]
2023-09-18 12:11:03.263 [warning] Ignoring slipped selection: [23, 183; 23, 183]
2023-09-18 12:12:01.715 [warning] Ignoring slipped selection: [23, 278; 23, 278]
2023-09-18 12:12:01.897 [warning] Ignoring slipped selection: [23, 276; 23, 276]
2023-09-18 12:12:02.078 [warning] Ignoring slipped selection: [23, 273; 23, 273]
2023-09-18 12:12:02.260 [warning] Ignoring slipped selection: [23, 263; 23, 263]
2023-09-18 12:12:02.451 [warning] Ignoring slipped selection: [23, 259; 23, 259]
2023-09-18 12:12:16.648 [warning] Ignoring slipped selection: [23, 178; 23, 178]
2023-09-18 12:12:16.928 [warning] Ignoring slipped selection: [23, 177; 23, 177]
2023-09-18 12:12:55.232 [warning] Ignoring slipped selection: [25, 10; 25, 10]
2023-09-18 12:12:55.497 [warning] Ignoring slipped selection: [25, 0; 25, 0]
2023-09-18 12:12:55.723 [warning] Ignoring slipped selection: [24, 0; 24, 0]
2023-09-18 12:13:06.454 [warning] Ignoring slipped selection: [25, 16; 25, 16]
2023-09-18 12:13:06.626 [warning] Ignoring slipped selection: [25, 12; 25, 12]
2023-09-18 12:13:06.808 [warning] Ignoring slipped selection: [25, 6; 25, 6]
2023-09-18 12:13:07.020 [warning] Ignoring slipped selection: [25, 0; 25, 0]
2023-09-18 12:13:35.898 [warning] Ignoring slipped selection: [25, 113; 25, 113]
2023-09-18 12:13:36.069 [warning] Ignoring slipped selection: [25, 109; 25, 109]
2023-09-18 12:13:57.038 [warning] Ignoring slipped selection: [25, 176; 25, 176]
2023-09-18 12:13:57.596 [warning] Ignoring slipped selection: [25, 174; 25, 174]
2023-09-18 12:14:19.391 [warning] Ignoring slipped selection: [26, 0; 26, 0]
