2023-09-18 10:53:59.612 [info] Log level: Info
2023-09-18 10:53:59.612 [info] Validating found git in: "git"
2023-09-18 10:53:59.612 [info] Using git "2.42.0" from "git"
2023-09-18 10:53:59.612 [info] > git rev-parse --show-toplevel [2ms]
2023-09-18 10:53:59.612 [info] fatal: not a git repository (or any parent up to mount point /)
Stopping at filesystem boundary (GIT_DISCOVERY_ACROSS_FILESYSTEM not set).
2023-09-18 10:53:59.612 [info] > git rev-parse --show-toplevel [1ms]
2023-09-18 10:53:59.612 [info] fatal: not a git repository (or any parent up to mount point /)
Stopping at filesystem boundary (GIT_DISCOVERY_ACROSS_FILESYSTEM not set).
2023-09-18 10:53:59.612 [info] > git rev-parse --show-toplevel [2ms]
2023-09-18 10:53:59.612 [info] fatal: not a git repository (or any parent up to mount point /)
Stopping at filesystem boundary (GIT_DISCOVERY_ACROSS_FILESYSTEM not set).
2023-09-18 10:54:00.416 [info] > git rev-parse --show-toplevel [2ms]
2023-09-18 10:54:00.416 [info] fatal: not a git repository (or any parent up to mount point /)
Stopping at filesystem boundary (GIT_DISCOVERY_ACROSS_FILESYSTEM not set).
2023-09-18 10:54:35.293 [info] > git rev-parse --show-toplevel [2ms]
2023-09-18 10:54:35.293 [info] fatal: not a git repository (or any parent up to mount point /)
Stopping at filesystem boundary (GIT_DISCOVERY_ACROSS_FILESYSTEM not set).
2023-09-18 10:54:38.661 [info] > git rev-parse --show-toplevel [71ms]
2023-09-18 10:54:38.661 [info] fatal: not a git repository (or any parent up to mount point /)
Stopping at filesystem boundary (GIT_DISCOVERY_ACROSS_FILESYSTEM not set).
2023-09-18 10:54:57.243 [info] > git rev-parse --show-toplevel [2ms]
2023-09-18 10:54:57.243 [info] fatal: not a git repository (or any parent up to mount point /)
Stopping at filesystem boundary (GIT_DISCOVERY_ACROSS_FILESYSTEM not set).
2023-09-18 10:54:59.120 [info] > git rev-parse --show-toplevel [2ms]
2023-09-18 10:54:59.120 [info] fatal: not a git repository (or any parent up to mount point /)
Stopping at filesystem boundary (GIT_DISCOVERY_ACROSS_FILESYSTEM not set).
