2023-09-18 18:42:56.845 [info] Experiment 'pythonPromptNewFormatterExt' is active
2023-09-18 18:42:56.845 [info] Experiment 'pythonPromptNewToolsExt' is active
2023-09-18 18:42:56.845 [info] Experiment 'pythonTestAdaptercf' is active
2023-09-18 18:42:56.845 [info] Test server listening.
2023-09-18 18:42:56.845 [warning] Failed to check if /home/rxz/dev/micellevenv is an executable [Error: ENOENT: no such file or directory, lstat '/home/rxz/dev/micellevenv'] {
  errno: -2,
  code: 'ENOENT',
  syscall: 'lstat',
  path: '/home/rxz/dev/micellevenv'
}
2023-09-18 18:42:56.845 [warning] Failed to check if /home/rxz/dev/micellevenv is an executable [Error: ENOENT: no such file or directory, lstat '/home/rxz/dev/micellevenv'] {
  errno: -2,
  code: 'ENOENT',
  syscall: 'lstat',
  path: '/home/rxz/dev/micellevenv'
}
2023-09-18 18:42:56.845 [warning] Failed to check if /home/rxz/dev/micellevenv is an executable [Error: ENOENT: no such file or directory, lstat '/home/rxz/dev/micellevenv'] {
  errno: -2,
  code: 'ENOENT',
  syscall: 'lstat',
  path: '/home/rxz/dev/micellevenv'
}
2023-09-18 18:42:56.845 [warning] Failed to check if /home/rxz/dev/micellevenv is an executable [Error: ENOENT: no such file or directory, lstat '/home/rxz/dev/micellevenv'] {
  errno: -2,
  code: 'ENOENT',
  syscall: 'lstat',
  path: '/home/rxz/dev/micellevenv'
}
2023-09-18 18:42:57.009 [warning] Failed to check if /home/rxz/dev/micellevenv is an executable [Error: ENOENT: no such file or directory, lstat '/home/rxz/dev/micellevenv'] {
  errno: -2,
  code: 'ENOENT',
  syscall: 'lstat',
  path: '/home/rxz/dev/micellevenv'
}
2023-09-18 18:42:57.010 [warning] Failed to check if /home/rxz/dev/micellevenv is an executable [Error: ENOENT: no such file or directory, lstat '/home/rxz/dev/micellevenv'] {
  errno: -2,
  code: 'ENOENT',
  syscall: 'lstat',
  path: '/home/rxz/dev/micellevenv'
}
2023-09-18 18:42:57.010 [warning] Failed to check if /home/rxz/dev/micellevenv is an executable [Error: ENOENT: no such file or directory, lstat '/home/rxz/dev/micellevenv'] {
  errno: -2,
  code: 'ENOENT',
  syscall: 'lstat',
  path: '/home/rxz/dev/micellevenv'
}
2023-09-18 18:42:57.012 [warning] Identifier for virt-virtualenv failed to identify /home/rxz/dev/micellevenv [Error: ENOENT: no such file or directory, scandir '/home/rxz/dev'] {
  errno: -2,
  code: 'ENOENT',
  syscall: 'scandir',
  path: '/home/rxz/dev'
}
2023-09-18 18:42:57.012 [warning] Identifier for virt-virtualenv failed to identify /home/rxz/dev/micellevenv [Error: ENOENT: no such file or directory, scandir '/home/rxz/dev'] {
  errno: -2,
  code: 'ENOENT',
  syscall: 'scandir',
  path: '/home/rxz/dev'
}
2023-09-18 18:42:57.013 [warning] Identifier for virt-virtualenv failed to identify /home/rxz/dev/micellevenv [Error: ENOENT: no such file or directory, scandir '/home/rxz/dev'] {
  errno: -2,
  code: 'ENOENT',
  syscall: 'scandir',
  path: '/home/rxz/dev'
}
2023-09-18 18:42:57.013 [warning] Identifier for virt-virtualenv failed to identify /home/rxz/dev/micellevenv [Error: ENOENT: no such file or directory, scandir '/home/rxz/dev'] {
  errno: -2,
  code: 'ENOENT',
  syscall: 'scandir',
  path: '/home/rxz/dev'
}
2023-09-18 18:42:57.031 [info] > /home/rxz/dev/micellevenv -I ~/.vscode/extensions/ms-python.python-2023.16.0/pythonFiles/get_output_via_markers.py ~/.vscode/extensions/ms-python.python-2023.16.0/pythonFiles/interpreterInfo.py
2023-09-18 18:42:57.031 [warning] Identifier for virt-virtualenv failed to identify /home/rxz/dev/micellevenv [Error: ENOENT: no such file or directory, scandir '/home/rxz/dev'] {
  errno: -2,
  code: 'ENOENT',
  syscall: 'scandir',
  path: '/home/rxz/dev'
}
2023-09-18 18:42:57.031 [warning] Identifier for virt-virtualenv failed to identify /home/rxz/dev/micellevenv [Error: ENOENT: no such file or directory, scandir '/home/rxz/dev'] {
  errno: -2,
  code: 'ENOENT',
  syscall: 'scandir',
  path: '/home/rxz/dev'
}
2023-09-18 18:42:57.031 [warning] Identifier for virt-virtualenv failed to identify /home/rxz/dev/micellevenv [Error: ENOENT: no such file or directory, scandir '/home/rxz/dev'] {
  errno: -2,
  code: 'ENOENT',
  syscall: 'scandir',
  path: '/home/rxz/dev'
}
2023-09-18 18:42:57.044 [error] [Error: Command failed: /home/rxz/dev/micellevenv -I /home/rtviii/.vscode/extensions/ms-python.python-2023.16.0/pythonFiles/get_output_via_markers.py /home/rtviii/.vscode/extensions/ms-python.python-2023.16.0/pythonFiles/interpreterInfo.py
/bin/sh: line 1: /home/rxz/dev/micellevenv: No such file or directory

	at ChildProcess.exithandler (node:child_process:431:12)
	at ChildProcess.emit (node:events:513:28)
	at maybeClose (node:internal/child_process:1091:16)
	at Socket.<anonymous> (node:internal/child_process:449:11)
	at Socket.emit (node:events:513:28)
	at Pipe.<anonymous> (node:net:322:12)] {
  code: 127,
  killed: false,
  signal: null,
  cmd: '/home/rxz/dev/micellevenv -I /home/rtviii/.vscode/extensions/ms-python.python-2023.16.0/pythonFiles/get_output_via_markers.py /home/rtviii/.vscode/extensions/ms-python.python-2023.16.0/pythonFiles/interpreterInfo.py'
}
2023-09-18 18:42:57.082 [info] > conda info --json
2023-09-18 18:42:58.205 [warning] Failed to check if /home/rxz/dev/micellevenv is an executable [Error: ENOENT: no such file or directory, lstat '/home/rxz/dev/micellevenv'] {
  errno: -2,
  code: 'ENOENT',
  syscall: 'lstat',
  path: '/home/rxz/dev/micellevenv'
}
2023-09-18 18:42:58.358 [warning] Identifier for virt-virtualenv failed to identify /home/rxz/dev/micellevenv [Error: ENOENT: no such file or directory, scandir '/home/rxz/dev'] {
  errno: -2,
  code: 'ENOENT',
  syscall: 'scandir',
  path: '/home/rxz/dev'
}
2023-09-18 18:42:58.739 [warning] Failed to check if /home/rxz/dev/micellevenv is an executable [Error: ENOENT: no such file or directory, lstat '/home/rxz/dev/micellevenv'] {
  errno: -2,
  code: 'ENOENT',
  syscall: 'lstat',
  path: '/home/rxz/dev/micellevenv'
}
2023-09-18 18:42:58.740 [warning] Identifier for virt-virtualenv failed to identify /home/rxz/dev/micellevenv [Error: ENOENT: no such file or directory, scandir '/home/rxz/dev'] {
  errno: -2,
  code: 'ENOENT',
  syscall: 'scandir',
  path: '/home/rxz/dev'
}
2023-09-18 18:42:59.055 [info] > /home/rxz/dev/micellevenv -I ~/.vscode/extensions/ms-python.python-2023.16.0/pythonFiles/get_output_via_markers.py ~/.vscode/extensions/ms-python.python-2023.16.0/pythonFiles/interpreterInfo.py
2023-09-18 18:42:59.059 [error] Error: Command failed: /home/rxz/dev/micellevenv -I /home/rtviii/.vscode/extensions/ms-python.python-2023.16.0/pythonFiles/get_output_via_markers.py /home/rtviii/.vscode/extensions/ms-python.python-2023.16.0/pythonFiles/interpreterInfo.py
/bin/sh: line 1: /home/rxz/dev/micellevenv: No such file or directory

    at ChildProcess.exithandler (node:child_process:431:12)
    at ChildProcess.emit (node:events:513:28)
    at maybeClose (node:internal/child_process:1091:16)
    at Socket.<anonymous> (node:internal/child_process:449:11)
    at Socket.emit (node:events:513:28)
    at Pipe.<anonymous> (node:net:322:12) {
  code: 127,
  killed: false,
  signal: null,
  cmd: '/home/rxz/dev/micellevenv -I /home/rtviii/.vscode/extensions/ms-python.python-2023.16.0/pythonFiles/get_output_via_markers.py /home/rtviii/.vscode/extensions/ms-python.python-2023.16.0/pythonFiles/interpreterInfo.py'
}
2023-09-18 18:42:59.461 [warning] Failed to check if /home/rxz/dev/micellevenv is an executable [Error: ENOENT: no such file or directory, lstat '/home/rxz/dev/micellevenv'] {
  errno: -2,
  code: 'ENOENT',
  syscall: 'lstat',
  path: '/home/rxz/dev/micellevenv'
}
2023-09-18 18:42:59.465 [warning] Identifier for virt-virtualenv failed to identify /home/rxz/dev/micellevenv [Error: ENOENT: no such file or directory, scandir '/home/rxz/dev'] {
  errno: -2,
  code: 'ENOENT',
  syscall: 'scandir',
  path: '/home/rxz/dev'
}
2023-09-18 18:43:00.386 [info] Starting Pylance language server.
2023-09-18 18:43:00.388 [warning] Failed to check if /home/rxz/dev/micellevenv is an executable [Error: ENOENT: no such file or directory, lstat '/home/rxz/dev/micellevenv'] {
  errno: -2,
  code: 'ENOENT',
  syscall: 'lstat',
  path: '/home/rxz/dev/micellevenv'
}
2023-09-18 18:43:00.388 [warning] Failed to check if /home/rxz/dev/micellevenv is an executable [Error: ENOENT: no such file or directory, lstat '/home/rxz/dev/micellevenv'] {
  errno: -2,
  code: 'ENOENT',
  syscall: 'lstat',
  path: '/home/rxz/dev/micellevenv'
}
2023-09-18 18:43:00.393 [warning] Failed to check if /home/rxz/dev/micellevenv is an executable [Error: ENOENT: no such file or directory, lstat '/home/rxz/dev/micellevenv'] {
  errno: -2,
  code: 'ENOENT',
  syscall: 'lstat',
  path: '/home/rxz/dev/micellevenv'
}
2023-09-18 18:43:00.394 [warning] Identifier for virt-virtualenv failed to identify /home/rxz/dev/micellevenv [Error: ENOENT: no such file or directory, scandir '/home/rxz/dev'] {
  errno: -2,
  code: 'ENOENT',
  syscall: 'scandir',
  path: '/home/rxz/dev'
}
2023-09-18 18:43:00.394 [warning] Identifier for virt-virtualenv failed to identify /home/rxz/dev/micellevenv [Error: ENOENT: no such file or directory, scandir '/home/rxz/dev'] {
  errno: -2,
  code: 'ENOENT',
  syscall: 'scandir',
  path: '/home/rxz/dev'
}
2023-09-18 18:43:00.397 [warning] Identifier for virt-virtualenv failed to identify /home/rxz/dev/micellevenv [Error: ENOENT: no such file or directory, scandir '/home/rxz/dev'] {
  errno: -2,
  code: 'ENOENT',
  syscall: 'scandir',
  path: '/home/rxz/dev'
}
2023-09-18 18:43:00.400 [warning] Failed to check if /home/rxz/dev/micellevenv is an executable [Error: ENOENT: no such file or directory, lstat '/home/rxz/dev/micellevenv'] {
  errno: -2,
  code: 'ENOENT',
  syscall: 'lstat',
  path: '/home/rxz/dev/micellevenv'
}
2023-09-18 18:43:00.403 [warning] Identifier for virt-virtualenv failed to identify /home/rxz/dev/micellevenv [Error: ENOENT: no such file or directory, scandir '/home/rxz/dev'] {
  errno: -2,
  code: 'ENOENT',
  syscall: 'scandir',
  path: '/home/rxz/dev'
}
2023-09-18 18:43:37.973 [warning] Failed to check if /home/rxz/dev/micellevenv is an executable [Error: ENOENT: no such file or directory, lstat '/home/rxz/dev/micellevenv'] {
  errno: -2,
  code: 'ENOENT',
  syscall: 'lstat',
  path: '/home/rxz/dev/micellevenv'
}
2023-09-18 18:43:37.977 [warning] Identifier for virt-virtualenv failed to identify /home/rxz/dev/micellevenv [Error: ENOENT: no such file or directory, scandir '/home/rxz/dev'] {
  errno: -2,
  code: 'ENOENT',
  syscall: 'scandir',
  path: '/home/rxz/dev'
}
2023-09-18 18:43:37.979 [warning] Failed to check if /home/rxz/dev/micellevenv is an executable [Error: ENOENT: no such file or directory, lstat '/home/rxz/dev/micellevenv'] {
  errno: -2,
  code: 'ENOENT',
  syscall: 'lstat',
  path: '/home/rxz/dev/micellevenv'
}
2023-09-18 18:43:37.982 [warning] Identifier for virt-virtualenv failed to identify /home/rxz/dev/micellevenv [Error: ENOENT: no such file or directory, scandir '/home/rxz/dev'] {
  errno: -2,
  code: 'ENOENT',
  syscall: 'scandir',
  path: '/home/rxz/dev'
}
2023-09-18 18:43:38.088 [info] Discover tests for workspace name: eukaryotic_ptcs - uri: /home/rtviii/dev/eukaryotic_ptcs/.vscode/settings.json
2023-09-18 19:10:24.217 [warning] Failed to check if /home/rxz/dev/micellevenv is an executable [Error: ENOENT: no such file or directory, lstat '/home/rxz/dev/micellevenv'] {
  errno: -2,
  code: 'ENOENT',
  syscall: 'lstat',
  path: '/home/rxz/dev/micellevenv'
}
2023-09-18 19:10:24.219 [warning] Identifier for virt-virtualenv failed to identify /home/rxz/dev/micellevenv [Error: ENOENT: no such file or directory, scandir '/home/rxz/dev'] {
  errno: -2,
  code: 'ENOENT',
  syscall: 'scandir',
  path: '/home/rxz/dev'
}
2023-09-18 19:10:24.222 [warning] Failed to check if /home/rxz/dev/micellevenv is an executable [Error: ENOENT: no such file or directory, lstat '/home/rxz/dev/micellevenv'] {
  errno: -2,
  code: 'ENOENT',
  syscall: 'lstat',
  path: '/home/rxz/dev/micellevenv'
}
2023-09-18 19:10:24.223 [warning] Identifier for virt-virtualenv failed to identify /home/rxz/dev/micellevenv [Error: ENOENT: no such file or directory, scandir '/home/rxz/dev'] {
  errno: -2,
  code: 'ENOENT',
  syscall: 'scandir',
  path: '/home/rxz/dev'
}
2023-09-18 19:10:30.361 [warning] Failed to check if /home/rxz/dev/micellevenv is an executable [Error: ENOENT: no such file or directory, lstat '/home/rxz/dev/micellevenv'] {
  errno: -2,
  code: 'ENOENT',
  syscall: 'lstat',
  path: '/home/rxz/dev/micellevenv'
}
2023-09-18 19:10:30.363 [warning] Identifier for virt-virtualenv failed to identify /home/rxz/dev/micellevenv [Error: ENOENT: no such file or directory, scandir '/home/rxz/dev'] {
  errno: -2,
  code: 'ENOENT',
  syscall: 'scandir',
  path: '/home/rxz/dev'
}
2023-09-18 19:10:30.368 [warning] Failed to check if /home/rxz/dev/micellevenv is an executable [Error: ENOENT: no such file or directory, lstat '/home/rxz/dev/micellevenv'] {
  errno: -2,
  code: 'ENOENT',
  syscall: 'lstat',
  path: '/home/rxz/dev/micellevenv'
}
2023-09-18 19:10:30.371 [warning] Identifier for virt-virtualenv failed to identify /home/rxz/dev/micellevenv [Error: ENOENT: no such file or directory, scandir '/home/rxz/dev'] {
  errno: -2,
  code: 'ENOENT',
  syscall: 'scandir',
  path: '/home/rxz/dev'
}
2023-09-18 19:10:40.879 [warning] Failed to check if /home/rxz/dev/micellevenv is an executable [Error: ENOENT: no such file or directory, lstat '/home/rxz/dev/micellevenv'] {
  errno: -2,
  code: 'ENOENT',
  syscall: 'lstat',
  path: '/home/rxz/dev/micellevenv'
}
2023-09-18 19:10:40.880 [warning] Identifier for virt-virtualenv failed to identify /home/rxz/dev/micellevenv [Error: ENOENT: no such file or directory, scandir '/home/rxz/dev'] {
  errno: -2,
  code: 'ENOENT',
  syscall: 'scandir',
  path: '/home/rxz/dev'
}
2023-09-18 19:10:40.882 [warning] Failed to check if /home/rxz/dev/micellevenv is an executable [Error: ENOENT: no such file or directory, lstat '/home/rxz/dev/micellevenv'] {
  errno: -2,
  code: 'ENOENT',
  syscall: 'lstat',
  path: '/home/rxz/dev/micellevenv'
}
2023-09-18 19:10:40.882 [warning] Identifier for virt-virtualenv failed to identify /home/rxz/dev/micellevenv [Error: ENOENT: no such file or directory, scandir '/home/rxz/dev'] {
  errno: -2,
  code: 'ENOENT',
  syscall: 'scandir',
  path: '/home/rxz/dev'
}
2023-09-18 19:10:48.999 [warning] Failed to check if /home/rxz/dev/micellevenv is an executable [Error: ENOENT: no such file or directory, lstat '/home/rxz/dev/micellevenv'] {
  errno: -2,
  code: 'ENOENT',
  syscall: 'lstat',
  path: '/home/rxz/dev/micellevenv'
}
2023-09-18 19:10:48.999 [warning] Identifier for virt-virtualenv failed to identify /home/rxz/dev/micellevenv [Error: ENOENT: no such file or directory, scandir '/home/rxz/dev'] {
  errno: -2,
  code: 'ENOENT',
  syscall: 'scandir',
  path: '/home/rxz/dev'
}
2023-09-18 19:10:49.001 [warning] Failed to check if /home/rxz/dev/micellevenv is an executable [Error: ENOENT: no such file or directory, lstat '/home/rxz/dev/micellevenv'] {
  errno: -2,
  code: 'ENOENT',
  syscall: 'lstat',
  path: '/home/rxz/dev/micellevenv'
}
2023-09-18 19:10:49.003 [warning] Identifier for virt-virtualenv failed to identify /home/rxz/dev/micellevenv [Error: ENOENT: no such file or directory, scandir '/home/rxz/dev'] {
  errno: -2,
  code: 'ENOENT',
  syscall: 'scandir',
  path: '/home/rxz/dev'
}
2023-09-18 19:11:23.498 [warning] Failed to check if /home/rxz/dev/micellevenv is an executable [Error: ENOENT: no such file or directory, lstat '/home/rxz/dev/micellevenv'] {
  errno: -2,
  code: 'ENOENT',
  syscall: 'lstat',
  path: '/home/rxz/dev/micellevenv'
}
2023-09-18 19:11:23.500 [warning] Identifier for virt-virtualenv failed to identify /home/rxz/dev/micellevenv [Error: ENOENT: no such file or directory, scandir '/home/rxz/dev'] {
  errno: -2,
  code: 'ENOENT',
  syscall: 'scandir',
  path: '/home/rxz/dev'
}
2023-09-18 19:11:23.502 [warning] Failed to check if /home/rxz/dev/micellevenv is an executable [Error: ENOENT: no such file or directory, lstat '/home/rxz/dev/micellevenv'] {
  errno: -2,
  code: 'ENOENT',
  syscall: 'lstat',
  path: '/home/rxz/dev/micellevenv'
}
2023-09-18 19:11:23.505 [warning] Identifier for virt-virtualenv failed to identify /home/rxz/dev/micellevenv [Error: ENOENT: no such file or directory, scandir '/home/rxz/dev'] {
  errno: -2,
  code: 'ENOENT',
  syscall: 'scandir',
  path: '/home/rxz/dev'
}
2023-09-18 19:13:57.560 [warning] Failed to check if /home/rxz/dev/micellevenv is an executable [Error: ENOENT: no such file or directory, lstat '/home/rxz/dev/micellevenv'] {
  errno: -2,
  code: 'ENOENT',
  syscall: 'lstat',
  path: '/home/rxz/dev/micellevenv'
}
2023-09-18 19:13:57.565 [warning] Identifier for virt-virtualenv failed to identify /home/rxz/dev/micellevenv [Error: ENOENT: no such file or directory, scandir '/home/rxz/dev'] {
  errno: -2,
  code: 'ENOENT',
  syscall: 'scandir',
  path: '/home/rxz/dev'
}
2023-09-18 19:13:57.567 [warning] Failed to check if /home/rxz/dev/micellevenv is an executable [Error: ENOENT: no such file or directory, lstat '/home/rxz/dev/micellevenv'] {
  errno: -2,
  code: 'ENOENT',
  syscall: 'lstat',
  path: '/home/rxz/dev/micellevenv'
}
2023-09-18 19:13:57.572 [warning] Identifier for virt-virtualenv failed to identify /home/rxz/dev/micellevenv [Error: ENOENT: no such file or directory, scandir '/home/rxz/dev'] {
  errno: -2,
  code: 'ENOENT',
  syscall: 'scandir',
  path: '/home/rxz/dev'
}
2023-09-18 19:17:16.808 [warning] Failed to check if /home/rxz/dev/micellevenv is an executable [Error: ENOENT: no such file or directory, lstat '/home/rxz/dev/micellevenv'] {
  errno: -2,
  code: 'ENOENT',
  syscall: 'lstat',
  path: '/home/rxz/dev/micellevenv'
}
2023-09-18 19:17:16.810 [warning] Identifier for virt-virtualenv failed to identify /home/rxz/dev/micellevenv [Error: ENOENT: no such file or directory, scandir '/home/rxz/dev'] {
  errno: -2,
  code: 'ENOENT',
  syscall: 'scandir',
  path: '/home/rxz/dev'
}
2023-09-18 19:17:16.814 [warning] Failed to check if /home/rxz/dev/micellevenv is an executable [Error: ENOENT: no such file or directory, lstat '/home/rxz/dev/micellevenv'] {
  errno: -2,
  code: 'ENOENT',
  syscall: 'lstat',
  path: '/home/rxz/dev/micellevenv'
}
2023-09-18 19:17:16.817 [warning] Identifier for virt-virtualenv failed to identify /home/rxz/dev/micellevenv [Error: ENOENT: no such file or directory, scandir '/home/rxz/dev'] {
  errno: -2,
  code: 'ENOENT',
  syscall: 'scandir',
  path: '/home/rxz/dev'
}
2023-09-18 19:17:26.413 [warning] Failed to check if /home/rxz/dev/micellevenv is an executable [Error: ENOENT: no such file or directory, lstat '/home/rxz/dev/micellevenv'] {
  errno: -2,
  code: 'ENOENT',
  syscall: 'lstat',
  path: '/home/rxz/dev/micellevenv'
}
2023-09-18 19:17:26.566 [warning] Identifier for virt-virtualenv failed to identify /home/rxz/dev/micellevenv [Error: ENOENT: no such file or directory, scandir '/home/rxz/dev'] {
  errno: -2,
  code: 'ENOENT',
  syscall: 'scandir',
  path: '/home/rxz/dev'
}
2023-09-18 19:17:27.428 [warning] Failed to check if /home/rxz/dev/micellevenv is an executable [Error: ENOENT: no such file or directory, lstat '/home/rxz/dev/micellevenv'] {
  errno: -2,
  code: 'ENOENT',
  syscall: 'lstat',
  path: '/home/rxz/dev/micellevenv'
}
2023-09-18 19:17:27.431 [warning] Identifier for virt-virtualenv failed to identify /home/rxz/dev/micellevenv [Error: ENOENT: no such file or directory, scandir '/home/rxz/dev'] {
  errno: -2,
  code: 'ENOENT',
  syscall: 'scandir',
  path: '/home/rxz/dev'
}
2023-09-18 19:17:27.434 [warning] Failed to check if /home/rxz/dev/micellevenv is an executable [Error: ENOENT: no such file or directory, lstat '/home/rxz/dev/micellevenv'] {
  errno: -2,
  code: 'ENOENT',
  syscall: 'lstat',
  path: '/home/rxz/dev/micellevenv'
}
2023-09-18 19:17:27.437 [warning] Identifier for virt-virtualenv failed to identify /home/rxz/dev/micellevenv [Error: ENOENT: no such file or directory, scandir '/home/rxz/dev'] {
  errno: -2,
  code: 'ENOENT',
  syscall: 'scandir',
  path: '/home/rxz/dev'
}
2023-09-18 19:18:31.163 [warning] Failed to check if /home/rxz/dev/micellevenv is an executable [Error: ENOENT: no such file or directory, lstat '/home/rxz/dev/micellevenv'] {
  errno: -2,
  code: 'ENOENT',
  syscall: 'lstat',
  path: '/home/rxz/dev/micellevenv'
}
2023-09-18 19:18:31.163 [warning] Identifier for virt-virtualenv failed to identify /home/rxz/dev/micellevenv [Error: ENOENT: no such file or directory, scandir '/home/rxz/dev'] {
  errno: -2,
  code: 'ENOENT',
  syscall: 'scandir',
  path: '/home/rxz/dev'
}
2023-09-18 19:18:31.170 [warning] Failed to check if /home/rxz/dev/micellevenv is an executable [Error: ENOENT: no such file or directory, lstat '/home/rxz/dev/micellevenv'] {
  errno: -2,
  code: 'ENOENT',
  syscall: 'lstat',
  path: '/home/rxz/dev/micellevenv'
}
2023-09-18 19:18:31.172 [warning] Identifier for virt-virtualenv failed to identify /home/rxz/dev/micellevenv [Error: ENOENT: no such file or directory, scandir '/home/rxz/dev'] {
  errno: -2,
  code: 'ENOENT',
  syscall: 'scandir',
  path: '/home/rxz/dev'
}
2023-09-18 19:18:37.951 [warning] Failed to check if /home/rxz/dev/micellevenv is an executable [Error: ENOENT: no such file or directory, lstat '/home/rxz/dev/micellevenv'] {
  errno: -2,
  code: 'ENOENT',
  syscall: 'lstat',
  path: '/home/rxz/dev/micellevenv'
}
2023-09-18 19:18:37.952 [warning] Identifier for virt-virtualenv failed to identify /home/rxz/dev/micellevenv [Error: ENOENT: no such file or directory, scandir '/home/rxz/dev'] {
  errno: -2,
  code: 'ENOENT',
  syscall: 'scandir',
  path: '/home/rxz/dev'
}
2023-09-18 19:18:38.215 [info] Discover tests for workspace name: undefined - uri: /home/rtviii/.config/Code/User/settings.json
2023-09-18 19:18:38.927 [warning] Failed to check if /home/rxz/dev/micellevenv is an executable [Error: ENOENT: no such file or directory, lstat '/home/rxz/dev/micellevenv'] {
  errno: -2,
  code: 'ENOENT',
  syscall: 'lstat',
  path: '/home/rxz/dev/micellevenv'
}
2023-09-18 19:18:38.928 [warning] Identifier for virt-virtualenv failed to identify /home/rxz/dev/micellevenv [Error: ENOENT: no such file or directory, scandir '/home/rxz/dev'] {
  errno: -2,
  code: 'ENOENT',
  syscall: 'scandir',
  path: '/home/rxz/dev'
}
2023-09-18 19:18:38.932 [warning] Failed to check if /home/rxz/dev/micellevenv is an executable [Error: ENOENT: no such file or directory, lstat '/home/rxz/dev/micellevenv'] {
  errno: -2,
  code: 'ENOENT',
  syscall: 'lstat',
  path: '/home/rxz/dev/micellevenv'
}
2023-09-18 19:18:38.934 [warning] Identifier for virt-virtualenv failed to identify /home/rxz/dev/micellevenv [Error: ENOENT: no such file or directory, scandir '/home/rxz/dev'] {
  errno: -2,
  code: 'ENOENT',
  syscall: 'scandir',
  path: '/home/rxz/dev'
}
2023-09-18 19:18:46.787 [warning] Failed to check if /home/rxz/dev/micellevenv is an executable [Error: ENOENT: no such file or directory, lstat '/home/rxz/dev/micellevenv'] {
  errno: -2,
  code: 'ENOENT',
  syscall: 'lstat',
  path: '/home/rxz/dev/micellevenv'
}
2023-09-18 19:18:46.791 [warning] Identifier for virt-virtualenv failed to identify /home/rxz/dev/micellevenv [Error: ENOENT: no such file or directory, scandir '/home/rxz/dev'] {
  errno: -2,
  code: 'ENOENT',
  syscall: 'scandir',
  path: '/home/rxz/dev'
}
2023-09-18 19:18:46.794 [warning] Failed to check if /home/rxz/dev/micellevenv is an executable [Error: ENOENT: no such file or directory, lstat '/home/rxz/dev/micellevenv'] {
  errno: -2,
  code: 'ENOENT',
  syscall: 'lstat',
  path: '/home/rxz/dev/micellevenv'
}
2023-09-18 19:18:46.798 [warning] Identifier for virt-virtualenv failed to identify /home/rxz/dev/micellevenv [Error: ENOENT: no such file or directory, scandir '/home/rxz/dev'] {
  errno: -2,
  code: 'ENOENT',
  syscall: 'scandir',
  path: '/home/rxz/dev'
}
2023-09-18 19:18:59.028 [warning] Failed to check if /home/rxz/dev/micellevenv is an executable [Error: ENOENT: no such file or directory, lstat '/home/rxz/dev/micellevenv'] {
  errno: -2,
  code: 'ENOENT',
  syscall: 'lstat',
  path: '/home/rxz/dev/micellevenv'
}
2023-09-18 19:18:59.031 [warning] Identifier for virt-virtualenv failed to identify /home/rxz/dev/micellevenv [Error: ENOENT: no such file or directory, scandir '/home/rxz/dev'] {
  errno: -2,
  code: 'ENOENT',
  syscall: 'scandir',
  path: '/home/rxz/dev'
}
2023-09-18 19:18:59.033 [warning] Failed to check if /home/rxz/dev/micellevenv is an executable [Error: ENOENT: no such file or directory, lstat '/home/rxz/dev/micellevenv'] {
  errno: -2,
  code: 'ENOENT',
  syscall: 'lstat',
  path: '/home/rxz/dev/micellevenv'
}
2023-09-18 19:18:59.036 [warning] Identifier for virt-virtualenv failed to identify /home/rxz/dev/micellevenv [Error: ENOENT: no such file or directory, scandir '/home/rxz/dev'] {
  errno: -2,
  code: 'ENOENT',
  syscall: 'scandir',
  path: '/home/rxz/dev'
}
2023-09-18 19:20:22.148 [warning] Failed to check if /home/rxz/dev/micellevenv is an executable [Error: ENOENT: no such file or directory, lstat '/home/rxz/dev/micellevenv'] {
  errno: -2,
  code: 'ENOENT',
  syscall: 'lstat',
  path: '/home/rxz/dev/micellevenv'
}
2023-09-18 19:20:22.151 [warning] Identifier for virt-virtualenv failed to identify /home/rxz/dev/micellevenv [Error: ENOENT: no such file or directory, scandir '/home/rxz/dev'] {
  errno: -2,
  code: 'ENOENT',
  syscall: 'scandir',
  path: '/home/rxz/dev'
}
2023-09-18 19:20:22.155 [warning] Failed to check if /home/rxz/dev/micellevenv is an executable [Error: ENOENT: no such file or directory, lstat '/home/rxz/dev/micellevenv'] {
  errno: -2,
  code: 'ENOENT',
  syscall: 'lstat',
  path: '/home/rxz/dev/micellevenv'
}
2023-09-18 19:20:22.160 [warning] Identifier for virt-virtualenv failed to identify /home/rxz/dev/micellevenv [Error: ENOENT: no such file or directory, scandir '/home/rxz/dev'] {
  errno: -2,
  code: 'ENOENT',
  syscall: 'scandir',
  path: '/home/rxz/dev'
}
2023-09-18 19:21:59.118 [warning] Failed to check if /home/rxz/dev/micellevenv is an executable [Error: ENOENT: no such file or directory, lstat '/home/rxz/dev/micellevenv'] {
  errno: -2,
  code: 'ENOENT',
  syscall: 'lstat',
  path: '/home/rxz/dev/micellevenv'
}
2023-09-18 19:21:59.120 [warning] Identifier for virt-virtualenv failed to identify /home/rxz/dev/micellevenv [Error: ENOENT: no such file or directory, scandir '/home/rxz/dev'] {
  errno: -2,
  code: 'ENOENT',
  syscall: 'scandir',
  path: '/home/rxz/dev'
}
2023-09-18 19:21:59.123 [warning] Failed to check if /home/rxz/dev/micellevenv is an executable [Error: ENOENT: no such file or directory, lstat '/home/rxz/dev/micellevenv'] {
  errno: -2,
  code: 'ENOENT',
  syscall: 'lstat',
  path: '/home/rxz/dev/micellevenv'
}
2023-09-18 19:21:59.126 [warning] Identifier for virt-virtualenv failed to identify /home/rxz/dev/micellevenv [Error: ENOENT: no such file or directory, scandir '/home/rxz/dev'] {
  errno: -2,
  code: 'ENOENT',
  syscall: 'scandir',
  path: '/home/rxz/dev'
}
2023-09-18 19:22:13.271 [warning] Failed to check if /home/rxz/dev/micellevenv is an executable [Error: ENOENT: no such file or directory, lstat '/home/rxz/dev/micellevenv'] {
  errno: -2,
  code: 'ENOENT',
  syscall: 'lstat',
  path: '/home/rxz/dev/micellevenv'
}
2023-09-18 19:22:13.272 [warning] Identifier for virt-virtualenv failed to identify /home/rxz/dev/micellevenv [Error: ENOENT: no such file or directory, scandir '/home/rxz/dev'] {
  errno: -2,
  code: 'ENOENT',
  syscall: 'scandir',
  path: '/home/rxz/dev'
}
2023-09-18 19:22:13.274 [warning] Failed to check if /home/rxz/dev/micellevenv is an executable [Error: ENOENT: no such file or directory, lstat '/home/rxz/dev/micellevenv'] {
  errno: -2,
  code: 'ENOENT',
  syscall: 'lstat',
  path: '/home/rxz/dev/micellevenv'
}
2023-09-18 19:22:13.275 [warning] Identifier for virt-virtualenv failed to identify /home/rxz/dev/micellevenv [Error: ENOENT: no such file or directory, scandir '/home/rxz/dev'] {
  errno: -2,
  code: 'ENOENT',
  syscall: 'scandir',
  path: '/home/rxz/dev'
}
2023-09-18 19:24:19.648 [warning] Failed to check if /home/rxz/dev/micellevenv is an executable [Error: ENOENT: no such file or directory, lstat '/home/rxz/dev/micellevenv'] {
  errno: -2,
  code: 'ENOENT',
  syscall: 'lstat',
  path: '/home/rxz/dev/micellevenv'
}
2023-09-18 19:24:19.649 [warning] Identifier for virt-virtualenv failed to identify /home/rxz/dev/micellevenv [Error: ENOENT: no such file or directory, scandir '/home/rxz/dev'] {
  errno: -2,
  code: 'ENOENT',
  syscall: 'scandir',
  path: '/home/rxz/dev'
}
2023-09-18 19:24:19.652 [warning] Failed to check if /home/rxz/dev/micellevenv is an executable [Error: ENOENT: no such file or directory, lstat '/home/rxz/dev/micellevenv'] {
  errno: -2,
  code: 'ENOENT',
  syscall: 'lstat',
  path: '/home/rxz/dev/micellevenv'
}
2023-09-18 19:24:19.658 [warning] Identifier for virt-virtualenv failed to identify /home/rxz/dev/micellevenv [Error: ENOENT: no such file or directory, scandir '/home/rxz/dev'] {
  errno: -2,
  code: 'ENOENT',
  syscall: 'scandir',
  path: '/home/rxz/dev'
}
2023-09-18 19:24:33.930 [warning] Failed to check if /home/rxz/dev/micellevenv is an executable [Error: ENOENT: no such file or directory, lstat '/home/rxz/dev/micellevenv'] {
  errno: -2,
  code: 'ENOENT',
  syscall: 'lstat',
  path: '/home/rxz/dev/micellevenv'
}
2023-09-18 19:24:33.931 [warning] Identifier for virt-virtualenv failed to identify /home/rxz/dev/micellevenv [Error: ENOENT: no such file or directory, scandir '/home/rxz/dev'] {
  errno: -2,
  code: 'ENOENT',
  syscall: 'scandir',
  path: '/home/rxz/dev'
}
2023-09-18 19:24:33.933 [warning] Failed to check if /home/rxz/dev/micellevenv is an executable [Error: ENOENT: no such file or directory, lstat '/home/rxz/dev/micellevenv'] {
  errno: -2,
  code: 'ENOENT',
  syscall: 'lstat',
  path: '/home/rxz/dev/micellevenv'
}
2023-09-18 19:24:33.933 [warning] Identifier for virt-virtualenv failed to identify /home/rxz/dev/micellevenv [Error: ENOENT: no such file or directory, scandir '/home/rxz/dev'] {
  errno: -2,
  code: 'ENOENT',
  syscall: 'scandir',
  path: '/home/rxz/dev'
}
2023-09-18 19:24:45.824 [warning] Failed to check if /home/rxz/dev/micellevenv is an executable [Error: ENOENT: no such file or directory, lstat '/home/rxz/dev/micellevenv'] {
  errno: -2,
  code: 'ENOENT',
  syscall: 'lstat',
  path: '/home/rxz/dev/micellevenv'
}
2023-09-18 19:24:45.825 [warning] Identifier for virt-virtualenv failed to identify /home/rxz/dev/micellevenv [Error: ENOENT: no such file or directory, scandir '/home/rxz/dev'] {
  errno: -2,
  code: 'ENOENT',
  syscall: 'scandir',
  path: '/home/rxz/dev'
}
2023-09-18 19:24:45.827 [warning] Failed to check if /home/rxz/dev/micellevenv is an executable [Error: ENOENT: no such file or directory, lstat '/home/rxz/dev/micellevenv'] {
  errno: -2,
  code: 'ENOENT',
  syscall: 'lstat',
  path: '/home/rxz/dev/micellevenv'
}
2023-09-18 19:24:45.827 [warning] Identifier for virt-virtualenv failed to identify /home/rxz/dev/micellevenv [Error: ENOENT: no such file or directory, scandir '/home/rxz/dev'] {
  errno: -2,
  code: 'ENOENT',
  syscall: 'scandir',
  path: '/home/rxz/dev'
}
2023-09-18 19:26:44.639 [warning] Failed to check if /home/rxz/dev/micellevenv is an executable [Error: ENOENT: no such file or directory, lstat '/home/rxz/dev/micellevenv'] {
  errno: -2,
  code: 'ENOENT',
  syscall: 'lstat',
  path: '/home/rxz/dev/micellevenv'
}
2023-09-18 19:26:44.640 [warning] Identifier for virt-virtualenv failed to identify /home/rxz/dev/micellevenv [Error: ENOENT: no such file or directory, scandir '/home/rxz/dev'] {
  errno: -2,
  code: 'ENOENT',
  syscall: 'scandir',
  path: '/home/rxz/dev'
}
2023-09-18 19:26:44.642 [warning] Failed to check if /home/rxz/dev/micellevenv is an executable [Error: ENOENT: no such file or directory, lstat '/home/rxz/dev/micellevenv'] {
  errno: -2,
  code: 'ENOENT',
  syscall: 'lstat',
  path: '/home/rxz/dev/micellevenv'
}
2023-09-18 19:26:44.643 [warning] Identifier for virt-virtualenv failed to identify /home/rxz/dev/micellevenv [Error: ENOENT: no such file or directory, scandir '/home/rxz/dev'] {
  errno: -2,
  code: 'ENOENT',
  syscall: 'scandir',
  path: '/home/rxz/dev'
}
2023-09-18 19:26:56.130 [warning] Failed to check if /home/rxz/dev/micellevenv is an executable [Error: ENOENT: no such file or directory, lstat '/home/rxz/dev/micellevenv'] {
  errno: -2,
  code: 'ENOENT',
  syscall: 'lstat',
  path: '/home/rxz/dev/micellevenv'
}
2023-09-18 19:26:56.131 [warning] Identifier for virt-virtualenv failed to identify /home/rxz/dev/micellevenv [Error: ENOENT: no such file or directory, scandir '/home/rxz/dev'] {
  errno: -2,
  code: 'ENOENT',
  syscall: 'scandir',
  path: '/home/rxz/dev'
}
2023-09-18 19:26:56.133 [warning] Failed to check if /home/rxz/dev/micellevenv is an executable [Error: ENOENT: no such file or directory, lstat '/home/rxz/dev/micellevenv'] {
  errno: -2,
  code: 'ENOENT',
  syscall: 'lstat',
  path: '/home/rxz/dev/micellevenv'
}
2023-09-18 19:26:56.134 [warning] Identifier for virt-virtualenv failed to identify /home/rxz/dev/micellevenv [Error: ENOENT: no such file or directory, scandir '/home/rxz/dev'] {
  errno: -2,
  code: 'ENOENT',
  syscall: 'scandir',
  path: '/home/rxz/dev'
}
2023-09-18 19:27:19.674 [warning] Failed to check if /home/rxz/dev/micellevenv is an executable [Error: ENOENT: no such file or directory, lstat '/home/rxz/dev/micellevenv'] {
  errno: -2,
  code: 'ENOENT',
  syscall: 'lstat',
  path: '/home/rxz/dev/micellevenv'
}
2023-09-18 19:27:19.675 [warning] Identifier for virt-virtualenv failed to identify /home/rxz/dev/micellevenv [Error: ENOENT: no such file or directory, scandir '/home/rxz/dev'] {
  errno: -2,
  code: 'ENOENT',
  syscall: 'scandir',
  path: '/home/rxz/dev'
}
2023-09-18 19:27:19.678 [warning] Failed to check if /home/rxz/dev/micellevenv is an executable [Error: ENOENT: no such file or directory, lstat '/home/rxz/dev/micellevenv'] {
  errno: -2,
  code: 'ENOENT',
  syscall: 'lstat',
  path: '/home/rxz/dev/micellevenv'
}
2023-09-18 19:27:19.679 [warning] Identifier for virt-virtualenv failed to identify /home/rxz/dev/micellevenv [Error: ENOENT: no such file or directory, scandir '/home/rxz/dev'] {
  errno: -2,
  code: 'ENOENT',
  syscall: 'scandir',
  path: '/home/rxz/dev'
}
2023-09-18 19:28:42.889 [warning] Failed to check if /home/rxz/dev/micellevenv is an executable [Error: ENOENT: no such file or directory, lstat '/home/rxz/dev/micellevenv'] {
  errno: -2,
  code: 'ENOENT',
  syscall: 'lstat',
  path: '/home/rxz/dev/micellevenv'
}
2023-09-18 19:28:42.889 [warning] Identifier for virt-virtualenv failed to identify /home/rxz/dev/micellevenv [Error: ENOENT: no such file or directory, scandir '/home/rxz/dev'] {
  errno: -2,
  code: 'ENOENT',
  syscall: 'scandir',
  path: '/home/rxz/dev'
}
2023-09-18 19:28:42.891 [warning] Failed to check if /home/rxz/dev/micellevenv is an executable [Error: ENOENT: no such file or directory, lstat '/home/rxz/dev/micellevenv'] {
  errno: -2,
  code: 'ENOENT',
  syscall: 'lstat',
  path: '/home/rxz/dev/micellevenv'
}
2023-09-18 19:28:42.891 [warning] Identifier for virt-virtualenv failed to identify /home/rxz/dev/micellevenv [Error: ENOENT: no such file or directory, scandir '/home/rxz/dev'] {
  errno: -2,
  code: 'ENOENT',
  syscall: 'scandir',
  path: '/home/rxz/dev'
}
2023-09-18 19:28:57.885 [warning] Failed to check if /home/rxz/dev/micellevenv is an executable [Error: ENOENT: no such file or directory, lstat '/home/rxz/dev/micellevenv'] {
  errno: -2,
  code: 'ENOENT',
  syscall: 'lstat',
  path: '/home/rxz/dev/micellevenv'
}
2023-09-18 19:28:57.886 [warning] Identifier for virt-virtualenv failed to identify /home/rxz/dev/micellevenv [Error: ENOENT: no such file or directory, scandir '/home/rxz/dev'] {
  errno: -2,
  code: 'ENOENT',
  syscall: 'scandir',
  path: '/home/rxz/dev'
}
2023-09-18 19:28:57.889 [warning] Failed to check if /home/rxz/dev/micellevenv is an executable [Error: ENOENT: no such file or directory, lstat '/home/rxz/dev/micellevenv'] {
  errno: -2,
  code: 'ENOENT',
  syscall: 'lstat',
  path: '/home/rxz/dev/micellevenv'
}
2023-09-18 19:28:57.890 [warning] Identifier for virt-virtualenv failed to identify /home/rxz/dev/micellevenv [Error: ENOENT: no such file or directory, scandir '/home/rxz/dev'] {
  errno: -2,
  code: 'ENOENT',
  syscall: 'scandir',
  path: '/home/rxz/dev'
}
2023-09-18 19:29:10.159 [warning] Failed to check if /home/rxz/dev/micellevenv is an executable [Error: ENOENT: no such file or directory, lstat '/home/rxz/dev/micellevenv'] {
  errno: -2,
  code: 'ENOENT',
  syscall: 'lstat',
  path: '/home/rxz/dev/micellevenv'
}
2023-09-18 19:29:10.160 [warning] Identifier for virt-virtualenv failed to identify /home/rxz/dev/micellevenv [Error: ENOENT: no such file or directory, scandir '/home/rxz/dev'] {
  errno: -2,
  code: 'ENOENT',
  syscall: 'scandir',
  path: '/home/rxz/dev'
}
2023-09-18 19:29:10.162 [warning] Failed to check if /home/rxz/dev/micellevenv is an executable [Error: ENOENT: no such file or directory, lstat '/home/rxz/dev/micellevenv'] {
  errno: -2,
  code: 'ENOENT',
  syscall: 'lstat',
  path: '/home/rxz/dev/micellevenv'
}
2023-09-18 19:29:10.163 [warning] Identifier for virt-virtualenv failed to identify /home/rxz/dev/micellevenv [Error: ENOENT: no such file or directory, scandir '/home/rxz/dev'] {
  errno: -2,
  code: 'ENOENT',
  syscall: 'scandir',
  path: '/home/rxz/dev'
}
2023-09-18 19:29:38.223 [warning] Failed to check if /home/rxz/dev/micellevenv is an executable [Error: ENOENT: no such file or directory, lstat '/home/rxz/dev/micellevenv'] {
  errno: -2,
  code: 'ENOENT',
  syscall: 'lstat',
  path: '/home/rxz/dev/micellevenv'
}
2023-09-18 19:29:38.224 [warning] Identifier for virt-virtualenv failed to identify /home/rxz/dev/micellevenv [Error: ENOENT: no such file or directory, scandir '/home/rxz/dev'] {
  errno: -2,
  code: 'ENOENT',
  syscall: 'scandir',
  path: '/home/rxz/dev'
}
2023-09-18 19:29:38.227 [warning] Failed to check if /home/rxz/dev/micellevenv is an executable [Error: ENOENT: no such file or directory, lstat '/home/rxz/dev/micellevenv'] {
  errno: -2,
  code: 'ENOENT',
  syscall: 'lstat',
  path: '/home/rxz/dev/micellevenv'
}
2023-09-18 19:29:38.228 [warning] Identifier for virt-virtualenv failed to identify /home/rxz/dev/micellevenv [Error: ENOENT: no such file or directory, scandir '/home/rxz/dev'] {
  errno: -2,
  code: 'ENOENT',
  syscall: 'scandir',
  path: '/home/rxz/dev'
}
2023-09-18 19:29:51.707 [warning] Failed to check if /home/rxz/dev/micellevenv is an executable [Error: ENOENT: no such file or directory, lstat '/home/rxz/dev/micellevenv'] {
  errno: -2,
  code: 'ENOENT',
  syscall: 'lstat',
  path: '/home/rxz/dev/micellevenv'
}
2023-09-18 19:29:51.708 [warning] Identifier for virt-virtualenv failed to identify /home/rxz/dev/micellevenv [Error: ENOENT: no such file or directory, scandir '/home/rxz/dev'] {
  errno: -2,
  code: 'ENOENT',
  syscall: 'scandir',
  path: '/home/rxz/dev'
}
2023-09-18 19:29:51.710 [warning] Failed to check if /home/rxz/dev/micellevenv is an executable [Error: ENOENT: no such file or directory, lstat '/home/rxz/dev/micellevenv'] {
  errno: -2,
  code: 'ENOENT',
  syscall: 'lstat',
  path: '/home/rxz/dev/micellevenv'
}
2023-09-18 19:29:51.711 [warning] Identifier for virt-virtualenv failed to identify /home/rxz/dev/micellevenv [Error: ENOENT: no such file or directory, scandir '/home/rxz/dev'] {
  errno: -2,
  code: 'ENOENT',
  syscall: 'scandir',
  path: '/home/rxz/dev'
}
2023-09-18 19:30:01.641 [warning] Failed to check if /home/rxz/dev/micellevenv is an executable [Error: ENOENT: no such file or directory, lstat '/home/rxz/dev/micellevenv'] {
  errno: -2,
  code: 'ENOENT',
  syscall: 'lstat',
  path: '/home/rxz/dev/micellevenv'
}
2023-09-18 19:30:01.642 [warning] Identifier for virt-virtualenv failed to identify /home/rxz/dev/micellevenv [Error: ENOENT: no such file or directory, scandir '/home/rxz/dev'] {
  errno: -2,
  code: 'ENOENT',
  syscall: 'scandir',
  path: '/home/rxz/dev'
}
2023-09-18 19:30:01.644 [warning] Failed to check if /home/rxz/dev/micellevenv is an executable [Error: ENOENT: no such file or directory, lstat '/home/rxz/dev/micellevenv'] {
  errno: -2,
  code: 'ENOENT',
  syscall: 'lstat',
  path: '/home/rxz/dev/micellevenv'
}
2023-09-18 19:30:01.645 [warning] Identifier for virt-virtualenv failed to identify /home/rxz/dev/micellevenv [Error: ENOENT: no such file or directory, scandir '/home/rxz/dev'] {
  errno: -2,
  code: 'ENOENT',
  syscall: 'scandir',
  path: '/home/rxz/dev'
}
2023-09-18 19:30:27.514 [warning] Failed to check if /home/rxz/dev/micellevenv is an executable [Error: ENOENT: no such file or directory, lstat '/home/rxz/dev/micellevenv'] {
  errno: -2,
  code: 'ENOENT',
  syscall: 'lstat',
  path: '/home/rxz/dev/micellevenv'
}
2023-09-18 19:30:27.515 [warning] Identifier for virt-virtualenv failed to identify /home/rxz/dev/micellevenv [Error: ENOENT: no such file or directory, scandir '/home/rxz/dev'] {
  errno: -2,
  code: 'ENOENT',
  syscall: 'scandir',
  path: '/home/rxz/dev'
}
2023-09-18 19:30:27.516 [warning] Failed to check if /home/rxz/dev/micellevenv is an executable [Error: ENOENT: no such file or directory, lstat '/home/rxz/dev/micellevenv'] {
  errno: -2,
  code: 'ENOENT',
  syscall: 'lstat',
  path: '/home/rxz/dev/micellevenv'
}
2023-09-18 19:30:27.518 [warning] Identifier for virt-virtualenv failed to identify /home/rxz/dev/micellevenv [Error: ENOENT: no such file or directory, scandir '/home/rxz/dev'] {
  errno: -2,
  code: 'ENOENT',
  syscall: 'scandir',
  path: '/home/rxz/dev'
}
2023-09-18 19:30:34.462 [warning] Failed to check if /home/rxz/dev/micellevenv is an executable [Error: ENOENT: no such file or directory, lstat '/home/rxz/dev/micellevenv'] {
  errno: -2,
  code: 'ENOENT',
  syscall: 'lstat',
  path: '/home/rxz/dev/micellevenv'
}
2023-09-18 19:30:34.462 [warning] Identifier for virt-virtualenv failed to identify /home/rxz/dev/micellevenv [Error: ENOENT: no such file or directory, scandir '/home/rxz/dev'] {
  errno: -2,
  code: 'ENOENT',
  syscall: 'scandir',
  path: '/home/rxz/dev'
}
2023-09-18 19:30:34.464 [warning] Failed to check if /home/rxz/dev/micellevenv is an executable [Error: ENOENT: no such file or directory, lstat '/home/rxz/dev/micellevenv'] {
  errno: -2,
  code: 'ENOENT',
  syscall: 'lstat',
  path: '/home/rxz/dev/micellevenv'
}
2023-09-18 19:30:34.465 [warning] Identifier for virt-virtualenv failed to identify /home/rxz/dev/micellevenv [Error: ENOENT: no such file or directory, scandir '/home/rxz/dev'] {
  errno: -2,
  code: 'ENOENT',
  syscall: 'scandir',
  path: '/home/rxz/dev'
}
2023-09-18 19:30:39.396 [warning] Failed to check if /home/rxz/dev/micellevenv is an executable [Error: ENOENT: no such file or directory, lstat '/home/rxz/dev/micellevenv'] {
  errno: -2,
  code: 'ENOENT',
  syscall: 'lstat',
  path: '/home/rxz/dev/micellevenv'
}
2023-09-18 19:30:39.396 [warning] Identifier for virt-virtualenv failed to identify /home/rxz/dev/micellevenv [Error: ENOENT: no such file or directory, scandir '/home/rxz/dev'] {
  errno: -2,
  code: 'ENOENT',
  syscall: 'scandir',
  path: '/home/rxz/dev'
}
2023-09-18 19:30:39.398 [warning] Failed to check if /home/rxz/dev/micellevenv is an executable [Error: ENOENT: no such file or directory, lstat '/home/rxz/dev/micellevenv'] {
  errno: -2,
  code: 'ENOENT',
  syscall: 'lstat',
  path: '/home/rxz/dev/micellevenv'
}
2023-09-18 19:30:39.399 [warning] Identifier for virt-virtualenv failed to identify /home/rxz/dev/micellevenv [Error: ENOENT: no such file or directory, scandir '/home/rxz/dev'] {
  errno: -2,
  code: 'ENOENT',
  syscall: 'scandir',
  path: '/home/rxz/dev'
}
2023-09-18 19:30:57.995 [warning] Failed to check if /home/rxz/dev/micellevenv is an executable [Error: ENOENT: no such file or directory, lstat '/home/rxz/dev/micellevenv'] {
  errno: -2,
  code: 'ENOENT',
  syscall: 'lstat',
  path: '/home/rxz/dev/micellevenv'
}
2023-09-18 19:30:57.996 [warning] Identifier for virt-virtualenv failed to identify /home/rxz/dev/micellevenv [Error: ENOENT: no such file or directory, scandir '/home/rxz/dev'] {
  errno: -2,
  code: 'ENOENT',
  syscall: 'scandir',
  path: '/home/rxz/dev'
}
2023-09-18 19:30:57.997 [warning] Failed to check if /home/rxz/dev/micellevenv is an executable [Error: ENOENT: no such file or directory, lstat '/home/rxz/dev/micellevenv'] {
  errno: -2,
  code: 'ENOENT',
  syscall: 'lstat',
  path: '/home/rxz/dev/micellevenv'
}
2023-09-18 19:30:57.998 [warning] Identifier for virt-virtualenv failed to identify /home/rxz/dev/micellevenv [Error: ENOENT: no such file or directory, scandir '/home/rxz/dev'] {
  errno: -2,
  code: 'ENOENT',
  syscall: 'scandir',
  path: '/home/rxz/dev'
}
2023-09-18 19:32:06.383 [warning] Failed to check if /home/rxz/dev/micellevenv is an executable [Error: ENOENT: no such file or directory, lstat '/home/rxz/dev/micellevenv'] {
  errno: -2,
  code: 'ENOENT',
  syscall: 'lstat',
  path: '/home/rxz/dev/micellevenv'
}
2023-09-18 19:32:06.383 [warning] Identifier for virt-virtualenv failed to identify /home/rxz/dev/micellevenv [Error: ENOENT: no such file or directory, scandir '/home/rxz/dev'] {
  errno: -2,
  code: 'ENOENT',
  syscall: 'scandir',
  path: '/home/rxz/dev'
}
2023-09-18 19:32:06.385 [warning] Failed to check if /home/rxz/dev/micellevenv is an executable [Error: ENOENT: no such file or directory, lstat '/home/rxz/dev/micellevenv'] {
  errno: -2,
  code: 'ENOENT',
  syscall: 'lstat',
  path: '/home/rxz/dev/micellevenv'
}
2023-09-18 19:32:06.386 [warning] Identifier for virt-virtualenv failed to identify /home/rxz/dev/micellevenv [Error: ENOENT: no such file or directory, scandir '/home/rxz/dev'] {
  errno: -2,
  code: 'ENOENT',
  syscall: 'scandir',
  path: '/home/rxz/dev'
}
2023-09-18 19:32:12.059 [warning] Failed to check if /home/rxz/dev/micellevenv is an executable [Error: ENOENT: no such file or directory, lstat '/home/rxz/dev/micellevenv'] {
  errno: -2,
  code: 'ENOENT',
  syscall: 'lstat',
  path: '/home/rxz/dev/micellevenv'
}
2023-09-18 19:32:12.061 [warning] Identifier for virt-virtualenv failed to identify /home/rxz/dev/micellevenv [Error: ENOENT: no such file or directory, scandir '/home/rxz/dev'] {
  errno: -2,
  code: 'ENOENT',
  syscall: 'scandir',
  path: '/home/rxz/dev'
}
2023-09-18 19:32:12.063 [warning] Failed to check if /home/rxz/dev/micellevenv is an executable [Error: ENOENT: no such file or directory, lstat '/home/rxz/dev/micellevenv'] {
  errno: -2,
  code: 'ENOENT',
  syscall: 'lstat',
  path: '/home/rxz/dev/micellevenv'
}
2023-09-18 19:32:12.064 [warning] Identifier for virt-virtualenv failed to identify /home/rxz/dev/micellevenv [Error: ENOENT: no such file or directory, scandir '/home/rxz/dev'] {
  errno: -2,
  code: 'ENOENT',
  syscall: 'scandir',
  path: '/home/rxz/dev'
}
2023-09-18 19:32:28.742 [warning] Failed to check if /home/rxz/dev/micellevenv is an executable [Error: ENOENT: no such file or directory, lstat '/home/rxz/dev/micellevenv'] {
  errno: -2,
  code: 'ENOENT',
  syscall: 'lstat',
  path: '/home/rxz/dev/micellevenv'
}
2023-09-18 19:32:28.744 [warning] Identifier for virt-virtualenv failed to identify /home/rxz/dev/micellevenv [Error: ENOENT: no such file or directory, scandir '/home/rxz/dev'] {
  errno: -2,
  code: 'ENOENT',
  syscall: 'scandir',
  path: '/home/rxz/dev'
}
2023-09-18 19:32:28.748 [warning] Failed to check if /home/rxz/dev/micellevenv is an executable [Error: ENOENT: no such file or directory, lstat '/home/rxz/dev/micellevenv'] {
  errno: -2,
  code: 'ENOENT',
  syscall: 'lstat',
  path: '/home/rxz/dev/micellevenv'
}
2023-09-18 19:32:28.751 [warning] Identifier for virt-virtualenv failed to identify /home/rxz/dev/micellevenv [Error: ENOENT: no such file or directory, scandir '/home/rxz/dev'] {
  errno: -2,
  code: 'ENOENT',
  syscall: 'scandir',
  path: '/home/rxz/dev'
}
2023-09-18 19:32:32.895 [warning] Failed to check if /home/rxz/dev/micellevenv is an executable [Error: ENOENT: no such file or directory, lstat '/home/rxz/dev/micellevenv'] {
  errno: -2,
  code: 'ENOENT',
  syscall: 'lstat',
  path: '/home/rxz/dev/micellevenv'
}
2023-09-18 19:32:32.896 [warning] Identifier for virt-virtualenv failed to identify /home/rxz/dev/micellevenv [Error: ENOENT: no such file or directory, scandir '/home/rxz/dev'] {
  errno: -2,
  code: 'ENOENT',
  syscall: 'scandir',
  path: '/home/rxz/dev'
}
2023-09-18 19:32:32.899 [warning] Failed to check if /home/rxz/dev/micellevenv is an executable [Error: ENOENT: no such file or directory, lstat '/home/rxz/dev/micellevenv'] {
  errno: -2,
  code: 'ENOENT',
  syscall: 'lstat',
  path: '/home/rxz/dev/micellevenv'
}
2023-09-18 19:32:32.899 [warning] Identifier for virt-virtualenv failed to identify /home/rxz/dev/micellevenv [Error: ENOENT: no such file or directory, scandir '/home/rxz/dev'] {
  errno: -2,
  code: 'ENOENT',
  syscall: 'scandir',
  path: '/home/rxz/dev'
}
2023-09-18 19:32:51.031 [warning] Failed to check if /home/rxz/dev/micellevenv is an executable [Error: ENOENT: no such file or directory, lstat '/home/rxz/dev/micellevenv'] {
  errno: -2,
  code: 'ENOENT',
  syscall: 'lstat',
  path: '/home/rxz/dev/micellevenv'
}
2023-09-18 19:32:51.032 [warning] Identifier for virt-virtualenv failed to identify /home/rxz/dev/micellevenv [Error: ENOENT: no such file or directory, scandir '/home/rxz/dev'] {
  errno: -2,
  code: 'ENOENT',
  syscall: 'scandir',
  path: '/home/rxz/dev'
}
2023-09-18 19:32:51.034 [warning] Failed to check if /home/rxz/dev/micellevenv is an executable [Error: ENOENT: no such file or directory, lstat '/home/rxz/dev/micellevenv'] {
  errno: -2,
  code: 'ENOENT',
  syscall: 'lstat',
  path: '/home/rxz/dev/micellevenv'
}
2023-09-18 19:32:51.037 [warning] Identifier for virt-virtualenv failed to identify /home/rxz/dev/micellevenv [Error: ENOENT: no such file or directory, scandir '/home/rxz/dev'] {
  errno: -2,
  code: 'ENOENT',
  syscall: 'scandir',
  path: '/home/rxz/dev'
}
2023-09-18 19:32:56.880 [warning] Failed to check if /home/rxz/dev/micellevenv is an executable [Error: ENOENT: no such file or directory, lstat '/home/rxz/dev/micellevenv'] {
  errno: -2,
  code: 'ENOENT',
  syscall: 'lstat',
  path: '/home/rxz/dev/micellevenv'
}
2023-09-18 19:32:56.881 [warning] Identifier for virt-virtualenv failed to identify /home/rxz/dev/micellevenv [Error: ENOENT: no such file or directory, scandir '/home/rxz/dev'] {
  errno: -2,
  code: 'ENOENT',
  syscall: 'scandir',
  path: '/home/rxz/dev'
}
2023-09-18 19:32:56.882 [warning] Failed to check if /home/rxz/dev/micellevenv is an executable [Error: ENOENT: no such file or directory, lstat '/home/rxz/dev/micellevenv'] {
  errno: -2,
  code: 'ENOENT',
  syscall: 'lstat',
  path: '/home/rxz/dev/micellevenv'
}
2023-09-18 19:32:56.883 [warning] Identifier for virt-virtualenv failed to identify /home/rxz/dev/micellevenv [Error: ENOENT: no such file or directory, scandir '/home/rxz/dev'] {
  errno: -2,
  code: 'ENOENT',
  syscall: 'scandir',
  path: '/home/rxz/dev'
}
2023-09-18 19:33:50.571 [warning] Failed to check if /home/rxz/dev/micellevenv is an executable [Error: ENOENT: no such file or directory, lstat '/home/rxz/dev/micellevenv'] {
  errno: -2,
  code: 'ENOENT',
  syscall: 'lstat',
  path: '/home/rxz/dev/micellevenv'
}
2023-09-18 19:33:50.574 [warning] Identifier for virt-virtualenv failed to identify /home/rxz/dev/micellevenv [Error: ENOENT: no such file or directory, scandir '/home/rxz/dev'] {
  errno: -2,
  code: 'ENOENT',
  syscall: 'scandir',
  path: '/home/rxz/dev'
}
2023-09-18 19:33:50.576 [warning] Failed to check if /home/rxz/dev/micellevenv is an executable [Error: ENOENT: no such file or directory, lstat '/home/rxz/dev/micellevenv'] {
  errno: -2,
  code: 'ENOENT',
  syscall: 'lstat',
  path: '/home/rxz/dev/micellevenv'
}
2023-09-18 19:33:50.578 [warning] Identifier for virt-virtualenv failed to identify /home/rxz/dev/micellevenv [Error: ENOENT: no such file or directory, scandir '/home/rxz/dev'] {
  errno: -2,
  code: 'ENOENT',
  syscall: 'scandir',
  path: '/home/rxz/dev'
}
2023-09-18 19:34:06.352 [warning] Failed to check if /home/rxz/dev/micellevenv is an executable [Error: ENOENT: no such file or directory, lstat '/home/rxz/dev/micellevenv'] {
  errno: -2,
  code: 'ENOENT',
  syscall: 'lstat',
  path: '/home/rxz/dev/micellevenv'
}
2023-09-18 19:34:06.352 [warning] Identifier for virt-virtualenv failed to identify /home/rxz/dev/micellevenv [Error: ENOENT: no such file or directory, scandir '/home/rxz/dev'] {
  errno: -2,
  code: 'ENOENT',
  syscall: 'scandir',
  path: '/home/rxz/dev'
}
2023-09-18 19:34:06.354 [warning] Failed to check if /home/rxz/dev/micellevenv is an executable [Error: ENOENT: no such file or directory, lstat '/home/rxz/dev/micellevenv'] {
  errno: -2,
  code: 'ENOENT',
  syscall: 'lstat',
  path: '/home/rxz/dev/micellevenv'
}
2023-09-18 19:34:06.355 [warning] Identifier for virt-virtualenv failed to identify /home/rxz/dev/micellevenv [Error: ENOENT: no such file or directory, scandir '/home/rxz/dev'] {
  errno: -2,
  code: 'ENOENT',
  syscall: 'scandir',
  path: '/home/rxz/dev'
}
