2023-09-18 18:43:00.370 [info] [Info  - 6:43:00 PM] (83189) Pylance language server 2023.9.10 (pyright c70adefc) starting
2023-09-18 18:43:00.370 [info] [Info  - 6:43:00 PM] (83189) Server root directory: /home/rtviii/.vscode/extensions/ms-python.vscode-pylance-2023.9.10/dist
2023-09-18 18:43:00.375 [info] [Info  - 6:43:00 PM] (83189) Starting service instance "eukaryotic_ptcs"
2023-09-18 18:43:00.408 [info] [Info  - 6:43:00 PM] (83189) Setting pythonPath for service "eukaryotic_ptcs": "undefined"
2023-09-18 18:43:00.411 [info] [Warn  - 6:43:00 PM] (83189) stubPath /home/rtviii/dev/eukaryotic_ptcs/typings is not a valid directory.
2023-09-18 18:43:00.451 [info] [Info  - 6:43:00 PM] (83189) Found 24 source files
2023-09-18 18:43:37.986 [info] [Info  - 6:43:37 PM] (83189) Setting pythonPath for service "eukaryotic_ptcs": "undefined"
2023-09-18 18:43:37.987 [info] [Warn  - 6:43:37 PM] (83189) stubPath /home/rtviii/dev/eukaryotic_ptcs/typings is not a valid directory.
2023-09-18 18:43:38.022 [info] [Error - 6:43:38 PM] (83189) File or directory "/home/rtviii/dev/eukaryotic_ptcs" does not exist.
2023-09-18 18:43:38.023 [info] [Info  - 6:43:38 PM] (83189) Found 1 source file
2023-09-18 19:10:24.195 [info] [Info  - 7:10:24 PM] (87852) Pylance language server 2023.9.10 (pyright c70adefc) starting
2023-09-18 19:10:24.195 [info] [Info  - 7:10:24 PM] (87852) Server root directory: /home/rtviii/.vscode/extensions/ms-python.vscode-pylance-2023.9.10/dist
2023-09-18 19:10:24.200 [info] [Info  - 7:10:24 PM] (87852) Starting service instance "eukaryotic_ptcs"
2023-09-18 19:10:24.228 [info] [Info  - 7:10:24 PM] (87852) Setting pythonPath for service "eukaryotic_ptcs": "undefined"
2023-09-18 19:10:24.231 [info] [Warn  - 7:10:24 PM] (87852) stubPath /home/rtviii/dev/eukaryotic_ptcs/typings is not a valid directory.
2023-09-18 19:10:24.267 [info] [Error - 7:10:24 PM] (87852) File or directory "/home/rtviii/dev/eukaryotic_ptcs" does not exist.
2023-09-18 19:10:24.268 [info] [Info  - 7:10:24 PM] (87852) No source files found.
2023-09-18 19:10:30.337 [info] [Info  - 7:10:30 PM] (87911) Pylance language server 2023.9.10 (pyright c70adefc) starting
2023-09-18 19:10:30.337 [info] [Info  - 7:10:30 PM] (87911) Server root directory: /home/rtviii/.vscode/extensions/ms-python.vscode-pylance-2023.9.10/dist
2023-09-18 19:10:30.342 [info] [Info  - 7:10:30 PM] (87911) Starting service instance "eukaryotic_ptcs"
2023-09-18 19:10:30.380 [info] [Info  - 7:10:30 PM] (87911) Setting pythonPath for service "eukaryotic_ptcs": "undefined"
2023-09-18 19:10:30.383 [info] [Warn  - 7:10:30 PM] (87911) stubPath /home/rtviii/dev/eukaryotic_ptcs/typings is not a valid directory.
2023-09-18 19:10:30.423 [info] [Error - 7:10:30 PM] (87911) File or directory "/home/rtviii/dev/eukaryotic_ptcs" does not exist.
2023-09-18 19:10:30.423 [info] [Info  - 7:10:30 PM] (87911) No source files found.
2023-09-18 19:10:40.861 [info] [Info  - 7:10:40 PM] (87977) Pylance language server 2023.9.10 (pyright c70adefc) starting
2023-09-18 19:10:40.861 [info] [Info  - 7:10:40 PM] (87977) Server root directory: /home/rtviii/.vscode/extensions/ms-python.vscode-pylance-2023.9.10/dist
2023-09-18 19:10:40.866 [info] [Info  - 7:10:40 PM] (87977) Starting service instance "eukaryotic_ptcs"
2023-09-18 19:10:40.887 [info] [Info  - 7:10:40 PM] (87977) Setting pythonPath for service "eukaryotic_ptcs": "undefined"
2023-09-18 19:10:40.890 [info] [Warn  - 7:10:40 PM] (87977) stubPath /home/rtviii/dev/eukaryotic_ptcs/typings is not a valid directory.
2023-09-18 19:10:40.926 [info] [Error - 7:10:40 PM] (87977) File or directory "/home/rtviii/dev/eukaryotic_ptcs" does not exist.
2023-09-18 19:10:40.927 [info] [Info  - 7:10:40 PM] (87977) No source files found.
2023-09-18 19:10:48.975 [info] [Info  - 7:10:48 PM] (88063) Pylance language server 2023.9.10 (pyright c70adefc) starting
2023-09-18 19:10:48.975 [info] [Info  - 7:10:48 PM] (88063) Server root directory: /home/rtviii/.vscode/extensions/ms-python.vscode-pylance-2023.9.10/dist
2023-09-18 19:10:48.981 [info] [Info  - 7:10:48 PM] (88063) Starting service instance "eukaryotic_ptcs"
2023-09-18 19:10:49.009 [info] [Info  - 7:10:49 PM] (88063) Setting pythonPath for service "eukaryotic_ptcs": "undefined"
2023-09-18 19:10:49.012 [info] [Warn  - 7:10:49 PM] (88063) stubPath /home/rtviii/dev/eukaryotic_ptcs/typings is not a valid directory.
2023-09-18 19:10:49.053 [info] [Error - 7:10:49 PM] (88063) File or directory "/home/rtviii/dev/eukaryotic_ptcs" does not exist.
2023-09-18 19:10:49.054 [info] [Info  - 7:10:49 PM] (88063) No source files found.
2023-09-18 19:11:23.477 [info] [Info  - 7:11:23 PM] (88205) Pylance language server 2023.9.10 (pyright c70adefc) starting
2023-09-18 19:11:23.477 [info] [Info  - 7:11:23 PM] (88205) Server root directory: /home/rtviii/.vscode/extensions/ms-python.vscode-pylance-2023.9.10/dist
2023-09-18 19:11:23.482 [info] [Info  - 7:11:23 PM] (88205) Starting service instance "eukaryotic_ptcs"
2023-09-18 19:11:23.510 [info] [Info  - 7:11:23 PM] (88205) Setting pythonPath for service "eukaryotic_ptcs": "undefined"
2023-09-18 19:11:23.514 [info] [Warn  - 7:11:23 PM] (88205) stubPath /home/rtviii/dev/eukaryotic_ptcs/typings is not a valid directory.
2023-09-18 19:11:23.554 [info] [Error - 7:11:23 PM] (88205) File or directory "/home/rtviii/dev/eukaryotic_ptcs" does not exist.
2023-09-18 19:11:23.555 [info] [Info  - 7:11:23 PM] (88205) No source files found.
2023-09-18 19:13:57.536 [info] [Info  - 7:13:57 PM] (88567) Pylance language server 2023.9.10 (pyright c70adefc) starting
2023-09-18 19:13:57.536 [info] [Info  - 7:13:57 PM] (88567) Server root directory: /home/rtviii/.vscode/extensions/ms-python.vscode-pylance-2023.9.10/dist
2023-09-18 19:13:57.542 [info] [Info  - 7:13:57 PM] (88567) Starting service instance "eukaryotic_ptcs"
2023-09-18 19:13:57.579 [info] [Info  - 7:13:57 PM] (88567) Setting pythonPath for service "eukaryotic_ptcs": "undefined"
2023-09-18 19:13:57.582 [info] [Warn  - 7:13:57 PM] (88567) stubPath /home/rtviii/dev/eukaryotic_ptcs/typings is not a valid directory.
2023-09-18 19:13:57.616 [info] [Error - 7:13:57 PM] (88567) File or directory "/home/rtviii/dev/eukaryotic_ptcs" does not exist.
2023-09-18 19:13:57.616 [info] [Info  - 7:13:57 PM] (88567) No source files found.
2023-09-18 19:17:16.778 [info] [Info  - 7:17:16 PM] (89195) Pylance language server 2023.9.10 (pyright c70adefc) starting
2023-09-18 19:17:16.778 [info] [Info  - 7:17:16 PM] (89195) Server root directory: /home/rtviii/.vscode/extensions/ms-python.vscode-pylance-2023.9.10/dist
2023-09-18 19:17:16.785 [info] [Info  - 7:17:16 PM] (89195) Starting service instance "eukaryotic_ptcs"
2023-09-18 19:17:16.829 [info] [Info  - 7:17:16 PM] (89195) Setting pythonPath for service "eukaryotic_ptcs": "undefined"
2023-09-18 19:17:16.834 [info] [Warn  - 7:17:16 PM] (89195) stubPath /home/rtviii/dev/eukaryotic_ptcs/typings is not a valid directory.
2023-09-18 19:17:16.893 [info] [Error - 7:17:16 PM] (89195) File or directory "/home/rtviii/dev/eukaryotic_ptcs" does not exist.
2023-09-18 19:17:16.894 [info] [Info  - 7:17:16 PM] (89195) No source files found.
2023-09-18 19:17:27.398 [info] [Info  - 7:17:27 PM] (89257) Pylance language server 2023.9.10 (pyright c70adefc) starting
2023-09-18 19:17:27.398 [info] [Info  - 7:17:27 PM] (89257) Server root directory: /home/rtviii/.vscode/extensions/ms-python.vscode-pylance-2023.9.10/dist
2023-09-18 19:17:27.405 [info] [Info  - 7:17:27 PM] (89257) Starting service instance "eukaryotic_ptcs"
2023-09-18 19:17:27.445 [info] [Info  - 7:17:27 PM] (89257) Setting pythonPath for service "eukaryotic_ptcs": "undefined"
2023-09-18 19:17:27.449 [info] [Warn  - 7:17:27 PM] (89257) stubPath /home/rtviii/dev/eukaryotic_ptcs/typings is not a valid directory.
2023-09-18 19:17:27.497 [info] [Error - 7:17:27 PM] (89257) File or directory "/home/rtviii/dev/eukaryotic_ptcs" does not exist.
2023-09-18 19:17:27.498 [info] [Info  - 7:17:27 PM] (89257) No source files found.
2023-09-18 19:18:31.140 [info] [Info  - 7:18:31 PM] (89479) Pylance language server 2023.9.10 (pyright c70adefc) starting
2023-09-18 19:18:31.140 [info] [Info  - 7:18:31 PM] (89479) Server root directory: /home/rtviii/.vscode/extensions/ms-python.vscode-pylance-2023.9.10/dist
2023-09-18 19:18:31.146 [info] [Info  - 7:18:31 PM] (89479) Starting service instance "eukaryotic_ptcs"
2023-09-18 19:18:31.189 [info] [Info  - 7:18:31 PM] (89479) Setting pythonPath for service "eukaryotic_ptcs": "undefined"
2023-09-18 19:18:31.189 [info] [Warn  - 7:18:31 PM] (89479) stubPath /home/rtviii/dev/eukaryotic_ptcs/typings is not a valid directory.
2023-09-18 19:18:31.230 [info] [Error - 7:18:31 PM] (89479) File or directory "/home/rtviii/dev/eukaryotic_ptcs" does not exist.
2023-09-18 19:18:31.230 [info] [Info  - 7:18:31 PM] (89479) No source files found.
2023-09-18 19:18:38.902 [info] [Info  - 7:18:38 PM] (89514) Pylance language server 2023.9.10 (pyright c70adefc) starting
2023-09-18 19:18:38.902 [info] [Info  - 7:18:38 PM] (89514) Server root directory: /home/rtviii/.vscode/extensions/ms-python.vscode-pylance-2023.9.10/dist
2023-09-18 19:18:38.908 [info] [Info  - 7:18:38 PM] (89514) Starting service instance "eukaryotic_ptcs"
2023-09-18 19:18:38.941 [info] [Info  - 7:18:38 PM] (89514) Setting pythonPath for service "eukaryotic_ptcs": "undefined"
2023-09-18 19:18:38.944 [info] [Warn  - 7:18:38 PM] (89514) stubPath /home/rtviii/dev/eukaryotic_ptcs/typings is not a valid directory.
2023-09-18 19:18:38.985 [info] [Error - 7:18:38 PM] (89514) File or directory "/home/rtviii/dev/eukaryotic_ptcs" does not exist.
2023-09-18 19:18:38.985 [info] [Info  - 7:18:38 PM] (89514) No source files found.
2023-09-18 19:18:46.753 [info] [Info  - 7:18:46 PM] (89573) Pylance language server 2023.9.10 (pyright c70adefc) starting
2023-09-18 19:18:46.753 [info] [Info  - 7:18:46 PM] (89573) Server root directory: /home/rtviii/.vscode/extensions/ms-python.vscode-pylance-2023.9.10/dist
2023-09-18 19:18:46.762 [info] [Info  - 7:18:46 PM] (89573) Starting service instance "eukaryotic_ptcs"
2023-09-18 19:18:46.806 [info] [Info  - 7:18:46 PM] (89573) Setting pythonPath for service "eukaryotic_ptcs": "undefined"
2023-09-18 19:18:46.811 [info] [Warn  - 7:18:46 PM] (89573) stubPath /home/rtviii/dev/eukaryotic_ptcs/typings is not a valid directory.
2023-09-18 19:18:46.860 [info] [Error - 7:18:46 PM] (89573) File or directory "/home/rtviii/dev/eukaryotic_ptcs" does not exist.
2023-09-18 19:18:46.860 [info] [Info  - 7:18:46 PM] (89573) No source files found.
2023-09-18 19:18:59.004 [info] [Info  - 7:18:59 PM] (89702) Pylance language server 2023.9.10 (pyright c70adefc) starting
2023-09-18 19:18:59.004 [info] [Info  - 7:18:59 PM] (89702) Server root directory: /home/rtviii/.vscode/extensions/ms-python.vscode-pylance-2023.9.10/dist
2023-09-18 19:18:59.010 [info] [Info  - 7:18:59 PM] (89702) Starting service instance "eukaryotic_ptcs"
2023-09-18 19:18:59.043 [info] [Info  - 7:18:59 PM] (89702) Setting pythonPath for service "eukaryotic_ptcs": "undefined"
2023-09-18 19:18:59.048 [info] [Warn  - 7:18:59 PM] (89702) stubPath /home/rtviii/dev/eukaryotic_ptcs/typings is not a valid directory.
2023-09-18 19:18:59.092 [info] [Error - 7:18:59 PM] (89702) File or directory "/home/rtviii/dev/eukaryotic_ptcs" does not exist.
2023-09-18 19:18:59.092 [info] [Info  - 7:18:59 PM] (89702) No source files found.
2023-09-18 19:20:22.121 [info] [Info  - 7:20:22 PM] (89941) Pylance language server 2023.9.10 (pyright c70adefc) starting
2023-09-18 19:20:22.121 [info] [Info  - 7:20:22 PM] (89941) Server root directory: /home/rtviii/.vscode/extensions/ms-python.vscode-pylance-2023.9.10/dist
2023-09-18 19:20:22.127 [info] [Info  - 7:20:22 PM] (89941) Starting service instance "eukaryotic_ptcs"
2023-09-18 19:20:22.166 [info] [Info  - 7:20:22 PM] (89941) Setting pythonPath for service "eukaryotic_ptcs": "undefined"
2023-09-18 19:20:22.170 [info] [Warn  - 7:20:22 PM] (89941) stubPath /home/rtviii/dev/eukaryotic_ptcs/typings is not a valid directory.
2023-09-18 19:20:22.213 [info] [Error - 7:20:22 PM] (89941) File or directory "/home/rtviii/dev/eukaryotic_ptcs" does not exist.
2023-09-18 19:20:22.213 [info] [Info  - 7:20:22 PM] (89941) No source files found.
2023-09-18 19:21:59.098 [info] [Info  - 7:21:59 PM] (90407) Pylance language server 2023.9.10 (pyright c70adefc) starting
2023-09-18 19:21:59.098 [info] [Info  - 7:21:59 PM] (90407) Server root directory: /home/rtviii/.vscode/extensions/ms-python.vscode-pylance-2023.9.10/dist
2023-09-18 19:21:59.103 [info] [Info  - 7:21:59 PM] (90407) Starting service instance "eukaryotic_ptcs"
2023-09-18 19:21:59.132 [info] [Info  - 7:21:59 PM] (90407) Setting pythonPath for service "eukaryotic_ptcs": "undefined"
2023-09-18 19:21:59.135 [info] [Warn  - 7:21:59 PM] (90407) stubPath /home/rtviii/dev/eukaryotic_ptcs/typings is not a valid directory.
2023-09-18 19:21:59.169 [info] [Error - 7:21:59 PM] (90407) File or directory "/home/rtviii/dev/eukaryotic_ptcs" does not exist.
2023-09-18 19:21:59.169 [info] [Info  - 7:21:59 PM] (90407) No source files found.
2023-09-18 19:22:13.249 [info] [Info  - 7:22:13 PM] (90453) Pylance language server 2023.9.10 (pyright c70adefc) starting
2023-09-18 19:22:13.250 [info] [Info  - 7:22:13 PM] (90453) Server root directory: /home/rtviii/.vscode/extensions/ms-python.vscode-pylance-2023.9.10/dist
2023-09-18 19:22:13.255 [info] [Info  - 7:22:13 PM] (90453) Starting service instance "eukaryotic_ptcs"
2023-09-18 19:22:13.280 [info] [Info  - 7:22:13 PM] (90453) Setting pythonPath for service "eukaryotic_ptcs": "undefined"
2023-09-18 19:22:13.283 [info] [Warn  - 7:22:13 PM] (90453) stubPath /home/rtviii/dev/eukaryotic_ptcs/typings is not a valid directory.
2023-09-18 19:22:13.317 [info] [Error - 7:22:13 PM] (90453) File or directory "/home/rtviii/dev/eukaryotic_ptcs" does not exist.
2023-09-18 19:22:13.317 [info] [Info  - 7:22:13 PM] (90453) No source files found.
2023-09-18 19:24:19.663 [info] [Info  - 7:24:19 PM] (90453) Setting pythonPath for service "eukaryotic_ptcs": "undefined"
2023-09-18 19:24:19.663 [info] [Warn  - 7:24:19 PM] (90453) stubPath /home/rtviii/dev/eukaryotic_ptcs/typings is not a valid directory.
2023-09-18 19:24:19.700 [info] [Error - 7:24:19 PM] (90453) File or directory "/home/rtviii/dev/eukaryotic_ptcs" does not exist.
2023-09-18 19:24:19.701 [info] [Info  - 7:24:19 PM] (90453) Found 1 source file
2023-09-18 19:24:33.942 [info] [Info  - 7:24:33 PM] (90453) Setting pythonPath for service "eukaryotic_ptcs": "undefined"
2023-09-18 19:24:33.942 [info] [Warn  - 7:24:33 PM] (90453) stubPath /home/rtviii/dev/eukaryotic_ptcs/typings is not a valid directory.
2023-09-18 19:24:33.998 [info] [Error - 7:24:33 PM] (90453) File or directory "/home/rtviii/dev/eukaryotic_ptcs" does not exist.
2023-09-18 19:24:33.999 [info] [Info  - 7:24:33 PM] (90453) Found 1 source file
2023-09-18 19:24:45.831 [info] [Info  - 7:24:45 PM] (90453) Setting pythonPath for service "eukaryotic_ptcs": "undefined"
2023-09-18 19:24:45.831 [info] [Warn  - 7:24:45 PM] (90453) stubPath /home/rtviii/dev/eukaryotic_ptcs/typings is not a valid directory.
2023-09-18 19:24:45.867 [info] [Error - 7:24:45 PM] (90453) File or directory "/home/rtviii/dev/eukaryotic_ptcs" does not exist.
2023-09-18 19:24:45.869 [info] [Info  - 7:24:45 PM] (90453) Found 1 source file
2023-09-18 19:26:44.648 [info] [Info  - 7:26:44 PM] (90453) Setting pythonPath for service "eukaryotic_ptcs": "undefined"
2023-09-18 19:26:44.649 [info] [Warn  - 7:26:44 PM] (90453) stubPath /home/rtviii/dev/eukaryotic_ptcs/typings is not a valid directory.
2023-09-18 19:26:44.700 [info] [Error - 7:26:44 PM] (90453) File or directory "/home/rtviii/dev/eukaryotic_ptcs" does not exist.
2023-09-18 19:26:44.702 [info] [Info  - 7:26:44 PM] (90453) Found 1 source file
2023-09-18 19:26:56.140 [info] [Info  - 7:26:56 PM] (90453) Setting pythonPath for service "eukaryotic_ptcs": "undefined"
2023-09-18 19:26:56.140 [info] [Warn  - 7:26:56 PM] (90453) stubPath /home/rtviii/dev/eukaryotic_ptcs/typings is not a valid directory.
2023-09-18 19:26:56.181 [info] [Error - 7:26:56 PM] (90453) File or directory "/home/rtviii/dev/eukaryotic_ptcs" does not exist.
2023-09-18 19:26:56.182 [info] [Info  - 7:26:56 PM] (90453) Found 1 source file
2023-09-18 19:27:19.691 [info] [Info  - 7:27:19 PM] (90453) Setting pythonPath for service "eukaryotic_ptcs": "undefined"
2023-09-18 19:27:19.691 [info] [Warn  - 7:27:19 PM] (90453) stubPath /home/rtviii/dev/eukaryotic_ptcs/typings is not a valid directory.
2023-09-18 19:27:19.726 [info] [Error - 7:27:19 PM] (90453) File or directory "/home/rtviii/dev/eukaryotic_ptcs" does not exist.
2023-09-18 19:27:19.726 [info] [Info  - 7:27:19 PM] (90453) Found 1 source file
2023-09-18 19:28:42.895 [info] [Info  - 7:28:42 PM] (90453) Setting pythonPath for service "eukaryotic_ptcs": "undefined"
2023-09-18 19:28:42.895 [info] [Warn  - 7:28:42 PM] (90453) stubPath /home/rtviii/dev/eukaryotic_ptcs/typings is not a valid directory.
2023-09-18 19:28:42.931 [info] [Error - 7:28:42 PM] (90453) File or directory "/home/rtviii/dev/eukaryotic_ptcs" does not exist.
2023-09-18 19:28:42.932 [info] [Info  - 7:28:42 PM] (90453) Found 1 source file
2023-09-18 19:28:57.911 [info] [Info  - 7:28:57 PM] (90453) Setting pythonPath for service "eukaryotic_ptcs": "undefined"
2023-09-18 19:28:57.911 [info] [Warn  - 7:28:57 PM] (90453) stubPath /home/rtviii/dev/eukaryotic_ptcs/typings is not a valid directory.
2023-09-18 19:28:57.998 [info] [Error - 7:28:57 PM] (90453) File or directory "/home/rtviii/dev/eukaryotic_ptcs" does not exist.
2023-09-18 19:28:57.999 [info] [Info  - 7:28:57 PM] (90453) Found 1 source file
2023-09-18 19:29:10.168 [info] [Info  - 7:29:10 PM] (90453) Setting pythonPath for service "eukaryotic_ptcs": "undefined"
2023-09-18 19:29:10.173 [info] [Warn  - 7:29:10 PM] (90453) stubPath /home/rtviii/dev/eukaryotic_ptcs/typings is not a valid directory.
2023-09-18 19:29:10.210 [info] [Error - 7:29:10 PM] (90453) File or directory "/home/rtviii/dev/eukaryotic_ptcs" does not exist.
2023-09-18 19:29:10.211 [info] [Info  - 7:29:10 PM] (90453) Found 1 source file
2023-09-18 19:29:38.235 [info] [Info  - 7:29:38 PM] (90453) Setting pythonPath for service "eukaryotic_ptcs": "undefined"
2023-09-18 19:29:38.235 [info] [Warn  - 7:29:38 PM] (90453) stubPath /home/rtviii/dev/eukaryotic_ptcs/typings is not a valid directory.
2023-09-18 19:29:38.285 [info] [Error - 7:29:38 PM] (90453) File or directory "/home/rtviii/dev/eukaryotic_ptcs" does not exist.
2023-09-18 19:29:38.286 [info] [Info  - 7:29:38 PM] (90453) Found 1 source file
2023-09-18 19:29:51.717 [info] [Info  - 7:29:51 PM] (90453) Setting pythonPath for service "eukaryotic_ptcs": "undefined"
2023-09-18 19:29:51.717 [info] [Warn  - 7:29:51 PM] (90453) stubPath /home/rtviii/dev/eukaryotic_ptcs/typings is not a valid directory.
2023-09-18 19:29:51.769 [info] [Error - 7:29:51 PM] (90453) File or directory "/home/rtviii/dev/eukaryotic_ptcs" does not exist.
2023-09-18 19:29:51.770 [info] [Info  - 7:29:51 PM] (90453) Found 1 source file
2023-09-18 19:30:01.650 [info] [Info  - 7:30:01 PM] (90453) Setting pythonPath for service "eukaryotic_ptcs": "undefined"
2023-09-18 19:30:01.650 [info] [Warn  - 7:30:01 PM] (90453) stubPath /home/rtviii/dev/eukaryotic_ptcs/typings is not a valid directory.
2023-09-18 19:30:01.705 [info] [Error - 7:30:01 PM] (90453) File or directory "/home/rtviii/dev/eukaryotic_ptcs" does not exist.
2023-09-18 19:30:01.705 [info] [Info  - 7:30:01 PM] (90453) Found 1 source file
2023-09-18 19:30:27.523 [info] [Info  - 7:30:27 PM] (90453) Setting pythonPath for service "eukaryotic_ptcs": "undefined"
2023-09-18 19:30:27.523 [info] [Warn  - 7:30:27 PM] (90453) stubPath /home/rtviii/dev/eukaryotic_ptcs/typings is not a valid directory.
2023-09-18 19:30:27.585 [info] [Error - 7:30:27 PM] (90453) File or directory "/home/rtviii/dev/eukaryotic_ptcs" does not exist.
2023-09-18 19:30:27.586 [info] [Info  - 7:30:27 PM] (90453) Found 1 source file
2023-09-18 19:30:34.469 [info] [Info  - 7:30:34 PM] (90453) Setting pythonPath for service "eukaryotic_ptcs": "undefined"
2023-09-18 19:30:34.469 [info] [Warn  - 7:30:34 PM] (90453) stubPath /home/rtviii/dev/eukaryotic_ptcs/typings is not a valid directory.
2023-09-18 19:30:34.521 [info] [Error - 7:30:34 PM] (90453) File or directory "/home/rtviii/dev/eukaryotic_ptcs" does not exist.
2023-09-18 19:30:34.521 [info] [Info  - 7:30:34 PM] (90453) Found 1 source file
2023-09-18 19:30:39.404 [info] [Info  - 7:30:39 PM] (90453) Setting pythonPath for service "eukaryotic_ptcs": "undefined"
2023-09-18 19:30:39.405 [info] [Warn  - 7:30:39 PM] (90453) stubPath /home/rtviii/dev/eukaryotic_ptcs/typings is not a valid directory.
2023-09-18 19:30:39.455 [info] [Error - 7:30:39 PM] (90453) File or directory "/home/rtviii/dev/eukaryotic_ptcs" does not exist.
2023-09-18 19:30:39.456 [info] [Info  - 7:30:39 PM] (90453) Found 1 source file
2023-09-18 19:30:58.003 [info] [Info  - 7:30:58 PM] (90453) Setting pythonPath for service "eukaryotic_ptcs": "undefined"
2023-09-18 19:30:58.004 [info] [Warn  - 7:30:58 PM] (90453) stubPath /home/rtviii/dev/eukaryotic_ptcs/typings is not a valid directory.
2023-09-18 19:30:58.044 [info] [Error - 7:30:58 PM] (90453) File or directory "/home/rtviii/dev/eukaryotic_ptcs" does not exist.
2023-09-18 19:30:58.044 [info] [Info  - 7:30:58 PM] (90453) Found 1 source file
2023-09-18 19:32:06.390 [info] [Info  - 7:32:06 PM] (90453) Setting pythonPath for service "eukaryotic_ptcs": "undefined"
2023-09-18 19:32:06.390 [info] [Warn  - 7:32:06 PM] (90453) stubPath /home/rtviii/dev/eukaryotic_ptcs/typings is not a valid directory.
2023-09-18 19:32:06.432 [info] [Error - 7:32:06 PM] (90453) File or directory "/home/rtviii/dev/eukaryotic_ptcs" does not exist.
2023-09-18 19:32:06.433 [info] [Info  - 7:32:06 PM] (90453) Found 1 source file
2023-09-18 19:32:12.076 [info] [Info  - 7:32:12 PM] (90453) Setting pythonPath for service "eukaryotic_ptcs": "undefined"
2023-09-18 19:32:12.076 [info] [Warn  - 7:32:12 PM] (90453) stubPath /home/rtviii/dev/eukaryotic_ptcs/typings is not a valid directory.
2023-09-18 19:32:12.111 [info] [Error - 7:32:12 PM] (90453) File or directory "/home/rtviii/dev/eukaryotic_ptcs" does not exist.
2023-09-18 19:32:12.111 [info] [Info  - 7:32:12 PM] (90453) Found 1 source file
2023-09-18 19:32:28.769 [info] [Info  - 7:32:28 PM] (90453) Setting pythonPath for service "eukaryotic_ptcs": "undefined"
2023-09-18 19:32:28.769 [info] [Warn  - 7:32:28 PM] (90453) stubPath /home/rtviii/dev/eukaryotic_ptcs/typings is not a valid directory.
2023-09-18 19:32:28.817 [info] [Error - 7:32:28 PM] (90453) File or directory "/home/rtviii/dev/eukaryotic_ptcs" does not exist.
2023-09-18 19:32:28.817 [info] [Info  - 7:32:28 PM] (90453) Found 1 source file
2023-09-18 19:32:32.904 [info] [Info  - 7:32:32 PM] (90453) Setting pythonPath for service "eukaryotic_ptcs": "undefined"
2023-09-18 19:32:32.904 [info] [Warn  - 7:32:32 PM] (90453) stubPath /home/rtviii/dev/eukaryotic_ptcs/typings is not a valid directory.
2023-09-18 19:32:32.947 [info] [Error - 7:32:32 PM] (90453) File or directory "/home/rtviii/dev/eukaryotic_ptcs" does not exist.
2023-09-18 19:32:32.948 [info] [Info  - 7:32:32 PM] (90453) Found 1 source file
2023-09-18 19:32:51.042 [info] [Info  - 7:32:51 PM] (90453) Setting pythonPath for service "eukaryotic_ptcs": "undefined"
2023-09-18 19:32:51.043 [info] [Warn  - 7:32:51 PM] (90453) stubPath /home/rtviii/dev/eukaryotic_ptcs/typings is not a valid directory.
2023-09-18 19:32:51.082 [info] [Error - 7:32:51 PM] (90453) File or directory "/home/rtviii/dev/eukaryotic_ptcs" does not exist.
2023-09-18 19:32:51.082 [info] [Info  - 7:32:51 PM] (90453) Found 1 source file
2023-09-18 19:32:56.887 [info] [Info  - 7:32:56 PM] (90453) Setting pythonPath for service "eukaryotic_ptcs": "undefined"
2023-09-18 19:32:56.888 [info] [Warn  - 7:32:56 PM] (90453) stubPath /home/rtviii/dev/eukaryotic_ptcs/typings is not a valid directory.
2023-09-18 19:32:56.931 [info] [Error - 7:32:56 PM] (90453) File or directory "/home/rtviii/dev/eukaryotic_ptcs" does not exist.
2023-09-18 19:32:56.932 [info] [Info  - 7:32:56 PM] (90453) Found 1 source file
2023-09-18 19:33:50.511 [info] [Info  - 7:33:50 PM] (92056) Pylance language server 2023.9.10 (pyright c70adefc) starting
2023-09-18 19:33:50.512 [info] [Info  - 7:33:50 PM] (92056) Server root directory: /home/rtviii/.vscode/extensions/ms-python.vscode-pylance-2023.9.10/dist
2023-09-18 19:33:50.518 [info] [Info  - 7:33:50 PM] (92056) Starting service instance "eukaryotic_ptcs"
2023-09-18 19:33:50.584 [info] [Info  - 7:33:50 PM] (92056) Setting pythonPath for service "eukaryotic_ptcs": "undefined"
2023-09-18 19:33:50.587 [info] [Warn  - 7:33:50 PM] (92056) stubPath /home/rtviii/dev/eukaryotic_ptcs/typings is not a valid directory.
2023-09-18 19:33:50.624 [info] [Error - 7:33:50 PM] (92056) File or directory "/home/rtviii/dev/eukaryotic_ptcs" does not exist.
2023-09-18 19:33:50.625 [info] [Info  - 7:33:50 PM] (92056) No source files found.
2023-09-18 19:34:06.359 [info] [Info  - 7:34:06 PM] (92056) Setting pythonPath for service "eukaryotic_ptcs": "undefined"
2023-09-18 19:34:06.360 [info] [Warn  - 7:34:06 PM] (92056) stubPath /home/rtviii/dev/eukaryotic_ptcs/typings is not a valid directory.
2023-09-18 19:34:06.417 [info] [Error - 7:34:06 PM] (92056) File or directory "/home/rtviii/dev/eukaryotic_ptcs" does not exist.
2023-09-18 19:34:06.418 [info] [Info  - 7:34:06 PM] (92056) Found 1 source file
