2023-09-18 11:00:31.910 [info] Reading sessions from keychain...
2023-09-18 11:00:31.910 [info] Getting sessions for all scopes...
2023-09-18 11:00:31.910 [info] Getting sessions for all scopes...
2023-09-18 11:00:31.910 [info] Getting sessions for user:email...
2023-09-18 11:00:31.910 [info] Got stored sessions!
2023-09-18 11:00:31.910 [info] Got 1 verified sessions.
2023-09-18 11:00:31.910 [info] Got 1 sessions for ...
2023-09-18 11:00:31.910 [info] Got 1 sessions for ...
2023-09-18 11:00:31.910 [info] Got 1 sessions for user:email...
2023-09-18 11:00:31.910 [info] Getting sessions for all scopes...
2023-09-18 11:00:31.910 [info] Got 1 sessions for ...
2023-09-18 11:00:32.001 [info] Getting sessions for all scopes...
2023-09-18 11:00:32.001 [info] Got 1 sessions for ...
2023-09-18 11:00:32.004 [info] Getting sessions for read:user...
2023-09-18 11:00:32.004 [info] Got 0 sessions for read:user...
2023-09-18 11:00:32.052 [info] Getting sessions for user:email...
2023-09-18 11:00:32.052 [info] Got 1 sessions for user:email...
2023-09-18 11:25:32.528 [info] Getting sessions for read:user...
2023-09-18 11:25:32.528 [info] Got 0 sessions for read:user...
2023-09-18 11:25:32.529 [info] Getting sessions for user:email...
2023-09-18 11:25:32.529 [info] Got 1 sessions for user:email...
2023-09-18 11:50:32.984 [info] Getting sessions for read:user...
2023-09-18 11:50:32.984 [info] Got 0 sessions for read:user...
2023-09-18 11:50:32.988 [info] Getting sessions for user:email...
2023-09-18 11:50:32.988 [info] Got 1 sessions for user:email...
2023-09-18 12:15:33.380 [info] Getting sessions for read:user...
2023-09-18 12:15:33.380 [info] Got 0 sessions for read:user...
2023-09-18 12:15:33.381 [info] Getting sessions for user:email...
2023-09-18 12:15:33.381 [info] Got 1 sessions for user:email...
2023-09-18 12:40:33.770 [info] Getting sessions for read:user...
2023-09-18 12:40:33.770 [info] Got 0 sessions for read:user...
2023-09-18 12:40:33.774 [info] Getting sessions for user:email...
2023-09-18 12:40:33.774 [info] Got 1 sessions for user:email...
2023-09-18 13:05:34.226 [info] Getting sessions for read:user...
2023-09-18 13:05:34.226 [info] Got 0 sessions for read:user...
2023-09-18 13:05:34.230 [info] Getting sessions for user:email...
2023-09-18 13:05:34.230 [info] Got 1 sessions for user:email...
2023-09-18 13:30:34.668 [info] Getting sessions for read:user...
2023-09-18 13:30:34.668 [info] Got 0 sessions for read:user...
2023-09-18 13:30:34.672 [info] Getting sessions for user:email...
2023-09-18 13:30:34.672 [info] Got 1 sessions for user:email...
2023-09-18 13:55:35.278 [info] Getting sessions for read:user...
2023-09-18 13:55:35.278 [info] Got 0 sessions for read:user...
2023-09-18 13:55:35.280 [info] Getting sessions for user:email...
2023-09-18 13:55:35.280 [info] Got 1 sessions for user:email...
2023-09-18 14:20:35.750 [info] Getting sessions for read:user...
2023-09-18 14:20:35.750 [info] Got 0 sessions for read:user...
2023-09-18 14:20:35.751 [info] Getting sessions for user:email...
2023-09-18 14:20:35.751 [info] Got 1 sessions for user:email...
