2023-09-18 18:42:57.204 [info] Reading sessions from keychain...
2023-09-18 18:42:57.204 [info] Getting sessions for all scopes...
2023-09-18 18:42:57.204 [info] Got stored sessions!
2023-09-18 18:42:57.204 [info] Got 1 verified sessions.
2023-09-18 18:42:57.204 [info] Got 1 sessions for ...
2023-09-18 18:42:57.205 [info] Getting sessions for user:email...
2023-09-18 18:42:57.205 [info] Got 1 sessions for user:email...
2023-09-18 18:42:57.220 [info] Getting sessions for all scopes...
2023-09-18 18:42:57.220 [info] Got 1 sessions for ...
2023-09-18 18:42:57.236 [info] Getting sessions for all scopes...
2023-09-18 18:42:57.236 [info] Got 1 sessions for ...
2023-09-18 18:42:58.111 [info] Getting sessions for all scopes...
2023-09-18 18:42:58.111 [info] Got 1 sessions for ...
2023-09-18 18:42:58.219 [info] Getting sessions for read:user...
2023-09-18 18:42:58.219 [info] Got 0 sessions for read:user...
2023-09-18 18:42:58.261 [info] Getting sessions for user:email...
2023-09-18 18:42:58.261 [info] Got 1 sessions for user:email...
2023-09-18 18:42:58.311 [info] Getting sessions for read:user,repo,user:email...
2023-09-18 18:42:58.311 [info] Got 0 sessions for read:user,repo,user:email...
2023-09-18 18:42:58.421 [info] Getting sessions for read:user,repo,user:email,workflow...
2023-09-18 18:42:58.421 [info] Got 0 sessions for read:user,repo,user:email,workflow...
2023-09-18 19:07:58.855 [info] Getting sessions for read:user...
2023-09-18 19:07:58.855 [info] Got 0 sessions for read:user...
2023-09-18 19:07:58.857 [info] Getting sessions for user:email...
2023-09-18 19:07:58.857 [info] Got 1 sessions for user:email...
2023-09-18 19:32:59.356 [info] Getting sessions for read:user...
2023-09-18 19:32:59.356 [info] Got 0 sessions for read:user...
2023-09-18 19:32:59.357 [info] Getting sessions for user:email...
2023-09-18 19:32:59.357 [info] Got 1 sessions for user:email...
