Visual Studio Code (1.82.1, undefined, desktop)
Jupyter Extension Version: 2023.8.1002501831.
Python Extension Version: 2023.16.0.
Platform: linux (x64).
Workspace folder ~/dev/weber, Home = /home/rtviii
11:00:46.566 [info] User belongs to experiment group 'NewJupyterSession'
11:00:46.896 [info] Start refreshing Kernel Picker (1695052846896)
11:00:46.905 [info] Using Pylance
11:00:49.322 [info] Starting Kernel startUsingPythonInterpreter, .jvsc74a57bd038a149ada9de2d69110d0b945691c5851e27b24fc728a6299a3116db6d5fd2f9.~/dev/weber/venv/python.~/dev/weber/venv/python.-m#ipykernel_launcher  (Python Path: ~/dev/weber/venv/bin/python, Venv, venv, 3.11.5) for '~/dev/weber/weber.csv - Data Wrangler' (disableUI=false)
11:00:49.776 [info] End refreshing Kernel Picker (1695052846896)
11:00:49.817 [info] Process Execution: ~/dev/weber/venv/bin/python -m pip list
11:00:49.842 [info] Process Execution: ~/dev/weber/venv/bin/python -c "import ipykernel; print(ipykernel.__version__); print("5dc3a68c-e34e-4080-9c3e-2a532b2ccb4d"); print(ipykernel.__file__)"
11:00:49.859 [info] Process Execution: ~/dev/weber/venv/bin/python -m ipykernel_launcher --ip=127.0.0.1 --stdin=9003 --control=9001 --hb=9000 --Session.signature_scheme="hmac-sha256" --Session.key=b"25f6c783-a90c-4a8f-861e-8f7db5c84a15" --shell=9002 --transport="tcp" --iopub=9004 --f=~/.local/share/jupyter/runtime/kernel-v2-17514BLGoRoOc3WRb.json
    > cwd: ~/dev/weber
11:00:50.005 [info] ipykernel version & path 6.25.2, ~/dev/weber/venv/lib/python3.11/site-packages/ipykernel/__init__.py for ~/dev/weber/venv/bin/python
11:00:50.179 [warn] StdErr from Kernel Process 0.00s - Debugger warning: It seems that frozen modules are being used, which may
0.00s - make the debugger miss breakpoints. Please pass -Xfrozen_modules=off
0.00s - to python to disable frozen modules.
0.00s - Note: Debugging will proceed. Set PYDEVD_DISABLE_FILE_VALIDATION=1 to disable this validation.
14:26:35.897 [info] Disposing HostJupyterExecution
14:26:35.897 [info] Shutting down notebooks for e1389785-6fdb-499e-ab6c-9c35f75209d2
14:26:35.897 [info] Dispose Kernel '~/dev/weber/weber.csv - Data Wrangler' associated with '~/dev/weber/weber.csv - Data Wrangler'
14:26:35.899 [info] Dispose Kernel process 17745.
14:26:36.004 [info] Disposing HostJupyterExecution
14:26:36.118 [warn] Failed to delete connection file file://~/.local/share/jupyter/runtime/kernel-v2-17514BLGoRoOc3WRb.json for pid 17745 Canceled (FileSystemError): Canceled
    at Function.e (/opt/visual-studio-code/resources/app/out/vs/workbench/api/node/extensionHostProcess.js:109:27846)
    at Object.stat (/opt/visual-studio-code/resources/app/out/vs/workbench/api/node/extensionHostProcess.js:109:24556)
    at Lu.delete (~/.vscode/extensions/ms-toolsai.jupyter-2023.8.1002501831-linux-x64/out/extension.node.js:17:19371)
    at ~/.vscode/extensions/ms-toolsai.jupyter-2023.8.1002501831-linux-x64/out/extension.node.js:24:88707 {
  code: 'Unknown'
}
