2023-09-18 19:34:24.991 [info] Log level: Info
2023-09-18 19:34:24.991 [info] Validating found git in: "git"
2023-09-18 19:34:24.991 [info] Using git "2.42.0" from "git"
2023-09-18 19:34:24.991 [info] > git rev-parse --show-toplevel [6ms]
2023-09-18 19:34:24.994 [info] > git rev-parse --git-dir --git-common-dir [82ms]
2023-09-18 19:34:25.013 [info] Open repository: /home/rtviii/dev/riboxyz
2023-09-18 19:34:25.102 [info] > git rev-parse --show-toplevel [6ms]
2023-09-18 19:34:25.103 [info] > git config --get commit.template [22ms]
2023-09-18 19:34:25.161 [info] > git rev-parse --show-toplevel [38ms]
2023-09-18 19:34:25.195 [info] > git for-each-ref --format=%(refname)%00%(upstream:short)%00%(objectname)%00%(upstream:track)%00%(upstream:remotename)%00%(upstream:remoteref) refs/heads/remove_prody refs/remotes/remove_prody [36ms]
2023-09-18 19:34:25.238 [info] > git status -z -uall [27ms]
2023-09-18 19:34:25.242 [info] > git rev-parse --show-toplevel [48ms]
2023-09-18 19:34:25.287 [info] > git rev-parse --show-toplevel [12ms]
2023-09-18 19:34:25.287 [info] > git config --get commit.template [26ms]
2023-09-18 19:34:25.849 [info] > git check-ignore -v -z --stdin [23ms]
2023-09-18 19:34:25.851 [info] > git rev-parse --show-toplevel [74ms]
2023-09-18 19:34:25.851 [info] > git fetch [839ms]
2023-09-18 19:34:25.918 [info] > git for-each-ref --format=%(refname)%00%(upstream:short)%00%(objectname)%00%(upstream:track)%00%(upstream:remotename)%00%(upstream:remoteref) refs/heads/remove_prody refs/remotes/remove_prody [71ms]
2023-09-18 19:34:25.987 [info] > git config --get commit.template [71ms]
2023-09-18 19:34:25.987 [info] > git rev-parse --show-toplevel [85ms]
2023-09-18 19:34:26.033 [info] > git rev-parse --show-toplevel [30ms]
2023-09-18 19:34:26.095 [info] > git for-each-ref --format=%(refname)%00%(upstream:short)%00%(objectname)%00%(upstream:track)%00%(upstream:remotename)%00%(upstream:remoteref) refs/heads/remove_prody refs/remotes/remove_prody [66ms]
2023-09-18 19:34:26.113 [info] > git rev-parse --show-toplevel [25ms]
2023-09-18 19:34:26.146 [info] > git status -z -uall [37ms]
2023-09-18 19:34:26.146 [info] > git show --textconv :scripts/test.py [16ms]
2023-09-18 19:34:26.155 [info] > git ls-files --stage -- /home/rtviii/dev/riboxyz/scripts/test.py [10ms]
2023-09-18 19:34:26.171 [info] > git cat-file -s 47efb74e3fcb1f567b8560517bba4d3f3dc5b4cf [2ms]
2023-09-18 19:34:26.986 [info] > git ls-files --stage -- /home/rtviii/dev/riboxyz/scripts/test.py [1ms]
2023-09-18 19:34:27.001 [info] > git cat-file -s 47efb74e3fcb1f567b8560517bba4d3f3dc5b4cf [1ms]
2023-09-18 19:34:27.017 [info] > git show --textconv :scripts/test.py [1ms]
2023-09-18 19:34:55.082 [info] > git config --get commit.template [1ms]
2023-09-18 19:34:55.135 [info] > git ls-files --stage -- /home/rtviii/dev/riboxyz/scripts/test.py [35ms]
2023-09-18 19:34:55.167 [info] > git for-each-ref --format=%(refname)%00%(upstream:short)%00%(objectname)%00%(upstream:track)%00%(upstream:remotename)%00%(upstream:remoteref) refs/heads/remove_prody refs/remotes/remove_prody [34ms]
2023-09-18 19:34:55.198 [info] > git cat-file -s 47efb74e3fcb1f567b8560517bba4d3f3dc5b4cf [32ms]
2023-09-18 19:34:55.229 [info] > git status -z -uall [32ms]
2023-09-18 19:34:55.233 [info] > git show --textconv :scripts/test.py [4ms]
2023-09-18 19:35:49.016 [info] > git config --get commit.template [12ms]
2023-09-18 19:35:49.016 [info] > git for-each-ref --format=%(refname)%00%(upstream:short)%00%(objectname)%00%(upstream:track)%00%(upstream:remotename)%00%(upstream:remoteref) refs/heads/remove_prody refs/remotes/remove_prody [1ms]
2023-09-18 19:35:49.032 [info] > git status -z -uall [5ms]
2023-09-18 19:35:49.097 [info] > git ls-files --stage -- /home/rtviii/dev/riboxyz/scripts/test.py [1ms]
2023-09-18 19:35:49.103 [info] > git cat-file -s 47efb74e3fcb1f567b8560517bba4d3f3dc5b4cf [1ms]
2023-09-18 19:35:49.117 [info] > git show --textconv :scripts/test.py [1ms]
2023-09-18 19:36:48.965 [info] > git config --get commit.template [2ms]
2023-09-18 19:36:48.981 [info] > git for-each-ref --format=%(refname)%00%(upstream:short)%00%(objectname)%00%(upstream:track)%00%(upstream:remotename)%00%(upstream:remoteref) refs/heads/remove_prody refs/remotes/remove_prody [3ms]
2023-09-18 19:36:48.997 [info] > git status -z -uall [5ms]
2023-09-18 19:36:49.059 [info] > git ls-files --stage -- /home/rtviii/dev/riboxyz/scripts/test.py [1ms]
2023-09-18 19:36:49.072 [info] > git cat-file -s 47efb74e3fcb1f567b8560517bba4d3f3dc5b4cf [1ms]
2023-09-18 19:36:49.085 [info] > git show --textconv :scripts/test.py [0ms]
2023-09-18 19:37:26.486 [info] > git fetch [322ms]
2023-09-18 19:37:26.511 [info] > git config --get commit.template [14ms]
2023-09-18 19:37:26.511 [info] > git for-each-ref --format=%(refname)%00%(upstream:short)%00%(objectname)%00%(upstream:track)%00%(upstream:remotename)%00%(upstream:remoteref) refs/heads/remove_prody refs/remotes/remove_prody [1ms]
2023-09-18 19:37:26.528 [info] > git status -z -uall [4ms]
2023-09-18 19:37:27.631 [info] > git config --get commit.template [8ms]
2023-09-18 19:37:27.631 [info] > git for-each-ref --format=%(refname)%00%(upstream:short)%00%(objectname)%00%(upstream:track)%00%(upstream:remotename)%00%(upstream:remoteref) refs/heads/remove_prody refs/remotes/remove_prody [1ms]
2023-09-18 19:37:27.645 [info] > git status -z -uall [5ms]
2023-09-18 19:37:27.739 [info] > git ls-files --stage -- /home/rtviii/dev/riboxyz/scripts/test.py [1ms]
2023-09-18 19:37:27.747 [info] > git cat-file -s 47efb74e3fcb1f567b8560517bba4d3f3dc5b4cf [1ms]
2023-09-18 19:37:27.767 [info] > git show --textconv :scripts/test.py [6ms]
2023-09-18 19:37:49.015 [info] > git config --get commit.template [14ms]
2023-09-18 19:37:49.015 [info] > git for-each-ref --format=%(refname)%00%(upstream:short)%00%(objectname)%00%(upstream:track)%00%(upstream:remotename)%00%(upstream:remoteref) refs/heads/remove_prody refs/remotes/remove_prody [1ms]
2023-09-18 19:37:49.034 [info] > git status -z -uall [5ms]
2023-09-18 19:37:49.095 [info] > git ls-files --stage -- /home/rtviii/dev/riboxyz/scripts/test.py [1ms]
2023-09-18 19:37:49.108 [info] > git cat-file -s 47efb74e3fcb1f567b8560517bba4d3f3dc5b4cf [1ms]
2023-09-18 19:37:49.123 [info] > git show --textconv :scripts/test.py [1ms]
2023-09-18 19:38:49.229 [info] > git config --get commit.template [7ms]
2023-09-18 19:38:49.229 [info] > git for-each-ref --format=%(refname)%00%(upstream:short)%00%(objectname)%00%(upstream:track)%00%(upstream:remotename)%00%(upstream:remoteref) refs/heads/remove_prody refs/remotes/remove_prody [1ms]
2023-09-18 19:38:49.241 [info] > git status -z -uall [5ms]
2023-09-18 19:38:49.323 [info] > git ls-files --stage -- /home/rtviii/dev/riboxyz/scripts/test.py [1ms]
2023-09-18 19:38:49.329 [info] > git cat-file -s 47efb74e3fcb1f567b8560517bba4d3f3dc5b4cf [1ms]
2023-09-18 19:38:49.338 [info] > git show --textconv :scripts/test.py [1ms]
2023-09-18 19:39:18.785 [info] > git check-ignore -v -z --stdin [2ms]
