2023-09-18 10:57:49.763 [info] Experiment 'pythonPromptNewFormatterExt' is active
2023-09-18 10:57:49.763 [info] Experiment 'pythonPromptNewToolsExt' is active
2023-09-18 10:57:49.763 [info] Experiment 'pythonTestAdaptercf' is active
2023-09-18 10:57:49.763 [info] Test server listening.
2023-09-18 10:57:49.763 [warning] Failed to check if /home/rxz/dev/micellevenv is an executable [Error: ENOENT: no such file or directory, lstat '/home/rxz/dev/micellevenv'] {
  errno: -2,
  code: 'ENOENT',
  syscall: 'lstat',
  path: '/home/rxz/dev/micellevenv'
}
2023-09-18 10:57:49.764 [warning] Failed to check if /home/rxz/dev/micellevenv is an executable [Error: ENOENT: no such file or directory, lstat '/home/rxz/dev/micellevenv'] {
  errno: -2,
  code: 'ENOENT',
  syscall: 'lstat',
  path: '/home/rxz/dev/micellevenv'
}
2023-09-18 10:57:49.764 [info] > conda info --json
2023-09-18 10:57:49.764 [warning] Failed to check if /home/rxz/dev/micellevenv is an executable [Error: ENOENT: no such file or directory, lstat '/home/rxz/dev/micellevenv'] {
  errno: -2,
  code: 'ENOENT',
  syscall: 'lstat',
  path: '/home/rxz/dev/micellevenv'
}
2023-09-18 10:57:49.764 [warning] Failed to check if /home/rxz/dev/micellevenv is an executable [Error: ENOENT: no such file or directory, lstat '/home/rxz/dev/micellevenv'] {
  errno: -2,
  code: 'ENOENT',
  syscall: 'lstat',
  path: '/home/rxz/dev/micellevenv'
}
2023-09-18 10:57:49.779 [info] Found: /bin/python --> /bin/python3.11
2023-09-18 10:57:49.795 [warning] Retry failed, storage update failed for key PYTHON_GLOBAL_STORAGE_KEYS
2023-09-18 10:57:49.795 [warning] Retry failed, storage update failed for key PYTHON_WORKSPACE_STORAGE_KEYS
2023-09-18 10:57:49.795 [warning] Retry failed, storage update failed for key PYTHON_WORKSPACE_STORAGE_KEYS
2023-09-18 10:57:49.795 [warning] Retry failed, storage update failed for key PYTHON_WORKSPACE_STORAGE_KEYS
2023-09-18 10:57:49.796 [info] Found: /bin/python3 --> /bin/python3.11
2023-09-18 10:57:49.796 [info] Found: /bin/python3.11 --> /bin/python3.11
2023-09-18 10:57:49.797 [warning] Identifier for virt-virtualenv failed to identify /home/rxz/dev/micellevenv [Error: ENOENT: no such file or directory, scandir '/home/rxz/dev'] {
  errno: -2,
  code: 'ENOENT',
  syscall: 'scandir',
  path: '/home/rxz/dev'
}
2023-09-18 10:57:49.797 [warning] Identifier for virt-virtualenv failed to identify /home/rxz/dev/micellevenv [Error: ENOENT: no such file or directory, scandir '/home/rxz/dev'] {
  errno: -2,
  code: 'ENOENT',
  syscall: 'scandir',
  path: '/home/rxz/dev'
}
2023-09-18 10:57:49.797 [warning] Identifier for virt-virtualenv failed to identify /home/rxz/dev/micellevenv [Error: ENOENT: no such file or directory, scandir '/home/rxz/dev'] {
  errno: -2,
  code: 'ENOENT',
  syscall: 'scandir',
  path: '/home/rxz/dev'
}
2023-09-18 10:57:49.800 [warning] Identifier for virt-virtualenv failed to identify /home/rxz/dev/micellevenv [Error: ENOENT: no such file or directory, scandir '/home/rxz/dev'] {
  errno: -2,
  code: 'ENOENT',
  syscall: 'scandir',
  path: '/home/rxz/dev'
}
2023-09-18 10:57:49.823 [info] > /home/rxz/dev/micellevenv -I ~/.vscode/extensions/ms-python.python-2023.16.0/pythonFiles/get_output_via_markers.py ~/.vscode/extensions/ms-python.python-2023.16.0/pythonFiles/interpreterInfo.py
2023-09-18 10:57:49.848 [info] > ./venv/bin/python -I ~/.vscode/extensions/ms-python.python-2023.16.0/pythonFiles/get_output_via_markers.py ~/.vscode/extensions/ms-python.python-2023.16.0/pythonFiles/interpreterInfo.py
2023-09-18 10:57:49.850 [error] Error: Command failed: /home/rxz/dev/micellevenv -I /home/rtviii/.vscode/extensions/ms-python.python-2023.16.0/pythonFiles/get_output_via_markers.py /home/rtviii/.vscode/extensions/ms-python.python-2023.16.0/pythonFiles/interpreterInfo.py
/bin/sh: line 1: /home/rxz/dev/micellevenv: No such file or directory

    at ChildProcess.exithandler (node:child_process:431:12)
    at ChildProcess.emit (node:events:513:28)
    at maybeClose (node:internal/child_process:1091:16)
    at Socket.<anonymous> (node:internal/child_process:449:11)
    at Socket.emit (node:events:513:28)
    at Pipe.<anonymous> (node:net:322:12) {
  code: 127,
  killed: false,
  signal: null,
  cmd: '/home/rxz/dev/micellevenv -I /home/rtviii/.vscode/extensions/ms-python.python-2023.16.0/pythonFiles/get_output_via_markers.py /home/rtviii/.vscode/extensions/ms-python.python-2023.16.0/pythonFiles/interpreterInfo.py'
}
2023-09-18 10:57:49.854 [info] Found: /sbin/python --> /sbin/python3.11
2023-09-18 10:57:49.855 [info] Found: /sbin/python3 --> /sbin/python3.11
2023-09-18 10:57:49.857 [info] Found: /sbin/python3.11 --> /sbin/python3.11
2023-09-18 10:57:49.866 [info] Found: /usr/bin/python --> /usr/bin/python3.11
2023-09-18 10:57:49.866 [info] Found: /usr/bin/python3 --> /usr/bin/python3.11
2023-09-18 10:57:49.866 [info] Found: /usr/bin/python3.11 --> /usr/bin/python3.11
2023-09-18 10:57:49.902 [info] Found: /usr/sbin/python --> /usr/sbin/python3.11
2023-09-18 10:57:49.902 [info] Found: /usr/sbin/python3 --> /usr/sbin/python3.11
2023-09-18 10:57:49.902 [info] Found: /usr/sbin/python3.11 --> /usr/sbin/python3.11
2023-09-18 10:57:49.921 [info] > /bin/python -I ~/.vscode/extensions/ms-python.python-2023.16.0/pythonFiles/get_output_via_markers.py ~/.vscode/extensions/ms-python.python-2023.16.0/pythonFiles/interpreterInfo.py
2023-09-18 10:57:49.949 [info] > /sbin/python -I ~/.vscode/extensions/ms-python.python-2023.16.0/pythonFiles/get_output_via_markers.py ~/.vscode/extensions/ms-python.python-2023.16.0/pythonFiles/interpreterInfo.py
2023-09-18 10:57:49.975 [info] > /usr/bin/python -I ~/.vscode/extensions/ms-python.python-2023.16.0/pythonFiles/get_output_via_markers.py ~/.vscode/extensions/ms-python.python-2023.16.0/pythonFiles/interpreterInfo.py
2023-09-18 10:57:49.994 [info] > /usr/sbin/python -I ~/.vscode/extensions/ms-python.python-2023.16.0/pythonFiles/get_output_via_markers.py ~/.vscode/extensions/ms-python.python-2023.16.0/pythonFiles/interpreterInfo.py
2023-09-18 10:57:50.054 [warning] Failed to check if /home/rxz/dev/micellevenv is an executable [Error: ENOENT: no such file or directory, lstat '/home/rxz/dev/micellevenv'] {
  errno: -2,
  code: 'ENOENT',
  syscall: 'lstat',
  path: '/home/rxz/dev/micellevenv'
}
2023-09-18 10:57:50.054 [warning] Failed to check if /home/rxz/dev/micellevenv is an executable [Error: ENOENT: no such file or directory, lstat '/home/rxz/dev/micellevenv'] {
  errno: -2,
  code: 'ENOENT',
  syscall: 'lstat',
  path: '/home/rxz/dev/micellevenv'
}
2023-09-18 10:57:50.054 [warning] Failed to check if /home/rxz/dev/micellevenv is an executable [Error: ENOENT: no such file or directory, lstat '/home/rxz/dev/micellevenv'] {
  errno: -2,
  code: 'ENOENT',
  syscall: 'lstat',
  path: '/home/rxz/dev/micellevenv'
}
2023-09-18 10:57:50.056 [warning] Identifier for virt-virtualenv failed to identify /home/rxz/dev/micellevenv [Error: ENOENT: no such file or directory, scandir '/home/rxz/dev'] {
  errno: -2,
  code: 'ENOENT',
  syscall: 'scandir',
  path: '/home/rxz/dev'
}
2023-09-18 10:57:50.056 [warning] Identifier for virt-virtualenv failed to identify /home/rxz/dev/micellevenv [Error: ENOENT: no such file or directory, scandir '/home/rxz/dev'] {
  errno: -2,
  code: 'ENOENT',
  syscall: 'scandir',
  path: '/home/rxz/dev'
}
2023-09-18 10:57:50.056 [warning] Identifier for virt-virtualenv failed to identify /home/rxz/dev/micellevenv [Error: ENOENT: no such file or directory, scandir '/home/rxz/dev'] {
  errno: -2,
  code: 'ENOENT',
  syscall: 'scandir',
  path: '/home/rxz/dev'
}
2023-09-18 10:57:51.259 [warning] Failed to check if /home/rxz/dev/micellevenv is an executable [Error: ENOENT: no such file or directory, lstat '/home/rxz/dev/micellevenv'] {
  errno: -2,
  code: 'ENOENT',
  syscall: 'lstat',
  path: '/home/rxz/dev/micellevenv'
}
2023-09-18 10:57:51.259 [warning] Failed to check if /home/rxz/dev/micellevenv is an executable [Error: ENOENT: no such file or directory, lstat '/home/rxz/dev/micellevenv'] {
  errno: -2,
  code: 'ENOENT',
  syscall: 'lstat',
  path: '/home/rxz/dev/micellevenv'
}
2023-09-18 10:57:51.261 [warning] Identifier for virt-virtualenv failed to identify /home/rxz/dev/micellevenv [Error: ENOENT: no such file or directory, scandir '/home/rxz/dev'] {
  errno: -2,
  code: 'ENOENT',
  syscall: 'scandir',
  path: '/home/rxz/dev'
}
2023-09-18 10:57:51.261 [warning] Identifier for virt-virtualenv failed to identify /home/rxz/dev/micellevenv [Error: ENOENT: no such file or directory, scandir '/home/rxz/dev'] {
  errno: -2,
  code: 'ENOENT',
  syscall: 'scandir',
  path: '/home/rxz/dev'
}
2023-09-18 10:57:51.865 [info] > /home/rxz/dev/micellevenv -I ~/.vscode/extensions/ms-python.python-2023.16.0/pythonFiles/get_output_via_markers.py ~/.vscode/extensions/ms-python.python-2023.16.0/pythonFiles/interpreterInfo.py
2023-09-18 10:57:51.868 [error] Error: Command failed: /home/rxz/dev/micellevenv -I /home/rtviii/.vscode/extensions/ms-python.python-2023.16.0/pythonFiles/get_output_via_markers.py /home/rtviii/.vscode/extensions/ms-python.python-2023.16.0/pythonFiles/interpreterInfo.py
/bin/sh: line 1: /home/rxz/dev/micellevenv: No such file or directory

    at ChildProcess.exithandler (node:child_process:431:12)
    at ChildProcess.emit (node:events:513:28)
    at maybeClose (node:internal/child_process:1091:16)
    at Socket.<anonymous> (node:internal/child_process:449:11)
    at Socket.emit (node:events:513:28)
    at Pipe.<anonymous> (node:net:322:12) {
  code: 127,
  killed: false,
  signal: null,
  cmd: '/home/rxz/dev/micellevenv -I /home/rtviii/.vscode/extensions/ms-python.python-2023.16.0/pythonFiles/get_output_via_markers.py /home/rtviii/.vscode/extensions/ms-python.python-2023.16.0/pythonFiles/interpreterInfo.py'
}
2023-09-18 10:57:52.205 [warning] Failed to check if /home/rxz/dev/micellevenv is an executable [Error: ENOENT: no such file or directory, lstat '/home/rxz/dev/micellevenv'] {
  errno: -2,
  code: 'ENOENT',
  syscall: 'lstat',
  path: '/home/rxz/dev/micellevenv'
}
2023-09-18 10:57:52.210 [warning] Identifier for virt-virtualenv failed to identify /home/rxz/dev/micellevenv [Error: ENOENT: no such file or directory, scandir '/home/rxz/dev'] {
  errno: -2,
  code: 'ENOENT',
  syscall: 'scandir',
  path: '/home/rxz/dev'
}
2023-09-18 10:57:53.122 [info] Starting Pylance language server.
2023-09-18 10:57:53.125 [warning] Failed to check if /home/rxz/dev/micellevenv is an executable [Error: ENOENT: no such file or directory, lstat '/home/rxz/dev/micellevenv'] {
  errno: -2,
  code: 'ENOENT',
  syscall: 'lstat',
  path: '/home/rxz/dev/micellevenv'
}
2023-09-18 10:57:53.125 [warning] Failed to check if /home/rxz/dev/micellevenv is an executable [Error: ENOENT: no such file or directory, lstat '/home/rxz/dev/micellevenv'] {
  errno: -2,
  code: 'ENOENT',
  syscall: 'lstat',
  path: '/home/rxz/dev/micellevenv'
}
2023-09-18 10:57:53.128 [warning] Failed to check if /home/rxz/dev/micellevenv is an executable [Error: ENOENT: no such file or directory, lstat '/home/rxz/dev/micellevenv'] {
  errno: -2,
  code: 'ENOENT',
  syscall: 'lstat',
  path: '/home/rxz/dev/micellevenv'
}
2023-09-18 10:57:53.131 [warning] Identifier for virt-virtualenv failed to identify /home/rxz/dev/micellevenv [Error: ENOENT: no such file or directory, scandir '/home/rxz/dev'] {
  errno: -2,
  code: 'ENOENT',
  syscall: 'scandir',
  path: '/home/rxz/dev'
}
2023-09-18 10:57:53.131 [warning] Identifier for virt-virtualenv failed to identify /home/rxz/dev/micellevenv [Error: ENOENT: no such file or directory, scandir '/home/rxz/dev'] {
  errno: -2,
  code: 'ENOENT',
  syscall: 'scandir',
  path: '/home/rxz/dev'
}
2023-09-18 10:57:53.135 [warning] Identifier for virt-virtualenv failed to identify /home/rxz/dev/micellevenv [Error: ENOENT: no such file or directory, scandir '/home/rxz/dev'] {
  errno: -2,
  code: 'ENOENT',
  syscall: 'scandir',
  path: '/home/rxz/dev'
}
2023-09-18 10:57:53.139 [warning] Failed to check if /home/rxz/dev/micellevenv is an executable [Error: ENOENT: no such file or directory, lstat '/home/rxz/dev/micellevenv'] {
  errno: -2,
  code: 'ENOENT',
  syscall: 'lstat',
  path: '/home/rxz/dev/micellevenv'
}
2023-09-18 10:57:56.017 [info] > . ./venv/bin/activate && echo 'e8b39361-0157-4923-80e1-22d70d46dee6' && python ~/.vscode/extensions/ms-python.python-2023.16.0/pythonFiles/printEnvVariables.py
2023-09-18 10:57:56.018 [info] shell: bash
2023-09-18 10:57:56.018 [warning] Identifier for virt-virtualenv failed to identify /home/rxz/dev/micellevenv [Error: ENOENT: no such file or directory, scandir '/home/rxz/dev'] {
  errno: -2,
  code: 'ENOENT',
  syscall: 'scandir',
  path: '/home/rxz/dev'
}
2023-09-18 10:57:56.036 [info] > . ./venv/bin/activate && echo 'e8b39361-0157-4923-80e1-22d70d46dee6' && python ~/.vscode/extensions/ms-python.python-2023.16.0/pythonFiles/printEnvVariables.py
2023-09-18 10:57:56.036 [info] shell: bash
2023-09-18 10:58:54.007 [warning] Failed to check if /home/rxz/dev/micellevenv is an executable [Error: ENOENT: no such file or directory, lstat '/home/rxz/dev/micellevenv'] {
  errno: -2,
  code: 'ENOENT',
  syscall: 'lstat',
  path: '/home/rxz/dev/micellevenv'
}
2023-09-18 10:58:54.011 [warning] Identifier for virt-virtualenv failed to identify /home/rxz/dev/micellevenv [Error: ENOENT: no such file or directory, scandir '/home/rxz/dev'] {
  errno: -2,
  code: 'ENOENT',
  syscall: 'scandir',
  path: '/home/rxz/dev'
}
2023-09-18 10:59:00.833 [warning] Failed to check if /home/rxz/dev/micellevenv is an executable [Error: ENOENT: no such file or directory, lstat '/home/rxz/dev/micellevenv'] {
  errno: -2,
  code: 'ENOENT',
  syscall: 'lstat',
  path: '/home/rxz/dev/micellevenv'
}
2023-09-18 10:59:00.836 [warning] Identifier for virt-virtualenv failed to identify /home/rxz/dev/micellevenv [Error: ENOENT: no such file or directory, scandir '/home/rxz/dev'] {
  errno: -2,
  code: 'ENOENT',
  syscall: 'scandir',
  path: '/home/rxz/dev'
}
2023-09-18 10:59:03.796 [warning] Failed to check if /home/rxz/dev/micellevenv is an executable [Error: ENOENT: no such file or directory, lstat '/home/rxz/dev/micellevenv'] {
  errno: -2,
  code: 'ENOENT',
  syscall: 'lstat',
  path: '/home/rxz/dev/micellevenv'
}
2023-09-18 10:59:03.799 [warning] Identifier for virt-virtualenv failed to identify /home/rxz/dev/micellevenv [Error: ENOENT: no such file or directory, scandir '/home/rxz/dev'] {
  errno: -2,
  code: 'ENOENT',
  syscall: 'scandir',
  path: '/home/rxz/dev'
}
2023-09-18 10:59:05.874 [warning] Failed to check if /home/rxz/dev/micellevenv is an executable [Error: ENOENT: no such file or directory, lstat '/home/rxz/dev/micellevenv'] {
  errno: -2,
  code: 'ENOENT',
  syscall: 'lstat',
  path: '/home/rxz/dev/micellevenv'
}
2023-09-18 10:59:05.876 [warning] Identifier for virt-virtualenv failed to identify /home/rxz/dev/micellevenv [Error: ENOENT: no such file or directory, scandir '/home/rxz/dev'] {
  errno: -2,
  code: 'ENOENT',
  syscall: 'scandir',
  path: '/home/rxz/dev'
}
2023-09-18 10:59:19.355 [warning] Failed to check if /home/rxz/dev/micellevenv is an executable [Error: ENOENT: no such file or directory, lstat '/home/rxz/dev/micellevenv'] {
  errno: -2,
  code: 'ENOENT',
  syscall: 'lstat',
  path: '/home/rxz/dev/micellevenv'
}
2023-09-18 10:59:19.359 [warning] Identifier for virt-virtualenv failed to identify /home/rxz/dev/micellevenv [Error: ENOENT: no such file or directory, scandir '/home/rxz/dev'] {
  errno: -2,
  code: 'ENOENT',
  syscall: 'scandir',
  path: '/home/rxz/dev'
}
2023-09-18 10:59:41.298 [warning] Failed to check if /home/rxz/dev/micellevenv is an executable [Error: ENOENT: no such file or directory, lstat '/home/rxz/dev/micellevenv'] {
  errno: -2,
  code: 'ENOENT',
  syscall: 'lstat',
  path: '/home/rxz/dev/micellevenv'
}
2023-09-18 10:59:41.301 [warning] Identifier for virt-virtualenv failed to identify /home/rxz/dev/micellevenv [Error: ENOENT: no such file or directory, scandir '/home/rxz/dev'] {
  errno: -2,
  code: 'ENOENT',
  syscall: 'scandir',
  path: '/home/rxz/dev'
}
2023-09-18 10:59:41.303 [warning] Failed to check if /home/rxz/dev/micellevenv is an executable [Error: ENOENT: no such file or directory, lstat '/home/rxz/dev/micellevenv'] {
  errno: -2,
  code: 'ENOENT',
  syscall: 'lstat',
  path: '/home/rxz/dev/micellevenv'
}
2023-09-18 10:59:41.304 [warning] Identifier for virt-virtualenv failed to identify /home/rxz/dev/micellevenv [Error: ENOENT: no such file or directory, scandir '/home/rxz/dev'] {
  errno: -2,
  code: 'ENOENT',
  syscall: 'scandir',
  path: '/home/rxz/dev'
}
2023-09-18 10:59:43.830 [warning] Failed to check if /home/rxz/dev/micellevenv is an executable [Error: ENOENT: no such file or directory, lstat '/home/rxz/dev/micellevenv'] {
  errno: -2,
  code: 'ENOENT',
  syscall: 'lstat',
  path: '/home/rxz/dev/micellevenv'
}
2023-09-18 10:59:43.838 [warning] Identifier for virt-virtualenv failed to identify /home/rxz/dev/micellevenv [Error: ENOENT: no such file or directory, scandir '/home/rxz/dev'] {
  errno: -2,
  code: 'ENOENT',
  syscall: 'scandir',
  path: '/home/rxz/dev'
}
