2023-09-18 19:39:34.966 [info] Experiment 'pythonPromptNewFormatterExt' is active
2023-09-18 19:39:34.966 [info] Experiment 'pythonPromptNewToolsExt' is active
2023-09-18 19:39:34.966 [info] Experiment 'pythonTestAdaptercf' is active
2023-09-18 19:39:34.966 [info] VS Code was launched from an activated environment: 'ribxzvenv', selecting it as the interpreter for workspace.
2023-09-18 19:39:34.966 [info] Test server listening.
2023-09-18 19:39:34.966 [info] > conda info --json
2023-09-18 19:39:35.062 [info] Found: /bin/python --> /bin/python3.11
2023-09-18 19:39:35.105 [info] Found: /bin/python3 --> /bin/python3.11
2023-09-18 19:39:35.106 [info] Found: /bin/python3.11 --> /bin/python3.11
2023-09-18 19:39:35.131 [info] > ~/dev/ribxzvenv/bin/python -I ~/.vscode/extensions/ms-python.python-2023.16.0/pythonFiles/get_output_via_markers.py ~/.vscode/extensions/ms-python.python-2023.16.0/pythonFiles/interpreterInfo.py
2023-09-18 19:39:35.143 [info] Found: /sbin/python --> /sbin/python3.11
2023-09-18 19:39:35.143 [info] Found: /sbin/python3 --> /sbin/python3.11
2023-09-18 19:39:35.143 [info] Found: /sbin/python3.11 --> /sbin/python3.11
2023-09-18 19:39:35.147 [info] Found: /usr/bin/python --> /usr/bin/python3.11
2023-09-18 19:39:35.148 [info] Found: /usr/bin/python3 --> /usr/bin/python3.11
2023-09-18 19:39:35.148 [info] Found: /usr/bin/python3.11 --> /usr/bin/python3.11
2023-09-18 19:39:35.171 [info] Python interpreter path: ~/dev/ribxzvenv/bin/python
2023-09-18 19:39:35.353 [info] > . ~/dev/ribxzvenv/bin/activate && echo 'e8b39361-0157-4923-80e1-22d70d46dee6' && python ~/.vscode/extensions/ms-python.python-2023.16.0/pythonFiles/printEnvVariables.py
2023-09-18 19:39:35.353 [info] shell: bash
2023-09-18 19:39:36.147 [info] Found: /usr/sbin/python --> /usr/sbin/python3.11
2023-09-18 19:39:36.199 [info] Found: /usr/sbin/python3 --> /usr/sbin/python3.11
2023-09-18 19:39:36.224 [info] Found: /usr/sbin/python3.11 --> /usr/sbin/python3.11
2023-09-18 19:39:36.641 [info] Found: /home/rtviii/dev/ribxzvenv/bin/python --> /usr/bin/python3.11
2023-09-18 19:39:36.741 [info] Found: /home/rtviii/dev/ribxzvenv/bin/python3 --> /usr/bin/python3.11
2023-09-18 19:39:36.756 [info] Found: /home/rtviii/dev/ribxzvenv/bin/python3.11 --> /usr/bin/python3.11
2023-09-18 19:39:36.788 [info] > /bin/python -I ~/.vscode/extensions/ms-python.python-2023.16.0/pythonFiles/get_output_via_markers.py ~/.vscode/extensions/ms-python.python-2023.16.0/pythonFiles/interpreterInfo.py
2023-09-18 19:39:36.820 [info] > /sbin/python -I ~/.vscode/extensions/ms-python.python-2023.16.0/pythonFiles/get_output_via_markers.py ~/.vscode/extensions/ms-python.python-2023.16.0/pythonFiles/interpreterInfo.py
2023-09-18 19:39:36.889 [info] > /usr/bin/python -I ~/.vscode/extensions/ms-python.python-2023.16.0/pythonFiles/get_output_via_markers.py ~/.vscode/extensions/ms-python.python-2023.16.0/pythonFiles/interpreterInfo.py
2023-09-18 19:39:36.937 [info] > /usr/sbin/python -I ~/.vscode/extensions/ms-python.python-2023.16.0/pythonFiles/get_output_via_markers.py ~/.vscode/extensions/ms-python.python-2023.16.0/pythonFiles/interpreterInfo.py
2023-09-18 19:39:37.490 [warning] Retry failed, storage update failed for key PYTHON_ENV_INFO_CACHE
2023-09-18 19:39:38.431 [info] Starting Pylance language server.
2023-09-18 19:39:40.161 [info] Discover tests for workspace name: undefined - uri: /home/rtviii/.config/Code/User/settings.json
2023-09-18 19:39:58.217 [info] Experiment 'pythonPromptNewFormatterExt' is active
2023-09-18 19:39:58.217 [info] Experiment 'pythonPromptNewToolsExt' is active
2023-09-18 19:39:58.217 [info] Experiment 'pythonTestAdaptercf' is active
2023-09-18 19:39:58.217 [info] VS Code was launched from an activated environment: 'ribxzvenv', selecting it as the interpreter for workspace.
2023-09-18 19:39:58.219 [info] Test server listening.
2023-09-18 19:39:58.230 [info] > conda info --json
2023-09-18 19:39:58.494 [info] Found: /bin/python --> /bin/python3.11
2023-09-18 19:39:58.542 [info] Found: /bin/python3 --> /bin/python3.11
2023-09-18 19:39:58.544 [info] Found: /bin/python3.11 --> /bin/python3.11
2023-09-18 19:39:58.574 [info] > ~/dev/ribxzvenv/bin/python -I ~/.vscode/extensions/ms-python.python-2023.16.0/pythonFiles/get_output_via_markers.py ~/.vscode/extensions/ms-python.python-2023.16.0/pythonFiles/interpreterInfo.py
2023-09-18 19:39:58.577 [info] Found: /sbin/python --> /sbin/python3.11
2023-09-18 19:39:58.578 [info] Found: /sbin/python3 --> /sbin/python3.11
2023-09-18 19:39:58.580 [info] Found: /sbin/python3.11 --> /sbin/python3.11
2023-09-18 19:39:58.614 [info] Python interpreter path: ~/dev/ribxzvenv/bin/python
2023-09-18 19:39:58.637 [info] Found: /usr/bin/python --> /usr/bin/python3.11
2023-09-18 19:39:58.640 [info] Found: /usr/bin/python3 --> /usr/bin/python3.11
2023-09-18 19:39:58.640 [info] Found: /usr/bin/python3.11 --> /usr/bin/python3.11
2023-09-18 19:39:58.661 [info] Found: /usr/sbin/python --> /usr/sbin/python3.11
2023-09-18 19:39:58.661 [info] Found: /usr/sbin/python3 --> /usr/sbin/python3.11
2023-09-18 19:39:58.661 [info] Found: /usr/sbin/python3.11 --> /usr/sbin/python3.11
2023-09-18 19:39:58.662 [info] Found: /home/rtviii/dev/ribxzvenv/bin/python --> /usr/bin/python3.11
2023-09-18 19:39:58.662 [info] Found: /home/rtviii/dev/ribxzvenv/bin/python3 --> /usr/bin/python3.11
2023-09-18 19:39:58.663 [info] Found: /home/rtviii/dev/ribxzvenv/bin/python3.11 --> /usr/bin/python3.11
2023-09-18 19:39:58.771 [info] > . ~/dev/ribxzvenv/bin/activate && echo 'e8b39361-0157-4923-80e1-22d70d46dee6' && python ~/.vscode/extensions/ms-python.python-2023.16.0/pythonFiles/printEnvVariables.py
2023-09-18 19:39:58.771 [info] shell: bash
2023-09-18 19:39:58.856 [info] > /bin/python -I ~/.vscode/extensions/ms-python.python-2023.16.0/pythonFiles/get_output_via_markers.py ~/.vscode/extensions/ms-python.python-2023.16.0/pythonFiles/interpreterInfo.py
2023-09-18 19:39:58.918 [info] > /sbin/python -I ~/.vscode/extensions/ms-python.python-2023.16.0/pythonFiles/get_output_via_markers.py ~/.vscode/extensions/ms-python.python-2023.16.0/pythonFiles/interpreterInfo.py
2023-09-18 19:39:58.965 [info] > /usr/bin/python -I ~/.vscode/extensions/ms-python.python-2023.16.0/pythonFiles/get_output_via_markers.py ~/.vscode/extensions/ms-python.python-2023.16.0/pythonFiles/interpreterInfo.py
2023-09-18 19:40:00.183 [info] > /usr/sbin/python -I ~/.vscode/extensions/ms-python.python-2023.16.0/pythonFiles/get_output_via_markers.py ~/.vscode/extensions/ms-python.python-2023.16.0/pythonFiles/interpreterInfo.py
2023-09-18 19:40:00.948 [warning] Retry failed, storage update failed for key PYTHON_ENV_INFO_CACHE
2023-09-18 19:40:00.983 [warning] Retry failed, storage update failed for key PYTHON_ENV_INFO_CACHE
2023-09-18 19:40:01.833 [info] Starting Pylance language server.
2023-09-18 19:40:38.912 [info] Discover tests for workspace name: undefined - uri: /home/rtviii/.config/Code/User/settings.json
2023-09-18 19:41:34.211 [info] Discover tests for workspace name: undefined - uri: /home/rtviii/.config/Code/User/settings.json
2023-09-18 19:42:00.969 [info] Discover tests for workspace name: undefined - uri: /home/rtviii/.config/Code/User/settings.json
2023-09-18 19:42:37.936 [info] Discover tests for workspace name: riboxyz - uri: /home/rtviii/dev/riboxyz
2023-09-18 19:43:55.717 [info] Discover tests for workspace name: riboxyz - uri: /home/rtviii/dev/riboxyz/scripts/test.py
2023-09-18 19:44:07.655 [info] Discover tests for workspace name: undefined - uri: /home/rtviii/.config/Code/User/settings.json
2023-09-18 19:44:11.877 [info] Discover tests for workspace name: undefined - uri: /home/rtviii/.config/Code/User/settings.json
2023-09-18 19:44:33.833 [info] Discover tests for workspace name: undefined - uri: /home/rtviii/.config/Code/User/settings.json
2023-09-18 19:44:38.823 [info] Discover tests for workspace name: undefined - uri: /home/rtviii/.config/Code/User/settings.json
2023-09-18 19:45:07.324 [info] Discover tests for workspace name: undefined - uri: /home/rtviii/.config/Code/User/settings.json
2023-09-18 19:45:09.979 [info] Discover tests for workspace name: undefined - uri: /home/rtviii/.config/Code/User/settings.json
2023-09-18 19:45:14.098 [info] Discover tests for workspace name: undefined - uri: /home/rtviii/.config/Code/User/settings.json
2023-09-18 19:45:14.853 [info] Discover tests for workspace name: undefined - uri: /home/rtviii/.config/Code/User/settings.json
2023-09-18 19:45:15.340 [info] Discover tests for workspace name: undefined - uri: /home/rtviii/.config/Code/User/settings.json
2023-09-18 19:45:15.981 [info] Discover tests for workspace name: undefined - uri: /home/rtviii/.config/Code/User/settings.json
2023-09-18 19:45:27.637 [info] Discover tests for workspace name: undefined - uri: /home/rtviii/.config/Code/User/settings.json
2023-09-18 19:45:33.389 [info] Discover tests for workspace name: undefined - uri: /home/rtviii/.config/Code/User/settings.json
2023-09-18 19:45:39.907 [info] Discover tests for workspace name: undefined - uri: /home/rtviii/.config/Code/User/settings.json
2023-09-18 19:45:40.679 [info] Discover tests for workspace name: undefined - uri: /home/rtviii/.config/Code/User/settings.json
2023-09-18 19:45:42.735 [info] Discover tests for workspace name: undefined - uri: /home/rtviii/.config/Code/User/settings.json
2023-09-18 19:45:44.977 [info] Discover tests for workspace name: undefined - uri: /home/rtviii/.config/Code/User/settings.json
2023-09-18 19:45:45.901 [info] Discover tests for workspace name: undefined - uri: /home/rtviii/.config/Code/User/settings.json
