2023-09-18 14:26:31.377 [info] Added views:workbench.panel.markers.view in workbench.panel.markers
2023-09-18 14:26:31.377 [info] Added views:workbench.panel.output in workbench.panel.output
2023-09-18 14:26:31.377 [info] Added views:terminal in terminal
2023-09-18 14:26:31.377 [info] Added views:outline in workbench.view.explorer
2023-09-18 14:26:31.377 [info] Added views:workbench.scm in workbench.view.scm
2023-09-18 14:26:31.377 [info] Added views:workbench.view.search in workbench.view.search
2023-09-18 14:26:31.377 [info] Added views:timeline in workbench.view.explorer
2023-09-18 14:26:31.377 [info] Added views:workbench.explorer.fileView in workbench.view.explorer
2023-09-18 14:26:31.627 [info] Added views:bookmarksExplorer,bookmarksHelpAndFeedback in workbench.view.extension.bookmarks
2023-09-18 14:26:31.627 [info] Added views:gitlens.views.home,gitlens.views.workspaces,gitlens.views.account in workbench.view.extension.gitlens
2023-09-18 14:26:31.627 [info] Added views:gitlens.views.commitDetails,gitlens.views.lineHistory,gitlens.views.fileHistory,gitlens.views.searchAndCompare in workbench.view.extension.gitlensInspect
2023-09-18 14:26:31.628 [info] Added views:gitlens.views.commits,gitlens.views.branches,gitlens.views.remotes,gitlens.views.stashes,gitlens.views.tags,gitlens.views.contributors in workbench.view.scm
2023-09-18 14:26:31.628 [info] Added views:dockerContainers,dockerImages,dockerRegistries,dockerNetworks,dockerVolumes,vscode-docker.views.dockerContexts,vscode-docker.views.help in workbench.view.extension.dockerView
2023-09-18 14:26:31.792 [info] Added views:workbench.debug.welcome in workbench.view.debug
2023-09-18 14:26:32.010 [info] Added views:workbench.panel.repl.view in workbench.panel.repl
2023-09-18 14:26:32.921 [info] Added views:workbench.view.testing in workbench.view.extension.test
2023-09-18 14:26:33.466 [info] Added views:~remote.forwardedPorts in ~remote.forwardedPortsContainer
2023-09-18 14:26:34.943 [info] Added views:gitlens.views.graph,gitlens.views.graphDetails in workbench.view.extension.gitlensPanel
2023-09-18 14:26:34.944 [info] Added views:gitlens.views.timeline in workbench.view.extension.gitlensInspect
2023-09-18 14:26:34.946 [info] Added views:gitlens.views.worktrees in workbench.view.scm
2023-09-18 18:40:07.813 [info] Added views:references-view.tree in workbench.view.extension.references-view
2023-09-18 19:10:16.740 [info] Added views:workbench.views.extensions.installed,workbench.views.extensions.popular,extensions.recommendedList in workbench.view.extensions
2023-09-18 19:10:16.743 [info] Removed views:workbench.views.extensions.popular from workbench.view.extensions
2023-09-18 19:10:19.771 [info] Removed views:extensions.recommendedList,workbench.views.extensions.installed from workbench.view.extensions
2023-09-18 19:10:19.782 [info] Added views:workbench.views.extensions.marketplace in workbench.view.extensions
2023-09-18 19:16:44.039 [info] Removed views:workbench.views.extensions.marketplace from workbench.view.extensions
2023-09-18 19:16:44.063 [info] Added views:workbench.views.extensions.installed,extensions.recommendedList in workbench.view.extensions
2023-09-18 19:16:46.555 [info] Removed views:extensions.recommendedList,workbench.views.extensions.installed from workbench.view.extensions
2023-09-18 19:16:46.571 [info] Added views:workbench.views.extensions.marketplace in workbench.view.extensions
2023-09-18 19:33:38.624 [info] Removed views:workbench.views.extensions.marketplace from workbench.view.extensions
2023-09-18 19:33:38.652 [info] Added views:workbench.views.extensions.installed,extensions.recommendedList in workbench.view.extensions
2023-09-18 19:33:44.181 [info] Removed views:extensions.recommendedList,workbench.views.extensions.installed from workbench.view.extensions
2023-09-18 19:33:44.198 [info] Added views:workbench.views.extensions.marketplace in workbench.view.extensions
2023-09-18 19:34:11.840 [info] Removed views:workbench.view.testing from workbench.view.extension.test
