2023-09-18 19:34:24.356 [info] Configuration changed
2023-09-18 19:34:24.979 [info] Configuration changed
2023-09-18 19:34:59.411 [warning] invalid cursor position. [[611, 24] | [611, 24]].
2023-09-18 19:34:59.508 [info] Configuration changed
2023-09-18 19:35:24.732 [info] Configuration changed
2023-09-18 19:35:44.477 [info] Searching for python
2023-09-18 19:35:56.673 [warning] invalid cursor position. [[612, 45] | [612, 45]].
2023-09-18 19:35:56.835 [warning] invalid cursor position. [[611, 45] | [611, 45]].
2023-09-18 19:35:57.006 [warning] invalid cursor position. [[610, 45] | [610, 45]].
2023-09-18 19:35:59.799 [info] Configuration changed
2023-09-18 19:36:09.975 [warning] invalid cursor position. [[282, 46] | [282, 46]].
2023-09-18 19:36:11.460 [info] Configuration changed
2023-09-18 19:36:15.830 [info] Configuration changed
2023-09-18 19:36:20.519 [info] Configuration changed
2023-09-18 19:36:33.151 [info] Searching for color
2023-09-18 19:36:43.327 [info] Configuration changed
2023-09-18 19:36:45.651 [info] Configuration changed
2023-09-18 19:36:48.932 [info] Configuration changed
2023-09-18 19:36:54.136 [info] Configuration changed
2023-09-18 19:36:55.535 [info] Configuration changed
2023-09-18 19:36:57.193 [info] Configuration changed
2023-09-18 19:36:58.317 [info] Configuration changed
2023-09-18 19:37:00.001 [info] Configuration changed
2023-09-18 19:37:02.583 [info] Configuration changed
2023-09-18 19:37:19.603 [warning] invalid cursor position. [[281, 41] | [281, 41]].
2023-09-18 19:37:24.124 [info] /settings/user closed
2023-09-18 19:37:25.244 [info] /settings/resourceLanguage closed
2023-09-18 19:37:25.321 [info] /launch closed
2023-09-18 19:37:25.324 [info] /token-styling closed
2023-09-18 19:37:25.781 [info] /textmate-colors closed
2023-09-18 19:37:25.856 [info] /workbench-colors closed
2023-09-18 19:37:26.308 [info] /ignoredSettings closed
2023-09-18 19:37:50.933 [info] Active editor: file:///home/rtviii/dev/riboxyz/scripts/test.py
2023-09-18 19:38:20.426 [info] Active editor: vscode-userdata:/home/rtviii/.config/Code/User/settings.json
2023-09-18 19:38:28.525 [info] Configuration changed
2023-09-18 19:38:44.015 [info] Configuration changed
2023-09-18 19:38:47.569 [warning] invalid cursor position. [[616, 44] | [616, 44]].
2023-09-18 19:38:47.692 [warning] invalid cursor position. [[617, 44] | [617, 44]].
2023-09-18 19:38:47.839 [warning] invalid cursor position. [[618, 44] | [618, 44]].
2023-09-18 19:38:48.005 [warning] invalid cursor position. [[619, 44] | [619, 44]].
2023-09-18 19:38:48.145 [warning] invalid cursor position. [[620, 44] | [620, 44]].
2023-09-18 19:38:48.323 [warning] invalid cursor position. [[621, 44] | [621, 44]].
2023-09-18 19:38:49.291 [warning] invalid cursor position. [[620, 44] | [620, 44]].
2023-09-18 19:38:49.472 [warning] invalid cursor position. [[619, 44] | [619, 44]].
2023-09-18 19:38:49.669 [warning] invalid cursor position. [[620, 44] | [620, 44]].
2023-09-18 19:38:49.820 [warning] invalid cursor position. [[621, 44] | [621, 44]].
2023-09-18 19:38:50.213 [warning] invalid cursor position. [[621, 44] | [621, 44]].
2023-09-18 19:38:50.399 [warning] invalid cursor position. [[620, 44] | [620, 44]].
2023-09-18 19:38:50.622 [warning] invalid cursor position. [[621, 44] | [621, 44]].
2023-09-18 19:38:51.206 [warning] invalid cursor position. [[620, 44] | [620, 44]].
2023-09-18 19:38:51.364 [warning] invalid cursor position. [[619, 44] | [619, 44]].
2023-09-18 19:38:51.538 [warning] invalid cursor position. [[620, 44] | [620, 44]].
2023-09-18 19:38:51.704 [warning] invalid cursor position. [[621, 44] | [621, 44]].
2023-09-18 19:38:55.410 [info] Configuration changed
2023-09-18 19:39:12.644 [info] Active editor: file:///home/rtviii/dev/riboxyz/scripts/test.py
2023-09-18 19:39:13.666 [info] Active editor: vscode-userdata:/home/rtviii/.config/Code/User/settings.json
2023-09-18 19:39:18.167 [info] Configuration changed
